Level,Date and Time,Source,Event ID,Task Category
Information,31-10-2023 20:20:06,Service Control Manager,7040,None,The start type of the Background Intelligent Transfer Service service was changed from auto start to demand start.
Information,31-10-2023 20:16:09,Service Control Manager,7040,None,The start type of the Background Intelligent Transfer Service service was changed from demand start to auto start.
Information,31-10-2023 20:15:09,Microsoft-Windows-IsolatedUserMode,5,None,Secure Trustlet NULL Id 0 and Pid 0 started with status STATUS_SUCCESS.
Information,31-10-2023 20:15:09,Microsoft-Windows-IsolatedUserMode,2,None,Secure Trustlet Id 0 and Pid 0 stopped with status STATUS_SUCCESS.
Information,31-10-2023 20:14:59,Microsoft-Windows-IsolatedUserMode,5,None,Secure Trustlet NULL Id 0 and Pid 0 started with status STATUS_SUCCESS.
Information,31-10-2023 20:14:18,Microsoft-Windows-IsolatedUserMode,2,None,Secure Trustlet Id 0 and Pid 0 stopped with status STATUS_SUCCESS.
Information,31-10-2023 20:14:10,Microsoft-Windows-IsolatedUserMode,5,None,Secure Trustlet NULL Id 0 and Pid 0 started with status STATUS_SUCCESS.
Warning,31-10-2023 19:44:31,Microsoft-Windows-DistributedCOM,10016,None,"The application-specific permission settings do not grant Local Activation permission for the COM Server application with CLSID 
{2593F8B9-4EAF-457C-B68A-50F6B8EA6B54}
 and APPID 
{15C20B67-12E7-4BB6-92BB-7AFF07997402}
 to the user DESKTOP-SGF9A33\chana SID (S-1-5-21-3444099338-3253721846-659789935-1001) from address LocalHost (Using LRPC) running in the application container MicrosoftWindows.Client.WebExperience_423.23500.0.0_x64__cw5n1h2txyewy SID (Unavailable). This security permission can be modified using the Component Services administrative tool."
Warning,31-10-2023 19:41:42,Netwtw08,6062,None,6062 - Lso was triggered
Warning,31-10-2023 19:41:42,hcmon,0,None,Detected unrecognized USB driver (\Driver\USBPcap).
Information,31-10-2023 19:41:41,Netwtw08,7021,None,7021 - Connection telemetry fields and analysis usage
Warning,31-10-2023 19:41:40,hcmon,0,None,Detected unrecognized USB driver (\Driver\USBPcap).
Information,31-10-2023 19:41:39,BTHUSB,18,None,Windows cannot store Bluetooth authentication codes (link keys) on the local adapter. Bluetooth keyboards might not work in the system BIOS during startup.
Information,31-10-2023 19:41:38,Microsoft-Windows-Kernel-Power,566,(268),"The system session has transitioned from 23 to 25.

Reason PolicyChange 

BootId: 59"
Information,31-10-2023 19:41:38,Microsoft-Windows-Kernel-Power,507,(158),"The system is exiting Modern Standby 

Reason: Lid."
Information,31-10-2023 19:41:38,Microsoft-Windows-Power-Troubleshooter,1,None,"The system has returned from a low power state.

Sleep Time: ‎2023‎-‎10‎-‎31T12:03:23.906230600Z
Wake Time: ‎2023‎-‎10‎-‎31T14:11:38.200444500Z

Wake Source: Unknown"
Warning,31-10-2023 19:41:38,Microsoft-Windows-Time-Service,134,None,"NtpClient was unable to set a manual peer to use as a time source because of DNS resolution error on 'time.windows.com,0x9'. NtpClient will try again in 15 minutes and double the reattempt interval thereafter. The error was: No such host is known. (0x80072AF9)"
Information,31-10-2023 19:41:38,Microsoft-Windows-Kernel-Power,506,(157),"The system is entering Modern Standby 

Reason: Sleep, Hibernate, or Shutdown."
Information,31-10-2023 19:41:38,Microsoft-Windows-Kernel-Power,566,(268),"The system session has transitioned from 22 to 23.

Reason SxTransition 

BootId: 59"
Information,31-10-2023 19:41:38,Microsoft-Windows-Kernel-Boot,32,(58),The bootmgr spent 0 ms waiting for user input.
Information,31-10-2023 19:41:38,Microsoft-Windows-Kernel-Boot,18,(57),There are 0x1 boot options on this system.
Information,31-10-2023 19:41:38,Microsoft-Windows-Kernel-Boot,30,(21),The firmware reported boot metrics.
Information,31-10-2023 19:41:37,Netwtw08,7025,None,7025 - Dump after return from D3 before cmd 
Information,31-10-2023 19:41:37,Microsoft-Windows-Kernel-Power,105,(100),Power source change.
Warning,31-10-2023 19:41:37,Win32k,701,None,Power Manager has not requested suppression of all input (INPUT_SUPPRESS_REQUEST=0)
Warning,31-10-2023 19:41:37,Win32k,701,None,Power Manager has not requested suppression of all input (INPUT_SUPPRESS_REQUEST=0)
Information,31-10-2023 19:41:37,Microsoft-Windows-Kernel-General,1,(5),"The system time has changed to ‎2023‎-‎10‎-‎31T14:11:37.500000000Z from ‎2023‎-‎10‎-‎31T12:03:30.418317200Z.
Time Delta: 7687081 ms

Change Reason: System time synchronized with the hardware clock.
Process: '' (PID 4).

RTC time: ‎2023‎-‎10‎-‎31T19:41:37.500000000Z
Current time zone bias: -330
RTC time is in UTC: false
System time was based on RTC time: false"
Information,31-10-2023 17:33:30,Microsoft-Windows-Kernel-Power,107,(102),The system has resumed from sleep.
Information,31-10-2023 17:33:30,Netwtw08,7021,None,7021 - Connection telemetry fields and analysis usage
Information,31-10-2023 17:33:27,Microsoft-Windows-Kernel-Power,42,(64),"The system is entering sleep.

Sleep Reason: Button or Lid"
Warning,31-10-2023 17:33:24,Win32k,700,None,Power Manager has requested suppression of all input (INPUT_SUPPRESS_REQUEST=1)
Warning,31-10-2023 17:33:24,Win32k,700,None,Power Manager has requested suppression of all input (INPUT_SUPPRESS_REQUEST=1)
Information,31-10-2023 17:33:24,Microsoft-Windows-Kernel-Power,566,(268),"The system session has transitioned from 21 to 22.

Reason InputAccelerometer 

BootId: 59"
Information,31-10-2023 17:33:23,Netwtw08,7021,None,7021 - Connection telemetry fields and analysis usage
Information,31-10-2023 17:33:23,Netwtw08,7021,None,7021 - Connection telemetry fields and analysis usage
Information,31-10-2023 17:33:22,Netwtw08,7021,None,7021 - Connection telemetry fields and analysis usage
Information,31-10-2023 17:33:21,Netwtw08,7021,None,7021 - Connection telemetry fields and analysis usage
Information,31-10-2023 17:33:20,Netwtw08,7021,None,7021 - Connection telemetry fields and analysis usage
Information,31-10-2023 17:33:20,Netwtw08,7021,None,7021 - Connection telemetry fields and analysis usage
Information,31-10-2023 17:33:20,Netwtw08,7021,None,7021 - Connection telemetry fields and analysis usage
Information,31-10-2023 17:33:20,Netwtw08,7021,None,7021 - Connection telemetry fields and analysis usage
Information,31-10-2023 17:33:20,Netwtw08,7021,None,7021 - Connection telemetry fields and analysis usage
Information,31-10-2023 17:33:20,Netwtw08,7021,None,7021 - Connection telemetry fields and analysis usage
Information,31-10-2023 17:33:20,Netwtw08,7021,None,7021 - Connection telemetry fields and analysis usage
Information,31-10-2023 17:33:19,Netwtw08,7021,None,7021 - Connection telemetry fields and analysis usage
Information,31-10-2023 17:33:14,Netwtw08,7021,None,7021 - Connection telemetry fields and analysis usage
Information,31-10-2023 17:33:08,Netwtw08,7021,None,7021 - Connection telemetry fields and analysis usage
Information,31-10-2023 17:33:08,Netwtw08,7021,None,7021 - Connection telemetry fields and analysis usage
Information,31-10-2023 17:33:08,Netwtw08,7021,None,7021 - Connection telemetry fields and analysis usage
Information,31-10-2023 17:33:07,Netwtw08,7021,None,7021 - Connection telemetry fields and analysis usage
Information,31-10-2023 17:33:06,Netwtw08,7021,None,7021 - Connection telemetry fields and analysis usage
Information,31-10-2023 17:33:05,Netwtw08,7021,None,7021 - Connection telemetry fields and analysis usage
Information,31-10-2023 17:32:56,Netwtw08,7021,None,7021 - Connection telemetry fields and analysis usage
Information,31-10-2023 17:32:56,Netwtw08,7021,None,7021 - Connection telemetry fields and analysis usage
Information,31-10-2023 17:32:56,Netwtw08,7021,None,7021 - Connection telemetry fields and analysis usage
Information,31-10-2023 17:32:55,Netwtw08,7021,None,7021 - Connection telemetry fields and analysis usage
Information,31-10-2023 17:32:54,Netwtw08,7021,None,7021 - Connection telemetry fields and analysis usage
Information,31-10-2023 17:32:54,Netwtw08,7021,None,7021 - Connection telemetry fields and analysis usage
Information,31-10-2023 17:32:53,Netwtw08,7021,None,7021 - Connection telemetry fields and analysis usage
Warning,31-10-2023 17:32:50,Microsoft-Windows-Time-Service,134,None,"NtpClient was unable to set a manual peer to use as a time source because of DNS resolution error on 'time.windows.com,0x9'. NtpClient will try again in 15 minutes and double the reattempt interval thereafter. The error was: No such host is known. (0x80072AF9)"
Information,31-10-2023 17:32:46,Netwtw08,7021,None,7021 - Connection telemetry fields and analysis usage
Information,31-10-2023 17:32:40,Netwtw08,7021,None,7021 - Connection telemetry fields and analysis usage
Information,31-10-2023 17:32:40,Netwtw08,7021,None,7021 - Connection telemetry fields and analysis usage
Information,31-10-2023 17:32:40,Netwtw08,7021,None,7021 - Connection telemetry fields and analysis usage
Information,31-10-2023 17:32:39,Netwtw08,7021,None,7021 - Connection telemetry fields and analysis usage
Information,31-10-2023 17:32:38,Netwtw08,7021,None,7021 - Connection telemetry fields and analysis usage
Information,31-10-2023 17:32:37,Netwtw08,7021,None,7021 - Connection telemetry fields and analysis usage
Information,31-10-2023 17:32:30,Service Control Manager,7040,None,The start type of the Background Intelligent Transfer Service service was changed from auto start to demand start.
Information,31-10-2023 17:32:29,Netwtw08,7021,None,7021 - Connection telemetry fields and analysis usage
Information,31-10-2023 17:32:29,Netwtw08,7021,None,7021 - Connection telemetry fields and analysis usage
Information,31-10-2023 17:32:28,Netwtw08,7021,None,7021 - Connection telemetry fields and analysis usage
Information,31-10-2023 17:32:27,Netwtw08,7021,None,7021 - Connection telemetry fields and analysis usage
Information,31-10-2023 17:32:26,Netwtw08,7021,None,7021 - Connection telemetry fields and analysis usage
Information,31-10-2023 17:32:23,Netwtw08,7021,None,7021 - Connection telemetry fields and analysis usage
Information,31-10-2023 17:32:22,Netwtw08,7021,None,7021 - Connection telemetry fields and analysis usage
Information,31-10-2023 17:32:21,Netwtw08,7021,None,7021 - Connection telemetry fields and analysis usage
Information,31-10-2023 17:32:20,Netwtw08,7021,None,7021 - Connection telemetry fields and analysis usage
Warning,31-10-2023 17:32:16,hcmon,0,None,Detected unrecognized USB driver (\Driver\USBPcap).
Information,31-10-2023 17:32:15,Netwtw08,7021,None,7021 - Connection telemetry fields and analysis usage
Information,31-10-2023 17:32:14,Netwtw08,7021,None,7021 - Connection telemetry fields and analysis usage
Information,31-10-2023 17:32:12,Netwtw08,7021,None,7021 - Connection telemetry fields and analysis usage
Information,31-10-2023 17:32:11,Netwtw08,7021,None,7021 - Connection telemetry fields and analysis usage
Warning,31-10-2023 17:32:09,hcmon,0,None,Detected unrecognized USB driver (\Driver\USBPcap).
Information,31-10-2023 17:32:09,BTHUSB,18,None,Windows cannot store Bluetooth authentication codes (link keys) on the local adapter. Bluetooth keyboards might not work in the system BIOS during startup.
Information,31-10-2023 17:32:09,Microsoft-Windows-Power-Troubleshooter,1,None,"The system has returned from a low power state.

Sleep Time: ‎2023‎-‎10‎-‎31T11:21:42.231721600Z
Wake Time: ‎2023‎-‎10‎-‎31T12:02:08.179793900Z

Wake Source: Unknown"
Information,31-10-2023 17:32:08,Microsoft-Windows-Kernel-Power,566,(268),"The system session has transitioned from 19 to 21.

Reason InputAccelerometer 

BootId: 59"
Information,31-10-2023 17:32:08,Microsoft-Windows-Kernel-Power,507,(158),"The system is exiting Modern Standby 

Reason: Input Keyboard."
Warning,31-10-2023 17:32:08,Microsoft-Windows-Time-Service,134,None,"NtpClient was unable to set a manual peer to use as a time source because of DNS resolution error on 'time.windows.com,0x9'. NtpClient will try again in 15 minutes and double the reattempt interval thereafter. The error was: No such host is known. (0x80072AF9)"
Information,31-10-2023 17:32:08,Microsoft-Windows-Kernel-Power,506,(157),"The system is entering Modern Standby 

Reason: Sleep, Hibernate, or Shutdown."
Information,31-10-2023 17:32:08,Microsoft-Windows-Kernel-Power,566,(268),"The system session has transitioned from 18 to 19.

Reason SxTransition 

BootId: 59"
Information,31-10-2023 17:32:08,Microsoft-Windows-Kernel-Boot,32,(58),The bootmgr spent 0 ms waiting for user input.
Information,31-10-2023 17:32:08,Microsoft-Windows-Kernel-Boot,18,(57),There are 0x1 boot options on this system.
Information,31-10-2023 17:32:08,Microsoft-Windows-Kernel-Boot,30,(21),The firmware reported boot metrics.
Information,31-10-2023 17:32:07,Netwtw08,7025,None,7025 - Dump after return from D3 before cmd 
Warning,31-10-2023 17:32:07,TPM,30,None,Reset and/or resume count do not match expected values after hibernate/resume.
Warning,31-10-2023 17:32:07,Win32k,701,None,Power Manager has not requested suppression of all input (INPUT_SUPPRESS_REQUEST=0)
Warning,31-10-2023 17:32:07,Win32k,701,None,Power Manager has not requested suppression of all input (INPUT_SUPPRESS_REQUEST=0)
Information,31-10-2023 17:32:07,Microsoft-Windows-Kernel-General,1,(5),"The system time has changed to ‎2023‎-‎10‎-‎31T12:02:07.500000000Z from ‎2023‎-‎10‎-‎31T11:21:46.354776700Z.
Time Delta: 2421145 ms

Change Reason: System time synchronized with the hardware clock.
Process: '' (PID 4).

RTC time: ‎2023‎-‎10‎-‎31T17:32:07.500000000Z
Current time zone bias: -330
RTC time is in UTC: false
System time was based on RTC time: false"
Information,31-10-2023 16:51:46,Microsoft-Windows-Kernel-Power,107,(102),The system has resumed from sleep.
Information,31-10-2023 16:51:45,Netwtw08,7021,None,7021 - Connection telemetry fields and analysis usage
Information,31-10-2023 16:51:43,Microsoft-Windows-Kernel-Power,42,(64),"The system is entering sleep.

Sleep Reason: Button or Lid"
Warning,31-10-2023 16:51:42,Win32k,700,None,Power Manager has requested suppression of all input (INPUT_SUPPRESS_REQUEST=1)
Warning,31-10-2023 16:51:42,Win32k,700,None,Power Manager has requested suppression of all input (INPUT_SUPPRESS_REQUEST=1)
Information,31-10-2023 16:51:42,Microsoft-Windows-Kernel-Power,566,(268),"The system session has transitioned from 17 to 18.

Reason PolicyChange 

BootId: 59"
Information,31-10-2023 16:51:32,Netwtw08,7021,None,7021 - Connection telemetry fields and analysis usage
Information,31-10-2023 16:51:32,Netwtw08,7021,None,7021 - Connection telemetry fields and analysis usage
Information,31-10-2023 16:51:31,Netwtw08,7021,None,7021 - Connection telemetry fields and analysis usage
Information,31-10-2023 16:51:31,Netwtw08,7021,None,7021 - Connection telemetry fields and analysis usage
Warning,31-10-2023 16:50:55,Microsoft-Windows-Time-Service,134,None,"NtpClient was unable to set a manual peer to use as a time source because of DNS resolution error on 'time.windows.com,0x9'. NtpClient will try again in 15 minutes and double the reattempt interval thereafter. The error was: No such host is known. (0x80072AF9)"
Warning,31-10-2023 16:50:18,hcmon,0,None,Detected unrecognized USB driver (\Driver\USBPcap).
Warning,31-10-2023 16:50:15,hcmon,0,None,Detected unrecognized USB driver (\Driver\USBPcap).
Information,31-10-2023 16:50:14,BTHUSB,18,None,Windows cannot store Bluetooth authentication codes (link keys) on the local adapter. Bluetooth keyboards might not work in the system BIOS during startup.
Information,31-10-2023 16:50:13,Microsoft-Windows-Kernel-Power,566,(268),"The system session has transitioned from 15 to 17.

Reason PolicyChange 

BootId: 59"
Information,31-10-2023 16:50:13,Microsoft-Windows-Kernel-Power,507,(158),"The system is exiting Modern Standby 

Reason: Lid."
Information,31-10-2023 16:50:13,Microsoft-Windows-Power-Troubleshooter,1,None,"The system has returned from a low power state.

Sleep Time: ‎2023‎-‎10‎-‎31T10:28:39.356662900Z
Wake Time: ‎2023‎-‎10‎-‎31T11:20:13.245371300Z

Wake Source: Unknown"
Information,31-10-2023 16:50:13,Microsoft-Windows-Kernel-Power,506,(157),"The system is entering Modern Standby 

Reason: Sleep, Hibernate, or Shutdown."
Information,31-10-2023 16:50:13,Microsoft-Windows-Kernel-Power,566,(268),"The system session has transitioned from 14 to 15.

Reason SxTransition 

BootId: 59"
Information,31-10-2023 16:50:13,Microsoft-Windows-Kernel-Boot,32,(58),The bootmgr spent 0 ms waiting for user input.
Information,31-10-2023 16:50:13,Microsoft-Windows-Kernel-Boot,18,(57),There are 0x1 boot options on this system.
Information,31-10-2023 16:50:13,Microsoft-Windows-Kernel-Boot,30,(21),The firmware reported boot metrics.
Error,31-10-2023 16:50:12,Microsoft-Windows-NDIS,10317,PnP,"Miniport Microsoft Wi-Fi Direct Virtual Adapter #2, {c73ec2a1-57fb-47b6-ad07-a450f4ec0f12}, had event Fatal error: The miniport has failed a power transition to operational power"
Information,31-10-2023 16:50:12,Netwtw08,7025,None,7025 - Dump after return from D3 before cmd 
Warning,31-10-2023 16:50:12,Win32k,701,None,Power Manager has not requested suppression of all input (INPUT_SUPPRESS_REQUEST=0)
Warning,31-10-2023 16:50:12,Win32k,701,None,Power Manager has not requested suppression of all input (INPUT_SUPPRESS_REQUEST=0)
Information,31-10-2023 16:50:12,Microsoft-Windows-Kernel-General,1,(5),"The system time has changed to ‎2023‎-‎10‎-‎31T11:20:12.500000000Z from ‎2023‎-‎10‎-‎31T10:28:43.245314900Z.
Time Delta: 3089254 ms

Change Reason: System time synchronized with the hardware clock.
Process: '' (PID 4).

RTC time: ‎2023‎-‎10‎-‎31T16:50:12.500000000Z
Current time zone bias: -330
RTC time is in UTC: false
System time was based on RTC time: false"
Information,31-10-2023 15:58:43,Microsoft-Windows-Kernel-Power,107,(102),The system has resumed from sleep.
Information,31-10-2023 15:58:40,Microsoft-Windows-Kernel-Power,42,(64),"The system is entering sleep.

Sleep Reason: Button or Lid"
Warning,31-10-2023 15:58:40,Win32k,700,None,Power Manager has requested suppression of all input (INPUT_SUPPRESS_REQUEST=1)
Warning,31-10-2023 15:58:40,Win32k,700,None,Power Manager has requested suppression of all input (INPUT_SUPPRESS_REQUEST=1)
Information,31-10-2023 15:58:40,Microsoft-Windows-Kernel-Power,105,(100),Power source change.
Information,31-10-2023 15:58:39,Microsoft-Windows-Kernel-Power,566,(268),"The system session has transitioned from 12 to 14.

Reason SxTransition 

BootId: 59"
Information,31-10-2023 15:58:39,Microsoft-Windows-Kernel-Power,507,(158),"The system is exiting Modern Standby 

Reason: Sleep, Hibernate, or Shutdown."
Information,31-10-2023 15:58:39,Microsoft-Windows-Kernel-Power,506,(157),"The system is entering Modern Standby 

Reason: Lid."
Information,31-10-2023 15:58:39,Microsoft-Windows-Kernel-Power,566,(268),"The system session has transitioned from 11 to 12.

Reason PolicyChange 

BootId: 59"
Information,31-10-2023 15:58:39,Microsoft-Windows-Kernel-Power,507,(158),"The system is exiting Modern Standby 

Reason: Lid."
Information,31-10-2023 15:58:39,Netwtw08,7026,None,7026 - Dump after return from D3 after cmd
Information,31-10-2023 15:58:39,Netwtw08,7025,None,7025 - Dump after return from D3 before cmd 
Information,31-10-2023 15:58:36,Netwtw08,7026,None,7026 - Dump after return from D3 after cmd
Information,31-10-2023 15:58:36,Netwtw08,7025,None,7025 - Dump after return from D3 before cmd 
Information,31-10-2023 15:58:35,Netwtw08,7026,None,7026 - Dump after return from D3 after cmd
Information,31-10-2023 15:58:35,Netwtw08,7025,None,7025 - Dump after return from D3 before cmd 
Information,31-10-2023 15:58:27,Netwtw08,7026,None,7026 - Dump after return from D3 after cmd
Information,31-10-2023 15:58:27,Netwtw08,7025,None,7025 - Dump after return from D3 before cmd 
Information,31-10-2023 15:58:23,Netwtw08,7026,None,7026 - Dump after return from D3 after cmd
Information,31-10-2023 15:58:23,Netwtw08,7025,None,7025 - Dump after return from D3 before cmd 
Information,31-10-2023 15:58:20,Netwtw08,7026,None,7026 - Dump after return from D3 after cmd
Information,31-10-2023 15:58:20,Netwtw08,7025,None,7025 - Dump after return from D3 before cmd 
Information,31-10-2023 15:56:06,Netwtw08,7026,None,7026 - Dump after return from D3 after cmd
Information,31-10-2023 15:56:06,Netwtw08,7025,None,7025 - Dump after return from D3 before cmd 
Information,31-10-2023 15:56:04,Netwtw08,7026,None,7026 - Dump after return from D3 after cmd
Information,31-10-2023 15:56:04,Netwtw08,7025,None,7025 - Dump after return from D3 before cmd 
Information,31-10-2023 15:51:03,Netwtw08,7026,None,7026 - Dump after return from D3 after cmd
Information,31-10-2023 15:51:03,Netwtw08,7025,None,7025 - Dump after return from D3 before cmd 
Information,31-10-2023 15:50:36,Netwtw08,7026,None,7026 - Dump after return from D3 after cmd
Information,31-10-2023 15:50:36,Netwtw08,7025,None,7025 - Dump after return from D3 before cmd 
Information,31-10-2023 15:46:18,Microsoft-Windows-Kernel-Power,566,(268),"The system session has transitioned from 10 to 11.

Reason SessionUnlock 

BootId: 59"
Information,31-10-2023 15:46:10,Service Control Manager,7040,None,The start type of the Background Intelligent Transfer Service service was changed from demand start to auto start.
Information,31-10-2023 15:46:09,Microsoft-Windows-Kernel-General,16,None,The access history in hive \??\C:\ProgramData\Packages\MicrosoftTeams_8wekyb3d8bbwe\S-1-5-21-3444099338-3253721846-659789935-1001\SystemAppData\Helium\Cache\dfc6ba0e7fe4b8bb_COM15.dat was cleared updating 1 keys and creating 1 modified pages.
Information,31-10-2023 15:46:09,Microsoft-Windows-Time-Service,158,None,The time provider 'VMICTimeProvider' has indicated that the current hardware and operating environment is not supported and has stopped. This behavior is expected for VMICTimeProvider on non-HyperV-guest environments. This may be the expected behavior for the current provider in the current operating environment as well.
Information,31-10-2023 15:46:09,Microsoft-Windows-Kernel-Power,506,(157),"The system is entering Modern Standby 

Reason: 16777220."
Information,31-10-2023 15:46:09,Microsoft-Windows-Kernel-Power,566,(268),"The system session has transitioned from 9 to 10.

Reason 16777220 

BootId: 59"
Information,31-10-2023 15:46:09,Microsoft-Windows-Kernel-Power,507,(158),"The system is exiting Modern Standby 

Reason: 16777220."
Information,31-10-2023 15:46:09,Netwtw08,7026,None,7026 - Dump after return from D3 after cmd
Information,31-10-2023 15:46:09,Netwtw08,7025,None,7025 - Dump after return from D3 before cmd 
Information,31-10-2023 15:46:07,Netwtw08,7026,None,7026 - Dump after return from D3 after cmd
Information,31-10-2023 15:46:07,Netwtw08,7025,None,7025 - Dump after return from D3 before cmd 
Information,31-10-2023 15:45:39,Netwtw08,7026,None,7026 - Dump after return from D3 after cmd
Information,31-10-2023 15:45:39,Netwtw08,7025,None,7025 - Dump after return from D3 before cmd 
Information,31-10-2023 15:45:36,Netwtw08,7026,None,7026 - Dump after return from D3 after cmd
Information,31-10-2023 15:45:36,Netwtw08,7025,None,7025 - Dump after return from D3 before cmd 
Information,31-10-2023 15:41:51,Netwtw08,7026,None,7026 - Dump after return from D3 after cmd
Information,31-10-2023 15:41:51,Netwtw08,7025,None,7025 - Dump after return from D3 before cmd 
Information,31-10-2023 15:41:43,Netwtw08,7026,None,7026 - Dump after return from D3 after cmd
Information,31-10-2023 15:41:43,Netwtw08,7025,None,7025 - Dump after return from D3 before cmd 
Information,31-10-2023 15:41:39,Netwtw08,7026,None,7026 - Dump after return from D3 after cmd
Information,31-10-2023 15:41:39,Netwtw08,7025,None,7025 - Dump after return from D3 before cmd 
Information,31-10-2023 15:41:36,Netwtw08,7026,None,7026 - Dump after return from D3 after cmd
Information,31-10-2023 15:41:36,Netwtw08,7025,None,7025 - Dump after return from D3 before cmd 
Information,31-10-2023 15:40:39,Netwtw08,7026,None,7026 - Dump after return from D3 after cmd
Information,31-10-2023 15:40:39,Netwtw08,7025,None,7025 - Dump after return from D3 before cmd 
Information,31-10-2023 15:40:36,Netwtw08,7026,None,7026 - Dump after return from D3 after cmd
Information,31-10-2023 15:40:36,Netwtw08,7025,None,7025 - Dump after return from D3 before cmd 
Information,31-10-2023 15:35:50,Netwtw08,7026,None,7026 - Dump after return from D3 after cmd
Information,31-10-2023 15:35:50,Netwtw08,7025,None,7025 - Dump after return from D3 before cmd 
Information,31-10-2023 15:35:42,Netwtw08,7026,None,7026 - Dump after return from D3 after cmd
Information,31-10-2023 15:35:42,Netwtw08,7025,None,7025 - Dump after return from D3 before cmd 
Information,31-10-2023 15:35:36,Netwtw08,7026,None,7026 - Dump after return from D3 after cmd
Information,31-10-2023 15:35:36,Netwtw08,7025,None,7025 - Dump after return from D3 before cmd 
Information,31-10-2023 15:35:35,Netwtw08,7026,None,7026 - Dump after return from D3 after cmd
Information,31-10-2023 15:35:35,Netwtw08,7025,None,7025 - Dump after return from D3 before cmd 
Information,31-10-2023 15:30:09,Netwtw08,7026,None,7026 - Dump after return from D3 after cmd
Information,31-10-2023 15:30:09,Netwtw08,7025,None,7025 - Dump after return from D3 before cmd 
Information,31-10-2023 15:30:07,Netwtw08,7026,None,7026 - Dump after return from D3 after cmd
Information,31-10-2023 15:30:07,Netwtw08,7025,None,7025 - Dump after return from D3 before cmd 
Information,31-10-2023 15:29:48,Netwtw08,7026,None,7026 - Dump after return from D3 after cmd
Information,31-10-2023 15:29:48,Netwtw08,7025,None,7025 - Dump after return from D3 before cmd 
Information,31-10-2023 15:29:40,Netwtw08,7026,None,7026 - Dump after return from D3 after cmd
Information,31-10-2023 15:29:40,Netwtw08,7025,None,7025 - Dump after return from D3 before cmd 
Information,31-10-2023 15:29:36,Netwtw08,7026,None,7026 - Dump after return from D3 after cmd
Information,31-10-2023 15:29:36,Netwtw08,7025,None,7025 - Dump after return from D3 before cmd 
Information,31-10-2023 15:29:33,Netwtw08,7026,None,7026 - Dump after return from D3 after cmd
Information,31-10-2023 15:29:33,Netwtw08,7025,None,7025 - Dump after return from D3 before cmd 
Information,31-10-2023 15:26:13,Netwtw08,7026,None,7026 - Dump after return from D3 after cmd
Information,31-10-2023 15:26:13,Netwtw08,7025,None,7025 - Dump after return from D3 before cmd 
Information,31-10-2023 15:26:05,Netwtw08,7026,None,7026 - Dump after return from D3 after cmd
Information,31-10-2023 15:26:05,Netwtw08,7025,None,7025 - Dump after return from D3 before cmd 
Information,31-10-2023 15:26:01,Netwtw08,7026,None,7026 - Dump after return from D3 after cmd
Information,31-10-2023 15:26:01,Netwtw08,7025,None,7025 - Dump after return from D3 before cmd 
Information,31-10-2023 15:25:58,Netwtw08,7026,None,7026 - Dump after return from D3 after cmd
Information,31-10-2023 15:25:58,Netwtw08,7025,None,7025 - Dump after return from D3 before cmd 
Information,31-10-2023 15:25:07,Netwtw08,7026,None,7026 - Dump after return from D3 after cmd
Information,31-10-2023 15:25:07,Netwtw08,7025,None,7025 - Dump after return from D3 before cmd 
Information,31-10-2023 15:23:47,Netwtw08,7026,None,7026 - Dump after return from D3 after cmd
Information,31-10-2023 15:23:47,Netwtw08,7025,None,7025 - Dump after return from D3 before cmd 
Information,31-10-2023 15:23:39,Netwtw08,7026,None,7026 - Dump after return from D3 after cmd
Information,31-10-2023 15:23:39,Netwtw08,7025,None,7025 - Dump after return from D3 before cmd 
Information,31-10-2023 15:23:35,Netwtw08,7026,None,7026 - Dump after return from D3 after cmd
Information,31-10-2023 15:23:35,Netwtw08,7025,None,7025 - Dump after return from D3 before cmd 
Information,31-10-2023 15:23:32,Netwtw08,7026,None,7026 - Dump after return from D3 after cmd
Information,31-10-2023 15:23:32,Netwtw08,7025,None,7025 - Dump after return from D3 before cmd 
Information,31-10-2023 15:21:07,Netwtw08,7026,None,7026 - Dump after return from D3 after cmd
Information,31-10-2023 15:21:07,Netwtw08,7025,None,7025 - Dump after return from D3 before cmd 
Information,31-10-2023 15:20:37,Netwtw08,7026,None,7026 - Dump after return from D3 after cmd
Information,31-10-2023 15:20:37,Netwtw08,7025,None,7025 - Dump after return from D3 before cmd 
Information,31-10-2023 15:20:09,Netwtw08,7026,None,7026 - Dump after return from D3 after cmd
Information,31-10-2023 15:20:09,Netwtw08,7025,None,7025 - Dump after return from D3 before cmd 
Information,31-10-2023 15:20:07,Netwtw08,7026,None,7026 - Dump after return from D3 after cmd
Information,31-10-2023 15:20:07,Netwtw08,7025,None,7025 - Dump after return from D3 before cmd 
Information,31-10-2023 15:17:46,Netwtw08,7026,None,7026 - Dump after return from D3 after cmd
Information,31-10-2023 15:17:46,Netwtw08,7025,None,7025 - Dump after return from D3 before cmd 
Information,31-10-2023 15:17:38,Netwtw08,7026,None,7026 - Dump after return from D3 after cmd
Information,31-10-2023 15:17:38,Netwtw08,7025,None,7025 - Dump after return from D3 before cmd 
Information,31-10-2023 15:17:34,Netwtw08,7026,None,7026 - Dump after return from D3 after cmd
Information,31-10-2023 15:17:34,Netwtw08,7025,None,7025 - Dump after return from D3 before cmd 
Information,31-10-2023 15:17:31,Netwtw08,7026,None,7026 - Dump after return from D3 after cmd
Information,31-10-2023 15:17:31,Netwtw08,7025,None,7025 - Dump after return from D3 before cmd 
Information,31-10-2023 15:15:06,Netwtw08,7026,None,7026 - Dump after return from D3 after cmd
Information,31-10-2023 15:15:06,Netwtw08,7025,None,7025 - Dump after return from D3 before cmd 
Information,31-10-2023 15:11:45,Netwtw08,7026,None,7026 - Dump after return from D3 after cmd
Information,31-10-2023 15:11:45,Netwtw08,7025,None,7025 - Dump after return from D3 before cmd 
Information,31-10-2023 15:11:37,Netwtw08,7026,None,7026 - Dump after return from D3 after cmd
Information,31-10-2023 15:11:37,Netwtw08,7025,None,7025 - Dump after return from D3 before cmd 
Information,31-10-2023 15:11:33,Netwtw08,7026,None,7026 - Dump after return from D3 after cmd
Information,31-10-2023 15:11:33,Netwtw08,7025,None,7025 - Dump after return from D3 before cmd 
Information,31-10-2023 15:11:30,Netwtw08,7026,None,7026 - Dump after return from D3 after cmd
Information,31-10-2023 15:11:30,Netwtw08,7025,None,7025 - Dump after return from D3 before cmd 
Information,31-10-2023 15:07:25,Netwtw08,7026,None,7026 - Dump after return from D3 after cmd
Information,31-10-2023 15:07:25,Netwtw08,7025,None,7025 - Dump after return from D3 before cmd 
Information,31-10-2023 15:07:21,Netwtw08,7026,None,7026 - Dump after return from D3 after cmd
Information,31-10-2023 15:07:21,Netwtw08,7025,None,7025 - Dump after return from D3 before cmd 
Information,31-10-2023 15:06:06,Netwtw08,7026,None,7026 - Dump after return from D3 after cmd
Information,31-10-2023 15:06:06,Netwtw08,7025,None,7025 - Dump after return from D3 before cmd 
Information,31-10-2023 15:05:58,Netwtw08,7026,None,7026 - Dump after return from D3 after cmd
Information,31-10-2023 15:05:58,Netwtw08,7025,None,7025 - Dump after return from D3 before cmd 
Information,31-10-2023 15:05:54,Netwtw08,7026,None,7026 - Dump after return from D3 after cmd
Information,31-10-2023 15:05:54,Netwtw08,7025,None,7025 - Dump after return from D3 before cmd 
Information,31-10-2023 15:05:51,Netwtw08,7026,None,7026 - Dump after return from D3 after cmd
Information,31-10-2023 15:05:51,Netwtw08,7025,None,7025 - Dump after return from D3 before cmd 
Information,31-10-2023 15:05:43,Netwtw08,7026,None,7026 - Dump after return from D3 after cmd
Information,31-10-2023 15:05:43,Netwtw08,7025,None,7025 - Dump after return from D3 before cmd 
Information,31-10-2023 15:05:35,Netwtw08,7026,None,7026 - Dump after return from D3 after cmd
Information,31-10-2023 15:05:35,Netwtw08,7025,None,7025 - Dump after return from D3 before cmd 
Information,31-10-2023 15:05:31,Netwtw08,7026,None,7026 - Dump after return from D3 after cmd
Information,31-10-2023 15:05:31,Netwtw08,7025,None,7025 - Dump after return from D3 before cmd 
Information,31-10-2023 15:05:28,Netwtw08,7026,None,7026 - Dump after return from D3 after cmd
Information,31-10-2023 15:05:28,Netwtw08,7025,None,7025 - Dump after return from D3 before cmd 
Information,31-10-2023 15:02:24,Netwtw08,7026,None,7026 - Dump after return from D3 after cmd
Information,31-10-2023 15:02:23,Netwtw08,7025,None,7025 - Dump after return from D3 before cmd 
Information,31-10-2023 15:02:21,Netwtw08,7026,None,7026 - Dump after return from D3 after cmd
Information,31-10-2023 15:02:21,Netwtw08,7025,None,7025 - Dump after return from D3 before cmd 
Information,31-10-2023 14:57:21,Netwtw08,7026,None,7026 - Dump after return from D3 after cmd
Information,31-10-2023 14:57:21,Netwtw08,7025,None,7025 - Dump after return from D3 before cmd 
Information,31-10-2023 14:56:54,Netwtw08,7026,None,7026 - Dump after return from D3 after cmd
Information,31-10-2023 14:56:54,Netwtw08,7025,None,7025 - Dump after return from D3 before cmd 
Information,31-10-2023 14:52:01,Netwtw08,7026,None,7026 - Dump after return from D3 after cmd
Information,31-10-2023 14:52:01,Netwtw08,7025,None,7025 - Dump after return from D3 before cmd 
Information,31-10-2023 14:51:54,Netwtw08,7026,None,7026 - Dump after return from D3 after cmd
Information,31-10-2023 14:51:54,Netwtw08,7025,None,7025 - Dump after return from D3 before cmd 
Information,31-10-2023 14:46:57,Netwtw08,7026,None,7026 - Dump after return from D3 after cmd
Information,31-10-2023 14:46:57,Netwtw08,7025,None,7025 - Dump after return from D3 before cmd 
Information,31-10-2023 14:46:54,Netwtw08,7026,None,7026 - Dump after return from D3 after cmd
Information,31-10-2023 14:46:54,Netwtw08,7025,None,7025 - Dump after return from D3 before cmd 
Information,31-10-2023 14:46:54,Microsoft-Windows-Time-Service,158,None,The time provider 'VMICTimeProvider' has indicated that the current hardware and operating environment is not supported and has stopped. This behavior is expected for VMICTimeProvider on non-HyperV-guest environments. This may be the expected behavior for the current provider in the current operating environment as well.
Information,31-10-2023 14:45:58,Netwtw08,7026,None,7026 - Dump after return from D3 after cmd
Information,31-10-2023 14:45:58,Netwtw08,7025,None,7025 - Dump after return from D3 before cmd 
Information,31-10-2023 14:45:50,Netwtw08,7026,None,7026 - Dump after return from D3 after cmd
Information,31-10-2023 14:45:50,Netwtw08,7025,None,7025 - Dump after return from D3 before cmd 
Information,31-10-2023 14:45:46,Netwtw08,7026,None,7026 - Dump after return from D3 after cmd
Information,31-10-2023 14:45:46,Netwtw08,7025,None,7025 - Dump after return from D3 before cmd 
Information,31-10-2023 14:45:43,Netwtw08,7026,None,7026 - Dump after return from D3 after cmd
Information,31-10-2023 14:45:43,Netwtw08,7025,None,7025 - Dump after return from D3 before cmd 
Information,31-10-2023 14:41:56,Netwtw08,7026,None,7026 - Dump after return from D3 after cmd
Information,31-10-2023 14:41:56,Netwtw08,7025,None,7025 - Dump after return from D3 before cmd 
Information,31-10-2023 14:41:54,Netwtw08,7026,None,7026 - Dump after return from D3 after cmd
Information,31-10-2023 14:41:54,Netwtw08,7025,None,7025 - Dump after return from D3 before cmd 
Information,31-10-2023 14:36:53,Netwtw08,7026,None,7026 - Dump after return from D3 after cmd
Information,31-10-2023 14:36:53,Netwtw08,7025,None,7025 - Dump after return from D3 before cmd 
Information,31-10-2023 14:36:47,Netwtw08,7026,None,7026 - Dump after return from D3 after cmd
Information,31-10-2023 14:36:47,Netwtw08,7025,None,7025 - Dump after return from D3 before cmd 
Information,31-10-2023 14:36:22,Netwtw08,7026,None,7026 - Dump after return from D3 after cmd
Information,31-10-2023 14:36:22,Netwtw08,7025,None,7025 - Dump after return from D3 before cmd 
Information,31-10-2023 14:31:31,Netwtw08,7026,None,7026 - Dump after return from D3 after cmd
Information,31-10-2023 14:31:31,Netwtw08,7025,None,7025 - Dump after return from D3 before cmd 
Information,31-10-2023 14:31:22,Netwtw08,7026,None,7026 - Dump after return from D3 after cmd
Information,31-10-2023 14:31:22,Netwtw08,7025,None,7025 - Dump after return from D3 before cmd 
Information,31-10-2023 14:26:25,Netwtw08,7026,None,7026 - Dump after return from D3 after cmd
Information,31-10-2023 14:26:25,Netwtw08,7025,None,7025 - Dump after return from D3 before cmd 
Information,31-10-2023 14:26:22,Netwtw08,7026,None,7026 - Dump after return from D3 after cmd
Information,31-10-2023 14:26:22,Netwtw08,7025,None,7025 - Dump after return from D3 before cmd 
Information,31-10-2023 14:25:48,Netwtw08,7026,None,7026 - Dump after return from D3 after cmd
Information,31-10-2023 14:25:48,Netwtw08,7025,None,7025 - Dump after return from D3 before cmd 
Information,31-10-2023 14:25:40,Netwtw08,7026,None,7026 - Dump after return from D3 after cmd
Information,31-10-2023 14:25:40,Netwtw08,7025,None,7025 - Dump after return from D3 before cmd 
Information,31-10-2023 14:25:36,Netwtw08,7026,None,7026 - Dump after return from D3 after cmd
Information,31-10-2023 14:25:36,Netwtw08,7025,None,7025 - Dump after return from D3 before cmd 
Information,31-10-2023 14:25:33,Netwtw08,7026,None,7026 - Dump after return from D3 after cmd
Information,31-10-2023 14:25:33,Netwtw08,7025,None,7025 - Dump after return from D3 before cmd 
Information,31-10-2023 14:21:25,Netwtw08,7026,None,7026 - Dump after return from D3 after cmd
Information,31-10-2023 14:21:25,Netwtw08,7025,None,7025 - Dump after return from D3 before cmd 
Information,31-10-2023 14:21:22,Netwtw08,7026,None,7026 - Dump after return from D3 after cmd
Information,31-10-2023 14:21:22,Netwtw08,7025,None,7025 - Dump after return from D3 before cmd 
Information,31-10-2023 14:16:22,Netwtw08,7026,None,7026 - Dump after return from D3 after cmd
Information,31-10-2023 14:16:22,Netwtw08,7025,None,7025 - Dump after return from D3 before cmd 
Information,31-10-2023 14:15:55,Netwtw08,7026,None,7026 - Dump after return from D3 after cmd
Information,31-10-2023 14:15:55,Netwtw08,7025,None,7025 - Dump after return from D3 before cmd 
Information,31-10-2023 14:10:57,Netwtw08,7026,None,7026 - Dump after return from D3 after cmd
Information,31-10-2023 14:10:57,Netwtw08,7025,None,7025 - Dump after return from D3 before cmd 
Information,31-10-2023 14:10:55,Netwtw08,7026,None,7026 - Dump after return from D3 after cmd
Information,31-10-2023 14:10:55,Netwtw08,7025,None,7025 - Dump after return from D3 before cmd 
Information,31-10-2023 14:05:55,Netwtw08,7026,None,7026 - Dump after return from D3 after cmd
Information,31-10-2023 14:05:55,Netwtw08,7025,None,7025 - Dump after return from D3 before cmd 
Information,31-10-2023 14:05:28,Netwtw08,7026,None,7026 - Dump after return from D3 after cmd
Information,31-10-2023 14:05:28,Netwtw08,7025,None,7025 - Dump after return from D3 before cmd 
Information,31-10-2023 14:05:02,Netwtw08,7026,None,7026 - Dump after return from D3 after cmd
Information,31-10-2023 14:05:02,Netwtw08,7025,None,7025 - Dump after return from D3 before cmd 
Information,31-10-2023 14:04:54,Netwtw08,7026,None,7026 - Dump after return from D3 after cmd
Information,31-10-2023 14:04:54,Netwtw08,7025,None,7025 - Dump after return from D3 before cmd 
Information,31-10-2023 14:04:51,Netwtw08,7026,None,7026 - Dump after return from D3 after cmd
Information,31-10-2023 14:04:51,Netwtw08,7025,None,7025 - Dump after return from D3 before cmd 
Information,31-10-2023 14:04:47,Netwtw08,7026,None,7026 - Dump after return from D3 after cmd
Information,31-10-2023 14:04:47,Netwtw08,7025,None,7025 - Dump after return from D3 before cmd 
Information,31-10-2023 14:00:33,Netwtw08,7026,None,7026 - Dump after return from D3 after cmd
Information,31-10-2023 14:00:33,Netwtw08,7025,None,7025 - Dump after return from D3 before cmd 
Information,31-10-2023 14:00:28,Netwtw08,7026,None,7026 - Dump after return from D3 after cmd
Information,31-10-2023 14:00:28,Netwtw08,7025,None,7025 - Dump after return from D3 before cmd 
Information,31-10-2023 13:55:30,Netwtw08,7026,None,7026 - Dump after return from D3 after cmd
Information,31-10-2023 13:55:30,Netwtw08,7025,None,7025 - Dump after return from D3 before cmd 
Information,31-10-2023 13:55:28,Netwtw08,7026,None,7026 - Dump after return from D3 after cmd
Information,31-10-2023 13:55:28,Netwtw08,7025,None,7025 - Dump after return from D3 before cmd 
Information,31-10-2023 13:50:38,Netwtw08,7026,None,7026 - Dump after return from D3 after cmd
Information,31-10-2023 13:50:38,Netwtw08,7025,None,7025 - Dump after return from D3 before cmd 
Information,31-10-2023 13:50:33,Netwtw08,7026,None,7026 - Dump after return from D3 after cmd
Information,31-10-2023 13:50:33,Netwtw08,7025,None,7025 - Dump after return from D3 before cmd 
Information,31-10-2023 13:50:01,Netwtw08,7026,None,7026 - Dump after return from D3 after cmd
Information,31-10-2023 13:50:01,Netwtw08,7025,None,7025 - Dump after return from D3 before cmd 
Information,31-10-2023 13:45:01,Netwtw08,7026,None,7026 - Dump after return from D3 after cmd
Information,31-10-2023 13:45:01,Netwtw08,7025,None,7025 - Dump after return from D3 before cmd 
Information,31-10-2023 13:44:34,Netwtw08,7026,None,7026 - Dump after return from D3 after cmd
Information,31-10-2023 13:44:34,Netwtw08,7025,None,7025 - Dump after return from D3 before cmd 
Information,31-10-2023 13:41:44,Netwtw08,7026,None,7026 - Dump after return from D3 after cmd
Information,31-10-2023 13:41:44,Netwtw08,7025,None,7025 - Dump after return from D3 before cmd 
Information,31-10-2023 13:41:14,Netwtw08,7026,None,7026 - Dump after return from D3 after cmd
Information,31-10-2023 13:41:14,Netwtw08,7025,None,7025 - Dump after return from D3 before cmd 
Information,31-10-2023 13:41:07,Netwtw08,7026,None,7026 - Dump after return from D3 after cmd
Information,31-10-2023 13:41:07,Netwtw08,7025,None,7025 - Dump after return from D3 before cmd 
Information,31-10-2023 13:39:46,Netwtw08,7026,None,7026 - Dump after return from D3 after cmd
Information,31-10-2023 13:39:46,Netwtw08,7025,None,7025 - Dump after return from D3 before cmd 
Information,31-10-2023 13:39:33,Netwtw08,7026,None,7026 - Dump after return from D3 after cmd
Information,31-10-2023 13:39:33,Netwtw08,7025,None,7025 - Dump after return from D3 before cmd 
Information,31-10-2023 13:39:31,Netwtw08,7026,None,7026 - Dump after return from D3 after cmd
Information,31-10-2023 13:39:31,Netwtw08,7025,None,7025 - Dump after return from D3 before cmd 
Information,31-10-2023 13:19:38,Netwtw08,7026,None,7026 - Dump after return from D3 after cmd
Information,31-10-2023 13:19:38,Netwtw08,7025,None,7025 - Dump after return from D3 before cmd 
Information,31-10-2023 13:19:30,Netwtw08,7026,None,7026 - Dump after return from D3 after cmd
Information,31-10-2023 13:19:30,Netwtw08,7025,None,7025 - Dump after return from D3 before cmd 
Information,31-10-2023 13:19:26,Netwtw08,7026,None,7026 - Dump after return from D3 after cmd
Information,31-10-2023 13:19:26,Netwtw08,7025,None,7025 - Dump after return from D3 before cmd 
Information,31-10-2023 13:19:23,Netwtw08,7026,None,7026 - Dump after return from D3 after cmd
Information,31-10-2023 13:19:23,Netwtw08,7025,None,7025 - Dump after return from D3 before cmd 
Error,31-10-2023 13:17:23,Microsoft-Windows-DistributedCOM,10010,None,The server {338B40F9-9D68-4B53-A793-6B9AA0C5F63B} did not register with DCOM within the required timeout.
Information,31-10-2023 13:17:18,Netwtw08,7026,None,7026 - Dump after return from D3 after cmd
Information,31-10-2023 13:17:18,Netwtw08,7025,None,7025 - Dump after return from D3 before cmd 
Information,31-10-2023 13:12:18,Netwtw08,7026,None,7026 - Dump after return from D3 after cmd
Information,31-10-2023 13:12:18,Netwtw08,7025,None,7025 - Dump after return from D3 before cmd 
Information,31-10-2023 13:11:51,Netwtw08,7026,None,7026 - Dump after return from D3 after cmd
Information,31-10-2023 13:11:51,Netwtw08,7025,None,7025 - Dump after return from D3 before cmd 
Information,31-10-2023 13:06:51,Netwtw08,7026,None,7026 - Dump after return from D3 after cmd
Information,31-10-2023 13:06:51,Netwtw08,7025,None,7025 - Dump after return from D3 before cmd 
Information,31-10-2023 13:06:24,Netwtw08,7026,None,7026 - Dump after return from D3 after cmd
Information,31-10-2023 13:06:24,Netwtw08,7025,None,7025 - Dump after return from D3 before cmd 
Information,31-10-2023 13:02:40,Service Control Manager,7045,None,"A service was installed in the system.

Service Name:  MpKsl8ec92633
Service File Name:  C:\ProgramData\Microsoft\Windows Defender\Definition Updates\{2666AC02-7529-4D01-818E-402F6631BA86}\MpKslDrv.sys
Service Type:  kernel mode driver
Service Start Type:  demand start
Service Account:  "
Information,31-10-2023 13:02:40,Microsoft-Windows-WindowsUpdateClient,19,Windows Update Agent,Installation Successful: Windows successfully installed the following update: Security Intelligence Update for Microsoft Defender Antivirus - KB2267602 (Version 1.399.1607.0) - Current Channel (Broad)
Information,31-10-2023 13:02:34,Microsoft-Windows-WindowsUpdateClient,43,Windows Update Agent,Installation Started: Windows has started installing the following update: Security Intelligence Update for Microsoft Defender Antivirus - KB2267602 (Version 1.399.1607.0) - Current Channel (Broad)
Information,31-10-2023 13:02:27,Microsoft-Windows-WindowsUpdateClient,44,Windows Update Agent,Windows Update started downloading an update.
Information,31-10-2023 13:01:24,Netwtw08,7026,None,7026 - Dump after return from D3 after cmd
Information,31-10-2023 13:01:24,Netwtw08,7025,None,7025 - Dump after return from D3 before cmd 
Information,31-10-2023 12:59:27,Netwtw08,7026,None,7026 - Dump after return from D3 after cmd
Information,31-10-2023 12:59:27,Netwtw08,7025,None,7025 - Dump after return from D3 before cmd 
Information,31-10-2023 12:59:19,Netwtw08,7026,None,7026 - Dump after return from D3 after cmd
Information,31-10-2023 12:59:19,Netwtw08,7025,None,7025 - Dump after return from D3 before cmd 
Information,31-10-2023 12:59:15,Netwtw08,7026,None,7026 - Dump after return from D3 after cmd
Information,31-10-2023 12:59:15,Netwtw08,7025,None,7025 - Dump after return from D3 before cmd 
Information,31-10-2023 12:59:12,Netwtw08,7026,None,7026 - Dump after return from D3 after cmd
Information,31-10-2023 12:59:12,Netwtw08,7025,None,7025 - Dump after return from D3 before cmd 
Information,31-10-2023 12:56:24,Netwtw08,7026,None,7026 - Dump after return from D3 after cmd
Information,31-10-2023 12:56:24,Netwtw08,7025,None,7025 - Dump after return from D3 before cmd 
Information,31-10-2023 12:51:24,Netwtw08,7026,None,7026 - Dump after return from D3 after cmd
Information,31-10-2023 12:51:24,Netwtw08,7025,None,7025 - Dump after return from D3 before cmd 
Information,31-10-2023 12:46:23,Netwtw08,7026,None,7026 - Dump after return from D3 after cmd
Information,31-10-2023 12:46:23,Netwtw08,7025,None,7025 - Dump after return from D3 before cmd 
Information,31-10-2023 12:45:56,Netwtw08,7026,None,7026 - Dump after return from D3 after cmd
Information,31-10-2023 12:45:56,Netwtw08,7025,None,7025 - Dump after return from D3 before cmd 
Information,31-10-2023 12:40:56,Netwtw08,7026,None,7026 - Dump after return from D3 after cmd
Information,31-10-2023 12:40:56,Netwtw08,7025,None,7025 - Dump after return from D3 before cmd 
Information,31-10-2023 12:39:19,Netwtw08,7026,None,7026 - Dump after return from D3 after cmd
Information,31-10-2023 12:39:19,Netwtw08,7025,None,7025 - Dump after return from D3 before cmd 
Information,31-10-2023 12:39:11,Netwtw08,7026,None,7026 - Dump after return from D3 after cmd
Information,31-10-2023 12:39:11,Netwtw08,7025,None,7025 - Dump after return from D3 before cmd 
Information,31-10-2023 12:39:06,Netwtw08,7026,None,7026 - Dump after return from D3 after cmd
Information,31-10-2023 12:39:06,Netwtw08,7025,None,7025 - Dump after return from D3 before cmd 
Information,31-10-2023 12:39:03,Netwtw08,7026,None,7026 - Dump after return from D3 after cmd
Information,31-10-2023 12:39:03,Netwtw08,7025,None,7025 - Dump after return from D3 before cmd 
Information,31-10-2023 12:35:56,Netwtw08,7026,None,7026 - Dump after return from D3 after cmd
Information,31-10-2023 12:35:56,Netwtw08,7025,None,7025 - Dump after return from D3 before cmd 
Information,31-10-2023 12:30:56,Netwtw08,7026,None,7026 - Dump after return from D3 after cmd
Information,31-10-2023 12:30:56,Netwtw08,7025,None,7025 - Dump after return from D3 before cmd 
Information,31-10-2023 12:25:56,Netwtw08,7026,None,7026 - Dump after return from D3 after cmd
Information,31-10-2023 12:25:56,Netwtw08,7025,None,7025 - Dump after return from D3 before cmd 
Information,31-10-2023 12:20:56,Netwtw08,7026,None,7026 - Dump after return from D3 after cmd
Information,31-10-2023 12:20:56,Netwtw08,7025,None,7025 - Dump after return from D3 before cmd 
Information,31-10-2023 12:19:10,Netwtw08,7026,None,7026 - Dump after return from D3 after cmd
Information,31-10-2023 12:19:10,Netwtw08,7025,None,7025 - Dump after return from D3 before cmd 
Information,31-10-2023 12:19:02,Netwtw08,7026,None,7026 - Dump after return from D3 after cmd
Information,31-10-2023 12:19:02,Netwtw08,7025,None,7025 - Dump after return from D3 before cmd 
Information,31-10-2023 12:18:58,Netwtw08,7026,None,7026 - Dump after return from D3 after cmd
Information,31-10-2023 12:18:58,Netwtw08,7025,None,7025 - Dump after return from D3 before cmd 
Information,31-10-2023 12:18:55,Netwtw08,7026,None,7026 - Dump after return from D3 after cmd
Information,31-10-2023 12:18:55,Netwtw08,7025,None,7025 - Dump after return from D3 before cmd 
Information,31-10-2023 12:16:36,Microsoft-Windows-Kernel-Power,566,(268),"The system session has transitioned from 8 to 9.

Reason SessionUnlock 

BootId: 59"
