Information,30-10-2023 17:20:30,Microsoft-Windows-Kernel-Processor-Power,55,(47),"Processor 4 in group 0 exposes the following power management capabilities:

Idle state type: Micro Power Engine Plugin (11 state(s))

Performance state type: ACPI Collaborative Processor Performance Control
Nominal Frequency (MHz): 2304
Maximum performance percentage: 213
Minimum performance percentage: 56
Minimum throttle percentage: 4"
Information,30-10-2023 17:20:30,Microsoft-Windows-Kernel-Processor-Power,55,(47),"Processor 2 in group 0 exposes the following power management capabilities:

Idle state type: Micro Power Engine Plugin (11 state(s))

Performance state type: ACPI Collaborative Processor Performance Control
Nominal Frequency (MHz): 2304
Maximum performance percentage: 213
Minimum performance percentage: 56
Minimum throttle percentage: 4"
Information,30-10-2023 17:20:30,Microsoft-Windows-Kernel-Processor-Power,55,(47),"Processor 0 in group 0 exposes the following power management capabilities:

Idle state type: Micro Power Engine Plugin (11 state(s))

Performance state type: ACPI Collaborative Processor Performance Control
Nominal Frequency (MHz): 2304
Maximum performance percentage: 213
Minimum performance percentage: 17
Minimum throttle percentage: 4"
Information,30-10-2023 17:20:30,Netwtw08,7002,None,7002 - CTDP power limit value (SPLC)
Information,30-10-2023 17:20:30,Netwtw08,7005,None,7005 - SAR value max TX power (WRDS)
Information,30-10-2023 17:20:30,Netwtw08,7036,None,The \Device\NDMP8 service entered the Intel(R) Wireless-AC 9462 state.
Warning,30-10-2023 17:20:29,Microsoft-Windows-Kernel-PnP,219,(212),The driver \Driver\WUDFRd failed to load for the device PCI\VEN_8086&DEV_1903&SUBSYS_19411D72&REV_0C\3&11583659&0&20.
Information,30-10-2023 17:20:29,Microsoft-Windows-DriverFrameworks-UserMode,10118,Startup of the UMDF reflector,"UMDF reflector is unable to connect to service control manager (SCM). This is expected during boot, when SCM has not started yet. Will retry when it starts."
Information,30-10-2023 17:20:29,VMnetAdapter,36,None,() Starting up the Adapter Driver for VMware Virtual Networks.
Information,30-10-2023 17:20:29,Microsoft-Windows-Hyper-V-VmSwitch,5,(1003),Miniport NIC B95D0C5E-57D4-412B-B571-18A81A16E004 (Friendly Name: WSL) successfully enabled
Information,30-10-2023 17:20:29,Microsoft-Windows-Hyper-V-VmSwitch,232,None,NIC B95D0C5E-57D4-412B-B571-18A81A16E004 (Friendly Name: WSL) successfully connected to port B95D0C5E-57D4-412B-B571-18A81A16E004 (Friendly Name: Host Vnic B95D0C5E-57D4-412B-B571-18A81A16E005) on switch B95D0C5E-57D4-412B-B571-18A81A16E005(Friendly Name: WSL).
Information,30-10-2023 17:20:29,Microsoft-Windows-Hyper-V-VmSwitch,7,(1004),Miniport NIC B95D0C5E-57D4-412B-B571-18A81A16E004 (Friendly Name: WSL) successfully initialized.
Information,30-10-2023 17:20:29,Microsoft-Windows-Hyper-V-VmSwitch,233,None,"The operation 'Create' succeeded on nic B95D0C5E-57D4-412B-B571-18A81A16E004 (Friendly Name: WSL), Instance Id {00000000-0000-0000-0000-000000000000}."
Information,30-10-2023 17:20:29,Microsoft-Windows-Hyper-V-VmSwitch,264,None,Port B95D0C5E-57D4-412B-B571-18A81A16E004 (Friendly Name: Host Vnic B95D0C5E-57D4-412B-B571-18A81A16E005) successfully created on switch B95D0C5E-57D4-412B-B571-18A81A16E005 (Friendly Name: WSL).
Information,30-10-2023 17:20:29,Microsoft-Windows-Hyper-V-VmSwitch,9,(1005),Switch B95D0C5E-57D4-412B-B571-18A81A16E005 (Friendly Name: WSL) successfully initialized.
Information,30-10-2023 17:20:29,Microsoft-Windows-Hyper-V-VmSwitch,232,None,NIC B95D0C5E-57D4-412B-B571-18A81A16E005 (Friendly Name: WSL) successfully connected to port B95D0C5E-57D4-412B-B571-18A81A16E005 (Friendly Name: WSL) on switch B95D0C5E-57D4-412B-B571-18A81A16E005(Friendly Name: WSL).
Information,30-10-2023 17:20:29,Microsoft-Windows-Hyper-V-VmSwitch,233,None,"The operation 'Create' succeeded on nic B95D0C5E-57D4-412B-B571-18A81A16E005 (Friendly Name: WSL), Instance Id {00000000-0000-0000-0000-000000000000}."
Information,30-10-2023 17:20:29,Microsoft-Windows-Hyper-V-VmSwitch,277,None,"vmswitch.sys build 22621.amd64.ni_release_svc_prod3, debug false, official true, 1 1"
Information,30-10-2023 17:20:29,Microsoft-Windows-Kernel-Power,125,(86),"ACPI thermal zone \_TZ.TZ00 has been enumerated.             
_PSV = 0K             
_TC1 = 0             
_TC2 = 0             
_TSP = 0ms             
_AC0 = 0K             
_AC1 = 0K             
_AC2 = 0K             
_AC3 = 0K             
_AC4 = 0K             
_AC5 = 0K             
_AC6 = 0K             
_AC7 = 0K             
_AC8 = 0K             
_AC9 = 0K             
_CRT = 399K             
_HOT = 0K             
minimum throttle = 0             
_CR3 = 0K"
Information,30-10-2023 17:20:29,Microsoft-Windows-Kernel-Power,125,(86),"ACPI thermal zone \_TZ.TZ01 has been enumerated.             
_PSV = 371K             
_TC1 = 0             
_TC2 = 50             
_TSP = 0ms             
_AC0 = 0K             
_AC1 = 0K             
_AC2 = 0K             
_AC3 = 0K             
_AC4 = 0K             
_AC5 = 0K             
_AC6 = 0K             
_AC7 = 0K             
_AC8 = 0K             
_AC9 = 0K             
_CRT = 393K             
_HOT = 0K             
minimum throttle = 0             
_CR3 = 0K"
Information,30-10-2023 17:20:29,Microsoft-Windows-FilterManager,6,None,"File System Filter 'npsvctrig' (10.0, ‎1979‎-‎12‎-‎19T21:42:41.000000000Z) has successfully loaded and registered with Filter Manager."
Information,30-10-2023 17:20:28,VfpExt,7036,None,The  service entered the Driver load complete state.
Information,30-10-2023 17:20:28,VfpExt,7036,None,The  service entered the Driver load start state.
Information,30-10-2023 17:20:28,Microsoft-Windows-FilterManager,6,None,"File System Filter 'FileCrypt' (10.0, ‎1983‎-‎08‎-‎19T08:28:35.000000000Z) has successfully loaded and registered with Filter Manager."
Information,30-10-2023 17:20:28,Microsoft-Windows-Ntfs,98,None,Volume C: (\Device\HarddiskVolume2) is healthy.  No action is needed.
Information,30-10-2023 17:20:28,Microsoft-Windows-FilterManager,6,None,"File System Filter 'WdFilter' (10.0, ‎1973‎-‎06‎-‎11T09:29:02.000000000Z) has successfully loaded and registered with Filter Manager."
Information,30-10-2023 17:20:28,Microsoft-Windows-FilterManager,6,None,"File System Filter 'Wof' (10.0, ‎2086‎-‎08‎-‎04T16:50:16.000000000Z) has successfully loaded and registered with Filter Manager."
Information,30-10-2023 17:20:28,Microsoft-Windows-FilterManager,6,None,"File System Filter 'FileInfo' (10.0, ‎2079‎-‎02‎-‎27T03:33:00.000000000Z) has successfully loaded and registered with Filter Manager."
Information,30-10-2023 17:20:27,Microsoft-Windows-HAL,16,None,The iommu fault reporting has been initialized.
Information,30-10-2023 17:20:27,Microsoft-Windows-Kernel-General,20,(6),"The leap second configuration has been updated.
Reason: Leap second data initialized from registry during boot
Leap seconds enabled: true
New leap second count: 0
Old leap second count: 0"
Information,30-10-2023 17:20:27,Microsoft-Windows-IsolatedUserMode,3,None,Secure Kernel started with status STATUS_SUCCESS and flags 0.
Warning,30-10-2023 17:20:27,Microsoft-Windows-Hyper-V-Hypervisor,167,None,"The hypervisor did not enable mitigations for side channel vulnerabilities for virtual machines because HyperThreading is enabled. To enable mitigations for virtual machines, disable HyperThreading."
Information,30-10-2023 17:20:27,Microsoft-Windows-Hyper-V-Hypervisor,165,None,"Hypervisor configured mitigations for CVE-2019-11091, CVE-2018-12126, CVE-2018-12127, CVE-2018-12130 for virtual machines.

Processor not affected: true
Processor family not affected: false
Processor supports microarchitectural buffer flush: false
Buffer flush needed: true
"
Information,30-10-2023 17:20:27,Microsoft-Windows-Hyper-V-Hypervisor,156,None,"Hypervisor configured mitigations for CVE-2018-3646 for virtual machines.

Processor not affected: true
Processor family not affected: false
Processor supports cache flush: true
HyperThreading enabled: true
Parent hypervisor applies mitigations: false
Mitigations disabled by bcdedit: false
Mitigations enabled: true
Cache flush needed: false
"
Information,30-10-2023 17:20:27,Microsoft-Windows-Hyper-V-Hypervisor,129,None,"Hypervisor initialized I/O remapping.

Hardware present: true
Hardware enabled: true
Policy: 0x0
Enabled features: 0x43
Internal information: 0x0
Problems: 0x0
Additional information: 0x0"
Information,30-10-2023 17:20:27,Microsoft-Windows-Hyper-V-Hypervisor,2,None,Hypervisor scheduler type is 0x4.
Information,30-10-2023 17:20:27,Microsoft-Windows-Hyper-V-Hypervisor,1,None,Hypervisor successfully started.
Information,30-10-2023 17:20:27,Microsoft-Windows-Kernel-Boot,30,(21),The firmware reported boot metrics.
Information,30-10-2023 17:20:27,Microsoft-Windows-Kernel-Boot,27,(33),The boot type was 0x0.
Information,30-10-2023 17:20:27,Microsoft-Windows-Kernel-Boot,25,(32),The boot menu policy was 0x1.
Information,30-10-2023 17:20:27,Microsoft-Windows-Kernel-Boot,238,(101),EFI time zone bias: 2047. Daylight flags: 0. Firmware time: ‎2023‎-‎10‎-‎30T17:20:25.000000000Z.
Information,30-10-2023 17:20:27,Microsoft-Windows-Kernel-Boot,20,(31),The last shutdown's success status was true. The last boot's success status was true.
Information,30-10-2023 17:20:27,Microsoft-Windows-Kernel-Boot,32,(58),The bootmgr spent 0 ms waiting for user input.
Information,30-10-2023 17:20:27,Microsoft-Windows-Kernel-Boot,18,(57),There are 0x1 boot options on this system.
Information,30-10-2023 17:20:27,Microsoft-Windows-Kernel-Boot,153,(62),"Virtualization-based security (policies: VBS Enabled,VSM Required,Boot Chain Signer Soft Enforced) is enabled due to HyperV."
Information,30-10-2023 17:20:27,Microsoft-Windows-Kernel-General,12,(1),The operating system started at system time ‎2023‎-‎10‎-‎30T11:50:26.500000000Z.
Information,30-10-2023 17:20:09,Microsoft-Windows-Kernel-General,13,(2),The operating system is shutting down at system time ‎2023‎-‎10‎-‎30T11:50:09.700506700Z.
Information,30-10-2023 17:20:09,Microsoft-Windows-Kernel-Power,577,(280),The system has prepared for a system initiated reboot from Active.
Information,30-10-2023 17:20:08,Microsoft-Windows-Kernel-Power,109,(103),"The kernel power manager has initiated a shutdown transition.

Action: Power Action Reboot 
Event Code: 0x0 
Reason: Kernel API"
Information,30-10-2023 17:20:07,Microsoft-Windows-WLAN-AutoConfig,4001,None,"WLAN AutoConfig service has successfully stopped.
"
Information,30-10-2023 17:20:06,Netwtw08,7026,None,7026 - Dump after return from D3 after cmd
Information,30-10-2023 17:20:05,Netwtw08,7025,None,7025 - Dump after return from D3 before cmd 
Information,30-10-2023 17:20:35,EventLog,6013,None,The system uptime is 9 seconds.
Information,30-10-2023 17:20:35,EventLog,6005,None,The Event log service was started.
Information,30-10-2023 17:20:35,EventLog,6009,None,Microsoft (R) Windows (R) 10.00. 22621  Multiprocessor Free.
Information,30-10-2023 17:20:05,Microsoft-Windows-Dhcp-Client,50037,Service State Event,DHCPv4 client service is stopped. ShutDown Flag value is 1
Information,30-10-2023 17:20:05,Microsoft-Windows-Dhcp-Client,50106,Service State Event,DHCPv4 is waiting on DHCPv6 service to stop
Information,30-10-2023 17:20:05,Microsoft-Windows-DHCPv6-Client,51057,Service State Event,DHCPv6 client service stop is almost done.DHCP Context Ref count is 1
Information,30-10-2023 17:20:05,Microsoft-Windows-DHCPv6-Client,51057,Service State Event,DHCPv6 client service stop is almost done.DHCP Context Ref count is 1
Information,30-10-2023 17:20:05,Microsoft-Windows-DHCPv6-Client,51057,Service State Event,DHCPv6 client service stop is almost done.DHCP Context Ref count is 1
Information,30-10-2023 17:20:05,Microsoft-Windows-DHCPv6-Client,51057,Service State Event,DHCPv6 client service stop is almost done.DHCP Context Ref count is 1
Information,30-10-2023 17:20:05,Microsoft-Windows-DHCPv6-Client,51057,Service State Event,DHCPv6 client service stop is almost done.DHCP Context Ref count is 1
Information,30-10-2023 17:20:05,Microsoft-Windows-DHCPv6-Client,51057,Service State Event,DHCPv6 client service stop is almost done.DHCP Context Ref count is 1
Information,30-10-2023 17:20:05,Microsoft-Windows-DHCPv6-Client,51057,Service State Event,DHCPv6 client service stop is almost done.DHCP Context Ref count is 1
Information,30-10-2023 17:20:05,Microsoft-Windows-DHCPv6-Client,51047,Service State Event,DHCPv6 client service is stopped. ShutDown Flag value is 1
Information,30-10-2023 17:20:05,Microsoft-Windows-Dhcp-Client,50105,Service State Event,DHCPv4 client ProcessDHCPRequestForever received TERMINATE_EVENT
Information,30-10-2023 17:20:05,Microsoft-Windows-Dhcp-Client,50104,Service State Event,DHCPv4 client received shutdown notification
Information,30-10-2023 17:20:05,EventLog,6006,None,The Event log service was stopped.
Information,30-10-2023 17:20:04,Microsoft-Windows-Winlogon,7002,(1102),User Logoff Notification for Customer Experience Improvement Program
Information,30-10-2023 17:20:04,Microsoft-Windows-Hyper-V-VmSwitch,234,None,NIC 25F44AF4-57FD-4EE5-96EF-02DB9A4E3CD2--3B6D71FB-E89E-4F8E-8DC3-3885B45AD2AA successfully disconnected from port .
Information,30-10-2023 17:19:54,User32,1074,None,"The process C:\Windows\System32\RuntimeBroker.exe (DESKTOP-SGF9A33) has initiated the restart of computer DESKTOP-SGF9A33 on behalf of user DESKTOP-SGF9A33\chana for the following reason: Other (Unplanned)
 Reason Code: 0x0
 Shutdown Type: restart
 Comment: "
Information,30-10-2023 16:44:01,Microsoft-Windows-UserPnp,20003,(7005),Driver Management has concluded the process to add Service VBoxNetAdp for Device Instance ID ROOT\NET\0002 with the following status: 0.
Information,30-10-2023 16:42:13,Microsoft-Windows-UserPnp,20003,(7005),Driver Management has concluded the process to add Service VBoxNetAdp for Device Instance ID ROOT\NET\0001 with the following status: 0.
Warning,30-10-2023 16:15:01,hcmon,0,None,Detected unrecognized USB driver (\Driver\USBPcap).
Warning,30-10-2023 16:14:59,hcmon,0,None,Detected unrecognized USB driver (\Driver\USBPcap).
Information,30-10-2023 16:14:57,Service Control Manager,7045,None,"A service was installed in the system.

Service Name:  ASIX AX88179 USB 3.0 to Gigabit Ethernet Adapter
Service File Name:  \SystemRoot\System32\DriverStore\FileRepository\netax88179_178a.inf_amd64_a8bb8a6e92764769\ax88179_178a.sys
Service Type:  kernel mode driver
Service Start Type:  demand start
Service Account:  "
Information,30-10-2023 16:04:38,Netwtw08,7003,None,7003 - Roam Complete
Information,30-10-2023 16:04:38,Netwtw08,7021,None,7021 - Connection telemetry fields and analysis usage
Information,30-10-2023 15:56:20,Service Control Manager,7040,None,The start type of the Background Intelligent Transfer Service service was changed from auto start to demand start.
Information,30-10-2023 15:53:39,Service Control Manager,7040,None,The start type of the Background Intelligent Transfer Service service was changed from demand start to auto start.
Information,30-10-2023 15:52:08,Microsoft-Windows-Hyper-V-VmSwitch,102,(1019),Networking driver in 25F44AF4-57FD-4EE5-96EF-02DB9A4E3CD2 is loaded and the protocol version is negotiated to the most recent version (Virtual machine ID 25F44AF4-57FD-4EE5-96EF-02DB9A4E3CD2).
Information,30-10-2023 15:52:08,Microsoft-Windows-Hyper-V-VmSwitch,232,None,NIC 25F44AF4-57FD-4EE5-96EF-02DB9A4E3CD2--3B6D71FB-E89E-4F8E-8DC3-3885B45AD2AA (Friendly Name: ) successfully connected to port 3B6D71FB-E89E-4F8E-8DC3-3885B45AD2AA (Friendly Name: 3B6D71FB-E89E-4F8E-8DC3-3885B45AD2AA) on switch B95D0C5E-57D4-412B-B571-18A81A16E005(Friendly Name: WSL).
Information,30-10-2023 15:52:08,Microsoft-Windows-Hyper-V-VmSwitch,233,None,"The operation 'Create' succeeded on nic 25F44AF4-57FD-4EE5-96EF-02DB9A4E3CD2--3B6D71FB-E89E-4F8E-8DC3-3885B45AD2AA (Friendly Name: ), Instance Id {00000000-0000-0000-0000-000000000000}."
Information,30-10-2023 15:52:08,Microsoft-Windows-Hyper-V-VmSwitch,232,None,NIC B95D0C5E-57D4-412B-B571-18A81A16E004 (Friendly Name: WSL) successfully connected to port B95D0C5E-57D4-412B-B571-18A81A16E004 (Friendly Name: Host Vnic B95D0C5E-57D4-412B-B571-18A81A16E005) on switch B95D0C5E-57D4-412B-B571-18A81A16E005(Friendly Name: WSL).
Information,30-10-2023 15:52:07,Microsoft-Windows-Hyper-V-VmSwitch,7,(1004),Miniport NIC B95D0C5E-57D4-412B-B571-18A81A16E004 (Friendly Name: WSL) successfully initialized.
Information,30-10-2023 15:52:07,Microsoft-Windows-Hyper-V-VmSwitch,233,None,"The operation 'Create' succeeded on nic B95D0C5E-57D4-412B-B571-18A81A16E004 (Friendly Name: WSL), Instance Id {00000000-0000-0000-0000-000000000000}."
Information,30-10-2023 15:52:07,Microsoft-Windows-Hyper-V-VmSwitch,264,None,Port B95D0C5E-57D4-412B-B571-18A81A16E004 (Friendly Name: Host Vnic B95D0C5E-57D4-412B-B571-18A81A16E005) successfully created on switch B95D0C5E-57D4-412B-B571-18A81A16E005 (Friendly Name: WSL).
Information,30-10-2023 15:52:07,Microsoft-Windows-Hyper-V-VmSwitch,9,(1005),Switch B95D0C5E-57D4-412B-B571-18A81A16E005 (Friendly Name: WSL) successfully initialized.
Information,30-10-2023 15:52:07,Microsoft-Windows-Hyper-V-VmSwitch,232,None,NIC B95D0C5E-57D4-412B-B571-18A81A16E005 (Friendly Name: WSL) successfully connected to port B95D0C5E-57D4-412B-B571-18A81A16E005 (Friendly Name: WSL) on switch B95D0C5E-57D4-412B-B571-18A81A16E005(Friendly Name: WSL).
Information,30-10-2023 15:52:07,Microsoft-Windows-Hyper-V-VmSwitch,233,None,"The operation 'Create' succeeded on nic B95D0C5E-57D4-412B-B571-18A81A16E005 (Friendly Name: WSL), Instance Id {00000000-0000-0000-0000-000000000000}."
Warning,30-10-2023 15:48:42,hcmon,0,None,Detected unrecognized USB driver (\Driver\USBPcap).
Warning,30-10-2023 15:33:53,Netwtw08,6062,None,6062 - Lso was triggered
Warning,30-10-2023 15:33:43,Microsoft-Windows-DNS-Client,1014,(1014),Name resolution for the name dns.google timed out after none of the configured DNS servers responded. Client PID 12604.
Information,30-10-2023 15:33:33,Netwtw08,7021,None,7021 - Connection telemetry fields and analysis usage
Information,30-10-2023 15:33:23,Netwtw08,7003,None,7003 - Roam Complete
Information,30-10-2023 15:33:23,Netwtw08,7021,None,7021 - Connection telemetry fields and analysis usage
Information,30-10-2023 15:33:23,Netwtw08,7021,None,7021 - Connection telemetry fields and analysis usage
Warning,30-10-2023 15:31:07,Netwtw08,6062,None,6062 - Lso was triggered
Information,30-10-2023 15:30:53,Netwtw08,7021,None,7021 - Connection telemetry fields and analysis usage
Information,30-10-2023 15:30:51,Netwtw08,7021,None,7021 - Connection telemetry fields and analysis usage
Information,30-10-2023 15:30:51,Netwtw08,7021,None,7021 - Connection telemetry fields and analysis usage
Information,30-10-2023 15:30:51,Netwtw08,7021,None,7021 - Connection telemetry fields and analysis usage
Information,30-10-2023 15:30:51,Netwtw08,7021,None,7021 - Connection telemetry fields and analysis usage
Information,30-10-2023 15:30:51,Netwtw08,7021,None,7021 - Connection telemetry fields and analysis usage
Information,30-10-2023 15:30:51,Netwtw08,7021,None,7021 - Connection telemetry fields and analysis usage
Information,30-10-2023 15:30:50,Netwtw08,7021,None,7021 - Connection telemetry fields and analysis usage
Information,30-10-2023 15:30:50,Netwtw08,7021,None,7021 - Connection telemetry fields and analysis usage
Information,30-10-2023 15:30:50,Netwtw08,7021,None,7021 - Connection telemetry fields and analysis usage
Information,30-10-2023 15:30:49,Netwtw08,7021,None,7021 - Connection telemetry fields and analysis usage
Information,30-10-2023 15:30:45,Netwtw08,7021,None,7021 - Connection telemetry fields and analysis usage
Information,30-10-2023 15:30:45,Netwtw08,7021,None,7021 - Connection telemetry fields and analysis usage
Information,30-10-2023 15:30:45,Netwtw08,7021,None,7021 - Connection telemetry fields and analysis usage
Information,30-10-2023 15:30:45,Netwtw08,7021,None,7021 - Connection telemetry fields and analysis usage
Information,30-10-2023 15:30:45,Netwtw08,7021,None,7021 - Connection telemetry fields and analysis usage
Information,30-10-2023 15:30:44,Netwtw08,7021,None,7021 - Connection telemetry fields and analysis usage
Information,30-10-2023 15:30:44,Netwtw08,7021,None,7021 - Connection telemetry fields and analysis usage
Information,30-10-2023 15:30:44,Netwtw08,7021,None,7021 - Connection telemetry fields and analysis usage
Information,30-10-2023 15:30:44,Netwtw08,7021,None,7021 - Connection telemetry fields and analysis usage
Information,30-10-2023 15:30:44,Netwtw08,7021,None,7021 - Connection telemetry fields and analysis usage
Information,30-10-2023 15:30:44,Netwtw08,7021,None,7021 - Connection telemetry fields and analysis usage
Information,30-10-2023 15:30:34,Netwtw08,7021,None,7021 - Connection telemetry fields and analysis usage
Information,30-10-2023 15:30:31,Netwtw08,7021,None,7021 - Connection telemetry fields and analysis usage
Information,30-10-2023 15:30:31,Netwtw08,7021,None,7021 - Connection telemetry fields and analysis usage
Information,30-10-2023 15:30:27,Netwtw08,7021,None,7021 - Connection telemetry fields and analysis usage
Information,30-10-2023 15:30:23,Netwtw08,7021,None,7021 - Connection telemetry fields and analysis usage
Information,30-10-2023 15:30:17,Netwtw08,7021,None,7021 - Connection telemetry fields and analysis usage
Information,30-10-2023 15:30:11,Netwtw08,7021,None,7021 - Connection telemetry fields and analysis usage
Information,30-10-2023 15:30:11,Netwtw08,7021,None,7021 - Connection telemetry fields and analysis usage
Information,30-10-2023 15:30:10,Netwtw08,7021,None,7021 - Connection telemetry fields and analysis usage
Information,30-10-2023 15:30:09,Netwtw08,7021,None,7021 - Connection telemetry fields and analysis usage
Information,30-10-2023 15:30:08,Netwtw08,7021,None,7021 - Connection telemetry fields and analysis usage
Information,30-10-2023 15:29:59,Netwtw08,7003,None,7003 - Roam Complete
Information,30-10-2023 15:29:59,Netwtw08,7021,None,7021 - Connection telemetry fields and analysis usage
Information,30-10-2023 15:29:59,Netwtw08,7021,None,7021 - Connection telemetry fields and analysis usage
Information,30-10-2023 15:29:56,Netwtw08,7021,None,7021 - Connection telemetry fields and analysis usage
Information,30-10-2023 15:29:55,Netwtw08,7021,None,7021 - Connection telemetry fields and analysis usage
Information,30-10-2023 15:29:54,Netwtw08,7021,None,7021 - Connection telemetry fields and analysis usage
Information,30-10-2023 15:29:53,Netwtw08,7021,None,7021 - Connection telemetry fields and analysis usage
Information,30-10-2023 15:29:52,Netwtw08,7021,None,7021 - Connection telemetry fields and analysis usage
Information,30-10-2023 15:29:46,Netwtw08,7021,None,7021 - Connection telemetry fields and analysis usage
Information,30-10-2023 15:29:43,Netwtw08,7021,None,7021 - Connection telemetry fields and analysis usage
Information,30-10-2023 15:29:43,Netwtw08,7021,None,7021 - Connection telemetry fields and analysis usage
Information,30-10-2023 15:29:43,Netwtw08,7021,None,7021 - Connection telemetry fields and analysis usage
Information,30-10-2023 15:29:43,Netwtw08,7021,None,7021 - Connection telemetry fields and analysis usage
Information,30-10-2023 15:29:43,Netwtw08,7021,None,7021 - Connection telemetry fields and analysis usage
Information,30-10-2023 15:29:43,Netwtw08,7021,None,7021 - Connection telemetry fields and analysis usage
Information,30-10-2023 15:29:43,Netwtw08,7021,None,7021 - Connection telemetry fields and analysis usage
Information,30-10-2023 15:29:43,Netwtw08,7021,None,7021 - Connection telemetry fields and analysis usage
Information,30-10-2023 15:29:43,Netwtw08,7021,None,7021 - Connection telemetry fields and analysis usage
Information,30-10-2023 15:29:42,Netwtw08,7021,None,7021 - Connection telemetry fields and analysis usage
Warning,30-10-2023 15:29:42,Microsoft-Windows-DNS-Client,1014,(1014),Name resolution for the name kv801.prod.do.dsp.mp.microsoft.com timed out after none of the configured DNS servers responded. Client PID 1912.
Information,30-10-2023 15:29:42,Netwtw08,7021,None,7021 - Connection telemetry fields and analysis usage
Information,30-10-2023 15:29:41,Netwtw08,7021,None,7021 - Connection telemetry fields and analysis usage
Information,30-10-2023 15:29:41,Netwtw08,7021,None,7021 - Connection telemetry fields and analysis usage
Information,30-10-2023 15:29:37,Netwtw08,7021,None,7021 - Connection telemetry fields and analysis usage
Information,30-10-2023 15:29:37,Netwtw08,7021,None,7021 - Connection telemetry fields and analysis usage
Information,30-10-2023 15:29:37,Netwtw08,7021,None,7021 - Connection telemetry fields and analysis usage
Information,30-10-2023 15:29:37,Netwtw08,7021,None,7021 - Connection telemetry fields and analysis usage
Information,30-10-2023 15:29:37,Netwtw08,7021,None,7021 - Connection telemetry fields and analysis usage
Information,30-10-2023 15:29:37,Netwtw08,7021,None,7021 - Connection telemetry fields and analysis usage
Information,30-10-2023 15:29:37,Netwtw08,7021,None,7021 - Connection telemetry fields and analysis usage
Information,30-10-2023 15:29:37,Netwtw08,7021,None,7021 - Connection telemetry fields and analysis usage
Information,30-10-2023 15:29:37,Netwtw08,7021,None,7021 - Connection telemetry fields and analysis usage
Information,30-10-2023 15:29:37,Netwtw08,7021,None,7021 - Connection telemetry fields and analysis usage
Information,30-10-2023 15:29:37,Netwtw08,7021,None,7021 - Connection telemetry fields and analysis usage
Information,30-10-2023 15:29:37,Netwtw08,7021,None,7021 - Connection telemetry fields and analysis usage
Information,30-10-2023 15:29:36,Netwtw08,7021,None,7021 - Connection telemetry fields and analysis usage
Information,30-10-2023 15:29:36,Netwtw08,7021,None,7021 - Connection telemetry fields and analysis usage
Information,30-10-2023 15:29:28,Netwtw08,7021,None,7021 - Connection telemetry fields and analysis usage
Information,30-10-2023 15:29:26,Netwtw08,7021,None,7021 - Connection telemetry fields and analysis usage
Information,30-10-2023 15:28:52,Netwtw08,7021,None,7021 - Connection telemetry fields and analysis usage
Information,30-10-2023 15:28:52,Netwtw08,7021,None,7021 - Connection telemetry fields and analysis usage
Information,30-10-2023 15:28:52,Netwtw08,7021,None,7021 - Connection telemetry fields and analysis usage
Information,30-10-2023 15:28:52,Netwtw08,7021,None,7021 - Connection telemetry fields and analysis usage
Information,30-10-2023 15:28:52,Netwtw08,7021,None,7021 - Connection telemetry fields and analysis usage
Information,30-10-2023 15:28:51,Netwtw08,7021,None,7021 - Connection telemetry fields and analysis usage
Information,30-10-2023 15:28:51,Netwtw08,7021,None,7021 - Connection telemetry fields and analysis usage
Information,30-10-2023 15:28:50,Netwtw08,7021,None,7021 - Connection telemetry fields and analysis usage
Information,30-10-2023 15:28:49,Netwtw08,7021,None,7021 - Connection telemetry fields and analysis usage
Information,30-10-2023 15:28:48,Netwtw08,7021,None,7021 - Connection telemetry fields and analysis usage
Information,30-10-2023 15:28:47,Netwtw08,7021,None,7021 - Connection telemetry fields and analysis usage
Information,30-10-2023 15:28:47,Netwtw08,7021,None,7021 - Connection telemetry fields and analysis usage
Information,30-10-2023 15:28:47,Netwtw08,7021,None,7021 - Connection telemetry fields and analysis usage
Information,30-10-2023 15:28:47,Netwtw08,7021,None,7021 - Connection telemetry fields and analysis usage
Information,30-10-2023 15:28:47,Netwtw08,7021,None,7021 - Connection telemetry fields and analysis usage
Information,30-10-2023 15:28:47,Netwtw08,7021,None,7021 - Connection telemetry fields and analysis usage
Information,30-10-2023 15:28:47,Netwtw08,7021,None,7021 - Connection telemetry fields and analysis usage
Information,30-10-2023 15:28:46,Netwtw08,7021,None,7021 - Connection telemetry fields and analysis usage
Information,30-10-2023 15:28:40,Netwtw08,7021,None,7021 - Connection telemetry fields and analysis usage
Information,30-10-2023 15:28:39,Netwtw08,7021,None,7021 - Connection telemetry fields and analysis usage
Information,30-10-2023 15:28:38,Netwtw08,7021,None,7021 - Connection telemetry fields and analysis usage
Information,30-10-2023 15:28:38,Netwtw08,7021,None,7021 - Connection telemetry fields and analysis usage
Information,30-10-2023 15:28:37,Netwtw08,7021,None,7021 - Connection telemetry fields and analysis usage
Information,30-10-2023 15:28:36,Netwtw08,7021,None,7021 - Connection telemetry fields and analysis usage
Information,30-10-2023 15:28:30,Netwtw08,7021,None,7021 - Connection telemetry fields and analysis usage
Information,30-10-2023 15:28:30,Netwtw08,7021,None,7021 - Connection telemetry fields and analysis usage
Information,30-10-2023 15:28:30,Netwtw08,7021,None,7021 - Connection telemetry fields and analysis usage
Information,30-10-2023 15:28:30,Netwtw08,7021,None,7021 - Connection telemetry fields and analysis usage
Information,30-10-2023 15:28:30,Netwtw08,7021,None,7021 - Connection telemetry fields and analysis usage
Information,30-10-2023 15:28:30,Netwtw08,7021,None,7021 - Connection telemetry fields and analysis usage
Information,30-10-2023 15:28:29,Netwtw08,7021,None,7021 - Connection telemetry fields and analysis usage
Information,30-10-2023 15:28:29,Netwtw08,7021,None,7021 - Connection telemetry fields and analysis usage
Information,30-10-2023 15:28:28,Netwtw08,7021,None,7021 - Connection telemetry fields and analysis usage
Information,30-10-2023 15:28:28,Netwtw08,7021,None,7021 - Connection telemetry fields and analysis usage
Information,30-10-2023 15:28:28,Netwtw08,7021,None,7021 - Connection telemetry fields and analysis usage
Information,30-10-2023 15:28:28,Netwtw08,7021,None,7021 - Connection telemetry fields and analysis usage
Information,30-10-2023 15:28:28,Netwtw08,7021,None,7021 - Connection telemetry fields and analysis usage
Information,30-10-2023 15:28:27,Netwtw08,7021,None,7021 - Connection telemetry fields and analysis usage
Information,30-10-2023 15:28:27,Netwtw08,7021,None,7021 - Connection telemetry fields and analysis usage
Information,30-10-2023 15:28:26,Netwtw08,7021,None,7021 - Connection telemetry fields and analysis usage
Information,30-10-2023 15:27:19,Netwtw08,7021,None,7021 - Connection telemetry fields and analysis usage
Information,30-10-2023 15:27:19,Netwtw08,7021,None,7021 - Connection telemetry fields and analysis usage
Information,30-10-2023 15:27:19,Netwtw08,7021,None,7021 - Connection telemetry fields and analysis usage
Information,30-10-2023 15:27:19,Netwtw08,7021,None,7021 - Connection telemetry fields and analysis usage
Information,30-10-2023 15:27:19,Netwtw08,7021,None,7021 - Connection telemetry fields and analysis usage
Information,30-10-2023 15:27:19,Netwtw08,7021,None,7021 - Connection telemetry fields and analysis usage
Information,30-10-2023 15:27:19,Netwtw08,7021,None,7021 - Connection telemetry fields and analysis usage
Information,30-10-2023 15:27:18,Netwtw08,7021,None,7021 - Connection telemetry fields and analysis usage
Information,30-10-2023 15:27:18,Netwtw08,7021,None,7021 - Connection telemetry fields and analysis usage
Information,30-10-2023 15:27:11,Netwtw08,7021,None,7021 - Connection telemetry fields and analysis usage
Information,30-10-2023 15:27:06,Netwtw08,7021,None,7021 - Connection telemetry fields and analysis usage
Information,30-10-2023 15:27:06,Netwtw08,7021,None,7021 - Connection telemetry fields and analysis usage
Information,30-10-2023 15:27:05,Netwtw08,7021,None,7021 - Connection telemetry fields and analysis usage
Information,30-10-2023 15:27:04,Netwtw08,7021,None,7021 - Connection telemetry fields and analysis usage
Information,30-10-2023 15:27:03,Netwtw08,7021,None,7021 - Connection telemetry fields and analysis usage
Information,30-10-2023 15:27:02,Netwtw08,7021,None,7021 - Connection telemetry fields and analysis usage
Information,30-10-2023 15:26:55,Netwtw08,7021,None,7021 - Connection telemetry fields and analysis usage
Information,30-10-2023 15:26:55,Netwtw08,7021,None,7021 - Connection telemetry fields and analysis usage
Information,30-10-2023 15:26:51,Netwtw08,7021,None,7021 - Connection telemetry fields and analysis usage
Information,30-10-2023 15:26:50,Netwtw08,7021,None,7021 - Connection telemetry fields and analysis usage
Information,30-10-2023 15:26:49,Netwtw08,7021,None,7021 - Connection telemetry fields and analysis usage
Information,30-10-2023 15:26:49,Netwtw08,7021,None,7021 - Connection telemetry fields and analysis usage
Information,30-10-2023 15:26:49,Netwtw08,7021,None,7021 - Connection telemetry fields and analysis usage
Information,30-10-2023 15:26:49,Netwtw08,7021,None,7021 - Connection telemetry fields and analysis usage
Information,30-10-2023 15:26:48,Netwtw08,7021,None,7021 - Connection telemetry fields and analysis usage
Information,30-10-2023 15:26:48,Netwtw08,7021,None,7021 - Connection telemetry fields and analysis usage
Information,30-10-2023 15:26:43,Netwtw08,7021,None,7021 - Connection telemetry fields and analysis usage
Information,30-10-2023 15:26:43,Netwtw08,7021,None,7021 - Connection telemetry fields and analysis usage
