Information,30-10-2023 21:10:14,Microsoft-Windows-Kernel-Power,566,(268),"The system session has transitioned from 5 to 6.

Reason InputAccelerometer 

BootId: 58"
Information,30-10-2023 21:10:14,Microsoft-Windows-Kernel-Power,507,(158),"The system is exiting Modern Standby 

Reason: Input Keyboard."
Information,30-10-2023 21:10:14,Netwtw08,7026,None,7026 - Dump after return from D3 after cmd
Information,30-10-2023 21:10:14,Netwtw08,7025,None,7025 - Dump after return from D3 before cmd 
Information,30-10-2023 21:07:50,Netwtw08,7026,None,7026 - Dump after return from D3 after cmd
Information,30-10-2023 21:07:50,Netwtw08,7025,None,7025 - Dump after return from D3 before cmd 
Information,30-10-2023 21:07:49,Netwtw08,7026,None,7026 - Dump after return from D3 after cmd
Information,30-10-2023 21:07:49,Netwtw08,7025,None,7025 - Dump after return from D3 before cmd 
Information,30-10-2023 21:06:48,Netwtw08,7026,None,7026 - Dump after return from D3 after cmd
Information,30-10-2023 21:06:48,Netwtw08,7025,None,7025 - Dump after return from D3 before cmd 
Information,30-10-2023 21:06:40,Netwtw08,7026,None,7026 - Dump after return from D3 after cmd
Information,30-10-2023 21:06:40,Netwtw08,7025,None,7025 - Dump after return from D3 before cmd 
Information,30-10-2023 21:06:36,Netwtw08,7026,None,7026 - Dump after return from D3 after cmd
Information,30-10-2023 21:06:36,Netwtw08,7025,None,7025 - Dump after return from D3 before cmd 
Information,30-10-2023 21:06:34,Netwtw08,7026,None,7026 - Dump after return from D3 after cmd
Information,30-10-2023 21:06:34,Netwtw08,7025,None,7025 - Dump after return from D3 before cmd 
Information,30-10-2023 21:06:33,Netwtw08,7026,None,7026 - Dump after return from D3 after cmd
Information,30-10-2023 21:06:33,Netwtw08,7025,None,7025 - Dump after return from D3 before cmd 
Information,30-10-2023 21:04:47,Microsoft-Windows-Kernel-Power,566,(268),"The system session has transitioned from 4 to 5.

Reason SessionUnlock 

BootId: 58"
Information,30-10-2023 21:04:19,Microsoft-Windows-Kernel-Power,506,(157),"The system is entering Modern Standby 

Reason: Idle Timeout."
Information,30-10-2023 21:04:19,Microsoft-Windows-Kernel-Power,566,(268),"The system session has transitioned from 3 to 4.

Reason SessionUnlock 

BootId: 58"
Information,30-10-2023 20:41:52,Service Control Manager,7040,None,The start type of the Background Intelligent Transfer Service service was changed from auto start to demand start.
Information,30-10-2023 20:39:48,Service Control Manager,7040,None,The start type of the Background Intelligent Transfer Service service was changed from demand start to auto start.
Information,30-10-2023 20:38:41,Microsoft-Windows-Kernel-General,16,None,The access history in hive \??\C:\ProgramData\Microsoft\Provisioning\Microsoft-Desktop-Provisioning-Sequence.dat was cleared updating 0 keys and creating 0 modified pages.
Warning,30-10-2023 20:30:53,VMnetDHCP,1,None,dispatch: Timeout waiting for input data
Warning,30-10-2023 20:28:30,hcmon,0,None,Detected unrecognized USB driver (\Driver\USBPcap).
Warning,30-10-2023 20:28:24,hcmon,0,None,Detected unrecognized USB driver (\Driver\USBPcap).
Warning,30-10-2023 20:28:21,disk,51,None,An error was detected on device \Device\Harddisk1\DR1 during a paging operation.
Warning,30-10-2023 20:24:03,hcmon,0,None,Detected unrecognized USB driver (\Driver\USBPcap).
Information,30-10-2023 20:22:24,Service Control Manager,7045,None,"A service was installed in the system.

Service Name:  MpKsl2a6d2c40
Service File Name:  C:\ProgramData\Microsoft\Windows Defender\Definition Updates\{686647C3-87A5-44BB-ACFF-620C9737FB7A}\MpKslDrv.sys
Service Type:  kernel mode driver
Service Start Type:  demand start
Service Account:  "
Information,30-10-2023 20:22:24,Microsoft-Windows-WindowsUpdateClient,19,Windows Update Agent,Installation Successful: Windows successfully installed the following update: Security Intelligence Update for Microsoft Defender Antivirus - KB2267602 (Version 1.399.1572.0) - Current Channel (Broad)
Information,30-10-2023 20:22:17,Microsoft-Windows-WindowsUpdateClient,43,Windows Update Agent,Installation Started: Windows has started installing the following update: Security Intelligence Update for Microsoft Defender Antivirus - KB2267602 (Version 1.399.1572.0) - Current Channel (Broad)
Information,30-10-2023 20:22:14,Microsoft-Windows-WindowsUpdateClient,44,Windows Update Agent,Windows Update started downloading an update.
Warning,30-10-2023 20:17:12,hcmon,0,None,Detected unrecognized USB driver (\Driver\USBPcap).
Warning,30-10-2023 20:16:55,hcmon,0,None,Detected unrecognized USB driver (\Driver\USBPcap).
Warning,30-10-2023 20:15:13,Microsoft-Windows-DistributedCOM,10016,None,"The application-specific permission settings do not grant Local Activation permission for the COM Server application with CLSID 
{2593F8B9-4EAF-457C-B68A-50F6B8EA6B54}
 and APPID 
{15C20B67-12E7-4BB6-92BB-7AFF07997402}
 to the user DESKTOP-SGF9A33\chana SID (S-1-5-21-3444099338-3253721846-659789935-1001) from address LocalHost (Using LRPC) running in the application container Unavailable SID (Unavailable). This security permission can be modified using the Component Services administrative tool."
Warning,30-10-2023 20:14:43,hcmon,0,None,Detected unrecognized USB driver (\Driver\USBPcap).
Warning,30-10-2023 20:14:41,hcmon,0,None,Detected unrecognized USB driver (\Driver\USBPcap).
Information,30-10-2023 20:14:34,Service Control Manager,7045,None,"A service was installed in the system.

Service Name:  MpKsl4db7b2a1
Service File Name:  C:\ProgramData\Microsoft\Windows Defender\Definition Updates\{A2B1D599-7434-42E6-880D-C7CDD5542621}\MpKslDrv.sys
Service Type:  kernel mode driver
Service Start Type:  demand start
Service Account:  "
Warning,30-10-2023 20:13:55,Microsoft-Windows-DistributedCOM,10016,None,"The application-specific permission settings do not grant Local Launch permission for the COM Server application with CLSID 
Windows.SecurityCenter.WscDataProtection
 and APPID 
Unavailable
 to the user NT AUTHORITY\SYSTEM SID (S-1-5-18) from address LocalHost (Using LRPC) running in the application container Unavailable SID (Unavailable). This security permission can be modified using the Component Services administrative tool."
Warning,30-10-2023 20:13:55,Microsoft-Windows-DistributedCOM,10016,None,"The application-specific permission settings do not grant Local Launch permission for the COM Server application with CLSID 
Windows.SecurityCenter.SecurityAppBroker
 and APPID 
Unavailable
 to the user NT AUTHORITY\SYSTEM SID (S-1-5-18) from address LocalHost (Using LRPC) running in the application container Unavailable SID (Unavailable). This security permission can be modified using the Component Services administrative tool."
Warning,30-10-2023 20:13:55,Microsoft-Windows-DistributedCOM,10016,None,"The application-specific permission settings do not grant Local Launch permission for the COM Server application with CLSID 
Windows.SecurityCenter.WscBrokerManager
 and APPID 
Unavailable
 to the user NT AUTHORITY\SYSTEM SID (S-1-5-18) from address LocalHost (Using LRPC) running in the application container Unavailable SID (Unavailable). This security permission can be modified using the Component Services administrative tool."
Error,30-10-2023 20:13:42,Microsoft-Windows-DistributedCOM,10010,None,The server {8CFC164F-4BE5-4FDD-94E9-E2AF73ED4A19} did not register with DCOM within the required timeout.
Warning,30-10-2023 20:13:14,hcmon,0,None,Detected unrecognized USB driver (\Driver\USBPcap).
Information,30-10-2023 20:13:12,Microsoft-Windows-Kernel-Power,566,(268),"The system session has transitioned from 1 to 3.

Reason InputAccelerometer 

BootId: 58"
Information,30-10-2023 20:13:12,Microsoft-Windows-Kernel-Power,507,(158),"The system is exiting Modern Standby 

Reason: Input Keyboard."
Information,30-10-2023 20:13:05,Microsoft-Windows-WindowsUpdateClient,19,Windows Update Agent,Installation Successful: Windows successfully installed the following update: 9NZTWSQNTD0S-TelegramMessengerLLP.TelegramDesktop
Information,30-10-2023 20:13:05,Microsoft-Windows-Kernel-General,16,None,The access history in hive \??\C:\Users\chana\AppData\Local\Packages\TelegramMessengerLLP.TelegramDesktop_t4vj0pshhgkwm\Settings\settings.dat was cleared updating 1 keys and creating 1 modified pages.
Information,30-10-2023 20:13:05,Microsoft-Windows-WindowsUpdateClient,43,Windows Update Agent,Installation Started: Windows has started installing the following update: 9NZTWSQNTD0S-TelegramMessengerLLP.TelegramDesktop
Information,30-10-2023 20:13:03,BTHUSB,37,None,An incoming authentication request from a remote device (44:8c:00:79:3b:ca) was rejected.
Warning,30-10-2023 20:12:59,Microsoft-Windows-Kernel-Processor-Power,37,(7),The speed of processor 7 in group 0 is being limited by system firmware. The processor has been in this reduced performance state for 71 seconds since the last report.
Information,30-10-2023 20:12:47,Microsoft-Windows-WindowsUpdateClient,44,Windows Update Agent,Windows Update started downloading an update.
Information,30-10-2023 20:12:47,Microsoft-Windows-WindowsUpdateClient,44,Windows Update Agent,Windows Update started downloading an update.
Information,30-10-2023 20:12:47,Microsoft-Windows-WindowsUpdateClient,44,Windows Update Agent,Windows Update started downloading an update.
Information,30-10-2023 20:12:42,Microsoft-Windows-Kernel-Power,506,(157),"The system is entering Modern Standby 

Reason: Idle Timeout."
Information,30-10-2023 20:12:42,Microsoft-Windows-Kernel-Power,566,(268),"The system session has transitioned from 0 to 1.

Reason SessionUnlock 

BootId: 58"
Error,30-10-2023 20:12:33,BTHUSB,16,None,The mutual authentication between the local Bluetooth adapter and a device with Bluetooth adapter address (44:8c:00:79:3b:ca) failed.
Information,30-10-2023 20:12:23,Microsoft-Windows-WindowsUpdateClient,19,Windows Update Agent,Installation Successful: Windows successfully installed the following update: ASIX - Net - 2.22.7.0
Information,30-10-2023 20:12:23,Microsoft-Windows-WindowsUpdateClient,43,Windows Update Agent,Installation Started: Windows has started installing the following update: ASIX - Net - 2.22.7.0
Information,30-10-2023 20:12:21,Microsoft-Windows-WindowsUpdateClient,44,Windows Update Agent,Windows Update started downloading an update.
Information,30-10-2023 20:12:21,Microsoft-Windows-WindowsUpdateClient,19,Windows Update Agent,"Installation Successful: Windows successfully installed the following update: 2023-10 Cumulative Update Preview for .NET Framework 3.5 and 4.8.1 for Windows 11, version 22H2 for x64 (KB5031905)"
Warning,30-10-2023 20:12:01,hcmon,0,None,Detected unrecognized USB driver (\Driver\USBPcap).
Warning,30-10-2023 20:12:00,Netwtw08,6062,None,6062 - Lso was triggered
Information,30-10-2023 20:11:58,Microsoft-Windows-TPM-WMI,1025,None,The TPM was successfully provisioned and is now ready for use.
Information,30-10-2023 20:11:58,Netwtw08,7021,None,7021 - Connection telemetry fields and analysis usage
Information,30-10-2023 20:11:57,Microsoft-Windows-TPM-WMI,1282,None,The TBS device identifier has been generated.
Warning,30-10-2023 20:11:56,Microsoft-Windows-DistributedCOM,10016,None,"The application-specific permission settings do not grant Local Activation permission for the COM Server application with CLSID 
{6B3B8D23-FA8D-40B9-8DBD-B950333E2C52}
 and APPID 
{4839DDB7-58C2-48F5-8283-E1D1807D0D7D}
 to the user NT AUTHORITY\LOCAL SERVICE SID (S-1-5-19) from address LocalHost (Using LRPC) running in the application container Unavailable SID (Unavailable). This security permission can be modified using the Component Services administrative tool."
Warning,30-10-2023 20:11:56,Microsoft-Windows-DistributedCOM,10016,None,"The application-specific permission settings do not grant Local Activation permission for the COM Server application with CLSID 
{6B3B8D23-FA8D-40B9-8DBD-B950333E2C52}
 and APPID 
{4839DDB7-58C2-48F5-8283-E1D1807D0D7D}
 to the user NT AUTHORITY\LOCAL SERVICE SID (S-1-5-19) from address LocalHost (Using LRPC) running in the application container Unavailable SID (Unavailable). This security permission can be modified using the Component Services administrative tool."
Warning,30-10-2023 20:11:56,hcmon,0,None,Detected unrecognized USB driver (\Driver\USBPcap).
Information,30-10-2023 20:11:55,TPM,18,None,This event triggers the Trusted Platform Module (TPM) provisioning/status check to run.
Information,30-10-2023 20:11:55,Microsoft-Windows-Winlogon,7001,(1101),User Logon Notification for Customer Experience Improvement Program
Information,30-10-2023 20:11:55,Service Control Manager,7040,None,The start type of the Windows Modules Installer service was changed from auto start to demand start.
Information,30-10-2023 20:11:55,Service Control Manager,7026,None,"The following boot-start or system-start driver(s) did not load: 
WinSetupMon"
Information,30-10-2023 20:11:54,Microsoft-Windows-UserModePowerService,12,(10),Process C:\Windows\System32\DriverStore\FileRepository\dptf_cpu.inf_amd64_4a3ae74cfa6c37d6\esif_uf.exe (process ID:4960) reset policy scheme from {381b4222-f694-41f0-9685-ff5bb260df2e} to {381b4222-f694-41f0-9685-ff5bb260df2e}
Information,30-10-2023 20:11:54,Microsoft-Windows-UserModePowerService,12,(10),Process C:\Windows\System32\DriverStore\FileRepository\dptf_cpu.inf_amd64_4a3ae74cfa6c37d6\esif_uf.exe (process ID:4960) reset policy scheme from {381b4222-f694-41f0-9685-ff5bb260df2e} to {381b4222-f694-41f0-9685-ff5bb260df2e}
Warning,30-10-2023 20:11:53,hcmon,0,None,Detected unrecognized USB driver (\Driver\USBPcap).
Warning,30-10-2023 20:11:53,hcmon,0,None,Detected unrecognized USB driver (\Driver\USBPcap).
Information,30-10-2023 20:11:53,Microsoft-Windows-UserModePowerService,12,(10),Process C:\Windows\System32\DriverStore\FileRepository\dptf_cpu.inf_amd64_4a3ae74cfa6c37d6\esif_uf.exe (process ID:4960) reset policy scheme from {381b4222-f694-41f0-9685-ff5bb260df2e} to {381b4222-f694-41f0-9685-ff5bb260df2e}
Warning,30-10-2023 20:11:53,hcmon,0,None,Detected unrecognized USB driver (\Driver\USBPcap).
Information,30-10-2023 20:11:53,vmx86,34,None,"The description for Event ID 34 from source vmx86 cannot be found. Either the component that raises this event is not installed on your local computer or the installation is corrupted. You can install or repair the component on the local computer.

If the event originated on another computer, the display information had to be saved with the event.

The following information was included with the event: 

VMX86.SYS: begin DriverEntry

The message resource is present but the message was not found in the message table
"
Information,30-10-2023 20:11:53,Microsoft-Windows-WLAN-AutoConfig,10001,None,"WLAN Extensibility Module has successfully started.

Module Path: C:\WINDOWS\system32\IntelIHVRouter08.dll
"
Information,30-10-2023 20:11:53,Microsoft-Windows-WLAN-AutoConfig,4000,None,"WLAN AutoConfig service has successfully started.
"
Information,30-10-2023 20:11:53,Microsoft-Windows-HttpService,112,HTTP Setup Trace Task,"Attempted to reserve URL http://+:10243/WMPNSSv4/. Status 0x0. Process Id 0x4 Executable path , User SYSTEM"
Information,30-10-2023 20:11:53,Microsoft-Windows-HttpService,112,HTTP Setup Trace Task,"Attempted to reserve URL https://+:10245/WMPNSSv4/. Status 0x0. Process Id 0x4 Executable path , User SYSTEM"
Information,30-10-2023 20:11:53,Microsoft-Windows-HttpService,112,HTTP Setup Trace Task,"Attempted to reserve URL http://+:10247/apps/. Status 0x0. Process Id 0x4 Executable path , User SYSTEM"
Information,30-10-2023 20:11:53,Microsoft-Windows-HttpService,112,HTTP Setup Trace Task,"Attempted to reserve URL https://+:443/sra_{BA195980-CD49-458b-9E23-C84EE0ADCD75}/. Status 0x0. Process Id 0x4 Executable path , User SYSTEM"
Information,30-10-2023 20:11:53,Microsoft-Windows-HttpService,112,HTTP Setup Trace Task,"Attempted to reserve URL http://+:3387/rdp/. Status 0x0. Process Id 0x4 Executable path , User SYSTEM"
Information,30-10-2023 20:11:53,Microsoft-Windows-HttpService,112,HTTP Setup Trace Task,"Attempted to reserve URL https://+:3392/rdp/. Status 0x0. Process Id 0x4 Executable path , User SYSTEM"
Information,30-10-2023 20:11:53,Microsoft-Windows-HttpService,112,HTTP Setup Trace Task,"Attempted to reserve URL http://+:10246/MDEServer/. Status 0x0. Process Id 0x4 Executable path , User SYSTEM"
Information,30-10-2023 20:11:53,Microsoft-Windows-HttpService,112,HTTP Setup Trace Task,"Attempted to reserve URL http://*:2869/. Status 0x0. Process Id 0x4 Executable path , User SYSTEM"
Information,30-10-2023 20:11:53,Microsoft-Windows-HttpService,112,HTTP Setup Trace Task,"Attempted to reserve URL http://+:5985/wsman/. Status 0x0. Process Id 0x4 Executable path , User SYSTEM"
Information,30-10-2023 20:11:53,Microsoft-Windows-HttpService,112,HTTP Setup Trace Task,"Attempted to reserve URL http://+:47001/wsman/. Status 0x0. Process Id 0x4 Executable path , User SYSTEM"
Information,30-10-2023 20:11:53,Microsoft-Windows-HttpService,112,HTTP Setup Trace Task,"Attempted to reserve URL https://+:5986/wsman/. Status 0x0. Process Id 0x4 Executable path , User SYSTEM"
Information,30-10-2023 20:11:53,Microsoft-Windows-HttpService,112,HTTP Setup Trace Task,"Attempted to reserve URL https://*:5358/. Status 0x0. Process Id 0x4 Executable path , User SYSTEM"
Information,30-10-2023 20:11:53,Microsoft-Windows-HttpService,112,HTTP Setup Trace Task,"Attempted to reserve URL http://+:80/Temporary_Listen_Addresses/. Status 0x0. Process Id 0x4 Executable path , User SYSTEM"
Information,30-10-2023 20:11:53,Microsoft-Windows-HttpService,112,HTTP Setup Trace Task,"Attempted to reserve URL http://*:5357/. Status 0x0. Process Id 0x4 Executable path , User SYSTEM"
Information,30-10-2023 20:11:53,VMnetuserif,1,None,() Starting up the User Interface Driver for VMware Virtual Networks.
Information,30-10-2023 20:11:53,Microsoft-Windows-Hyper-V-VmSwitch,277,None,"vmswitch.sys build 22621.amd64.ni_release_svc_prod3, debug false, official true, 1 1"
Information,30-10-2023 20:11:53,VMnetBridge,10,None,() Starting up the Bridge Driver for VMware Virtual Networks.
Information,30-10-2023 20:11:52,Microsoft-Windows-FilterManager,6,None,"File System Filter 'bindflt' (10.0, ‎2032‎-‎10‎-‎20T06:52:30.000000000Z) has successfully loaded and registered with Filter Manager."
Information,30-10-2023 20:11:52,Microsoft-Windows-FilterManager,6,None,"File System Filter 'storqosflt' (10.0, ‎2039‎-‎04‎-‎22T07:06:38.000000000Z) has successfully loaded and registered with Filter Manager."
Information,30-10-2023 20:11:52,Microsoft-Windows-FilterManager,6,None,"File System Filter 'CldFlt' (10.0, ‎2095‎-‎09‎-‎03T12:58:17.000000000Z) has successfully loaded and registered with Filter Manager."
Information,30-10-2023 20:11:52,Microsoft-Windows-FilterManager,1,None,"File System Filter 'CldFlt' (Version 10.0, ‎2095‎-‎09‎-‎03T12:58:17.000000000Z) unloaded successfully."
Information,30-10-2023 20:11:52,Microsoft-Windows-FilterManager,6,None,"File System Filter 'CldFlt' (10.0, ‎2095‎-‎09‎-‎03T12:58:17.000000000Z) has successfully loaded and registered with Filter Manager."
Information,30-10-2023 20:11:52,Microsoft-Windows-FilterManager,6,None,"File System Filter 'luafv' (10.0, ‎2059‎-‎02‎-‎13T14:58:11.000000000Z) has successfully loaded and registered with Filter Manager."
Information,30-10-2023 20:11:52,Microsoft-Windows-FilterManager,6,None,"File System Filter 'wcifs' (10.0, ‎2089‎-‎07‎-‎06T23:12:00.000000000Z) has successfully loaded and registered with Filter Manager."
Information,30-10-2023 20:11:52,Microsoft-Windows-FilterManager,6,None,"File System Filter 'bfs' (10.0, ‎1989‎-‎12‎-‎07T16:11:03.000000000Z) has successfully loaded and registered with Filter Manager."
Information,30-10-2023 20:11:52,Microsoft-Windows-DHCPv6-Client,51046,Service State Event,DHCPv6 client service is started
Information,30-10-2023 20:11:52,Win32k,267,None,Touch/Touchpad Hardware Quality Assurance verification succeeded.
Information,30-10-2023 20:11:52,Microsoft-Windows-Dhcp-Client,50036,Service State Event,DHCPv4 client service is started
Information,30-10-2023 20:11:52,Microsoft-Windows-Dhcp-Client,50103,Service State Event,DHCPv4 client registered for shutdown notification
Information,30-10-2023 20:11:52,Microsoft-Windows-Dhcp-Client,50036,Service State Event,DHCPv4 client service is started
Information,30-10-2023 20:11:51,Microsoft-Windows-Directory-Services-SAM,16983,None,"The security account manager is now logging periodic summary events for remote clients that call legacy password change or set RPC methods.

For more information please see https://go.microsoft.com/fwlink/?linkid=2150956.
"
Information,30-10-2023 20:11:51,Microsoft-Windows-Directory-Services-SAM,16977,None,"The domain is configured with the following minimum password length-related settings.

MinimumPasswordLength: 0

RelaxMinimumPasswordLengthLimits: 0

MinimumPasswordLengthAudit: -1

For more information see https://go.microsoft.com/fwlink/?LinkId=2097191.
"
Information,30-10-2023 20:11:51,Win32k,267,None,Touch/Touchpad Hardware Quality Assurance verification succeeded.
Information,30-10-2023 20:11:51,Microsoft-Windows-Directory-Services-SAM,16962,None,"Remote calls to the SAM database are being restricted using the default security descriptor: O:SYG:SYD:(A;;RC;;;BA).
For more information please see http://go.microsoft.com/fwlink/?LinkId=787651."
Warning,30-10-2023 20:11:51,LsaSrv,6155,None,"LSA package is not signed as expected. This can cause unexpected behavior with Credential Guard.

PackageName: msv1_0"
Information,30-10-2023 20:11:51,Microsoft-Windows-IsolatedUserMode,5,None,Secure Trustlet NULL Id 0 and Pid 0 started with status STATUS_SUCCESS.
Warning,30-10-2023 20:11:51,LsaSrv,6155,None,"LSA package is not signed as expected. This can cause unexpected behavior with Credential Guard.

PackageName: sfapm"
Warning,30-10-2023 20:11:51,LsaSrv,6155,None,"LSA package is not signed as expected. This can cause unexpected behavior with Credential Guard.

PackageName: schannel"
Warning,30-10-2023 20:11:51,LsaSrv,6155,None,"LSA package is not signed as expected. This can cause unexpected behavior with Credential Guard.

PackageName: wdigest"
Warning,30-10-2023 20:11:51,LsaSrv,6155,None,"LSA package is not signed as expected. This can cause unexpected behavior with Credential Guard.

PackageName: cloudap"
Warning,30-10-2023 20:11:51,LsaSrv,6155,None,"LSA package is not signed as expected. This can cause unexpected behavior with Credential Guard.

PackageName: pku2u"
Warning,30-10-2023 20:11:51,LsaSrv,6155,None,"LSA package is not signed as expected. This can cause unexpected behavior with Credential Guard.

PackageName: tspkg"
Warning,30-10-2023 20:11:51,LsaSrv,6155,None,"LSA package is not signed as expected. This can cause unexpected behavior with Credential Guard.

PackageName: msv1_0"
Warning,30-10-2023 20:11:51,LsaSrv,6155,None,"LSA package is not signed as expected. This can cause unexpected behavior with Credential Guard.

PackageName: kerberos"
Warning,30-10-2023 20:11:51,LsaSrv,6155,None,"LSA package is not signed as expected. This can cause unexpected behavior with Credential Guard.

PackageName: negoexts"
Information,30-10-2023 20:11:51,LsaSrv,6156,None,"Virtualization Based Security for Credential Guard auto enablement status.

Hardware Requirements:	1
Domain Joined:	0
Azure AD Joined:	0"
Information,30-10-2023 20:11:51,Microsoft-Windows-Wininit,18,None,VBS Key Isolation was started and will protect VSM-isolated keys.
Information,30-10-2023 20:11:51,Microsoft-Windows-IsolatedUserMode,1,None,Secure Trustlet \??\C:\WINDOWS\system32\lsaiso.exe Id 1 and Pid 1004 started with status STATUS_SUCCESS.
Information,30-10-2023 20:11:51,Microsoft-Windows-IsolatedUserMode,5,None,Secure Trustlet NULL Id 0 and Pid 0 started with status STATUS_SUCCESS.
Information,30-10-2023 20:11:51,Microsoft-Windows-Wininit,14,None,"Credential Guard configuration:

Registry Configuration: 0x2
Test Configuration: 0
Auto Enablement: 1"
Information,30-10-2023 20:11:50,Microsoft-Windows-Kernel-General,24,(11),The time zone information was refreshed with exit reason 0. Current time zone bias is -330.
Information,30-10-2023 20:11:49,BTHUSB,18,None,Windows cannot store Bluetooth authentication codes (link keys) on the local adapter. Bluetooth keyboards might not work in the system BIOS during startup.
Warning,30-10-2023 20:11:49,Microsoft-Windows-Kernel-PnP,219,(212),The driver \Driver\WUDFRd failed to load for the device {DD8E82AE-334B-49A2-AEAE-AEB0FD5C40DD}\DetectionVerification\5&fef3e62&0&0.
Information,30-10-2023 20:11:49,Microsoft-Windows-DriverFrameworks-UserMode,10118,Startup of the UMDF reflector,"UMDF reflector is unable to connect to service control manager (SCM). This is expected during boot, when SCM has not started yet. Will retry when it starts."
Information,30-10-2023 20:11:48,MEIx64,2,None,"The description for Event ID 2 from source MEIx64 cannot be found. Either the component that raises this event is not installed on your local computer or the installation is corrupted. You can install or repair the component on the local computer.

If the event originated on another computer, the display information had to be saved with the event.

The following information was included with the event: 


The message resource is present but the message was not found in the message table
"
Information,30-10-2023 20:11:48,Netwtw08,7017,None,7017 - secure boot (SB) configuration
Information,30-10-2023 20:11:48,Netwtw08,7010,None,7010 - driver enabled (miniport init)
Information,30-10-2023 20:11:48,Microsoft-Windows-Kernel-Power,521,(220),Active battery count change.
Information,30-10-2023 20:11:48,Microsoft-Windows-Kernel-Power,521,(220),Active battery count change.
Information,30-10-2023 20:11:48,Microsoft-Windows-Kernel-Processor-Power,55,(47),"Processor 7 in group 0 exposes the following power management capabilities:

Idle state type: Micro Power Engine Plugin (11 state(s))

Performance state type: ACPI Collaborative Processor Performance Control
Nominal Frequency (MHz): 2304
Maximum performance percentage: 213
Minimum performance percentage: 56
Minimum throttle percentage: 4"
Information,30-10-2023 20:11:48,Microsoft-Windows-Kernel-Processor-Power,55,(47),"Processor 5 in group 0 exposes the following power management capabilities:

Idle state type: Micro Power Engine Plugin (11 state(s))

Performance state type: ACPI Collaborative Processor Performance Control
Nominal Frequency (MHz): 2304
Maximum performance percentage: 213
Minimum performance percentage: 60
Minimum throttle percentage: 4"
Information,30-10-2023 20:11:48,Microsoft-Windows-Kernel-Processor-Power,55,(47),"Processor 3 in group 0 exposes the following power management capabilities:

Idle state type: Micro Power Engine Plugin (11 state(s))

Performance state type: ACPI Collaborative Processor Performance Control
Nominal Frequency (MHz): 2304
Maximum performance percentage: 213
Minimum performance percentage: 60
Minimum throttle percentage: 4"
Information,30-10-2023 20:11:48,Microsoft-Windows-Kernel-Processor-Power,55,(47),"Processor 1 in group 0 exposes the following power management capabilities:

Idle state type: Micro Power Engine Plugin (11 state(s))

Performance state type: ACPI Collaborative Processor Performance Control
Nominal Frequency (MHz): 2304
Maximum performance percentage: 213
Minimum performance percentage: 60
Minimum throttle percentage: 4"
Information,30-10-2023 20:11:48,Microsoft-Windows-Kernel-Processor-Power,55,(47),"Processor 6 in group 0 exposes the following power management capabilities:

Idle state type: Micro Power Engine Plugin (11 state(s))

Performance state type: ACPI Collaborative Processor Performance Control
Nominal Frequency (MHz): 2304
Maximum performance percentage: 213
Minimum performance percentage: 56
Minimum throttle percentage: 4"
Information,30-10-2023 20:11:48,Microsoft-Windows-Kernel-Processor-Power,55,(47),"Processor 4 in group 0 exposes the following power management capabilities:

Idle state type: Micro Power Engine Plugin (11 state(s))

Performance state type: ACPI Collaborative Processor Performance Control
Nominal Frequency (MHz): 2304
Maximum performance percentage: 213
Minimum performance percentage: 56
Minimum throttle percentage: 4"
Information,30-10-2023 20:11:48,Microsoft-Windows-Kernel-Processor-Power,55,(47),"Processor 2 in group 0 exposes the following power management capabilities:

Idle state type: Micro Power Engine Plugin (11 state(s))

Performance state type: ACPI Collaborative Processor Performance Control
Nominal Frequency (MHz): 2304
Maximum performance percentage: 213
Minimum performance percentage: 56
Minimum throttle percentage: 4"
Information,30-10-2023 20:11:48,Microsoft-Windows-Kernel-Processor-Power,55,(47),"Processor 0 in group 0 exposes the following power management capabilities:

Idle state type: Micro Power Engine Plugin (11 state(s))

Performance state type: ACPI Collaborative Processor Performance Control
Nominal Frequency (MHz): 2304
Maximum performance percentage: 213
Minimum performance percentage: 17
Minimum throttle percentage: 4"
Information,30-10-2023 20:11:48,Netwtw08,7002,None,7002 - CTDP power limit value (SPLC)
Information,30-10-2023 20:11:48,Netwtw08,7005,None,7005 - SAR value max TX power (WRDS)
Information,30-10-2023 20:11:48,Netwtw08,7036,None,The \Device\NDMP6 service entered the Intel(R) Wireless-AC 9462 state.
Warning,30-10-2023 20:11:47,Microsoft-Windows-Kernel-PnP,219,(212),The driver \Driver\WUDFRd failed to load for the device PCI\VEN_8086&DEV_1903&SUBSYS_19411D72&REV_0C\3&11583659&0&20.
Information,30-10-2023 20:11:47,Microsoft-Windows-DriverFrameworks-UserMode,10118,Startup of the UMDF reflector,"UMDF reflector is unable to connect to service control manager (SCM). This is expected during boot, when SCM has not started yet. Will retry when it starts."
Information,30-10-2023 20:11:47,VMnetAdapter,36,None,() Starting up the Adapter Driver for VMware Virtual Networks.
Information,30-10-2023 20:11:47,Microsoft-Windows-Kernel-Power,125,(86),"ACPI thermal zone \_TZ.TZ00 has been enumerated.             
_PSV = 0K             
_TC1 = 0             
_TC2 = 0             
_TSP = 0ms             
_AC0 = 0K             
_AC1 = 0K             
_AC2 = 0K             
_AC3 = 0K             
_AC4 = 0K             
_AC5 = 0K             
_AC6 = 0K             
_AC7 = 0K             
_AC8 = 0K             
_AC9 = 0K             
_CRT = 399K             
_HOT = 0K             
minimum throttle = 0             
_CR3 = 0K"
Information,30-10-2023 20:11:47,Microsoft-Windows-Kernel-Power,125,(86),"ACPI thermal zone \_TZ.TZ01 has been enumerated.             
_PSV = 371K             
_TC1 = 0             
_TC2 = 50             
_TSP = 0ms             
_AC0 = 0K             
_AC1 = 0K             
_AC2 = 0K             
_AC3 = 0K             
_AC4 = 0K             
_AC5 = 0K             
_AC6 = 0K             
_AC7 = 0K             
_AC8 = 0K             
_AC9 = 0K             
_CRT = 393K             
_HOT = 0K             
minimum throttle = 0             
_CR3 = 0K"
Information,30-10-2023 20:11:47,Microsoft-Windows-FilterManager,6,None,"File System Filter 'npsvctrig' (10.0, ‎1979‎-‎12‎-‎19T21:42:41.000000000Z) has successfully loaded and registered with Filter Manager."
Information,30-10-2023 20:11:46,VfpExt,7036,None,The  service entered the Driver load complete state.
Information,30-10-2023 20:11:46,VfpExt,7036,None,The  service entered the Driver load start state.
Information,30-10-2023 20:11:46,Microsoft-Windows-FilterManager,6,None,"File System Filter 'FileCrypt' (10.0, ‎1983‎-‎08‎-‎19T08:28:35.000000000Z) has successfully loaded and registered with Filter Manager."
Information,30-10-2023 20:11:46,Microsoft-Windows-Ntfs,98,None,Volume C: (\Device\HarddiskVolume2) is healthy.  No action is needed.
Information,30-10-2023 20:11:46,Microsoft-Windows-FilterManager,6,None,"File System Filter 'WdFilter' (10.0, ‎1973‎-‎06‎-‎11T09:29:02.000000000Z) has successfully loaded and registered with Filter Manager."
Information,30-10-2023 20:11:46,Microsoft-Windows-FilterManager,6,None,"File System Filter 'Wof' (10.0, ‎2086‎-‎08‎-‎04T16:50:16.000000000Z) has successfully loaded and registered with Filter Manager."
Information,30-10-2023 20:11:46,Microsoft-Windows-FilterManager,6,None,"File System Filter 'FileInfo' (10.0, ‎2079‎-‎02‎-‎27T03:33:00.000000000Z) has successfully loaded and registered with Filter Manager."
Information,30-10-2023 20:11:45,Microsoft-Windows-HAL,16,None,The iommu fault reporting has been initialized.
Information,30-10-2023 20:11:45,Microsoft-Windows-Kernel-General,20,(6),"The leap second configuration has been updated.
Reason: Leap second data initialized from registry during boot
Leap seconds enabled: true
New leap second count: 0
Old leap second count: 0"
Information,30-10-2023 20:11:45,Microsoft-Windows-IsolatedUserMode,3,None,Secure Kernel started with status STATUS_SUCCESS and flags 0.
Warning,30-10-2023 20:11:45,Microsoft-Windows-Hyper-V-Hypervisor,167,None,"The hypervisor did not enable mitigations for side channel vulnerabilities for virtual machines because HyperThreading is enabled. To enable mitigations for virtual machines, disable HyperThreading."
Information,30-10-2023 20:11:45,Microsoft-Windows-Hyper-V-Hypervisor,165,None,"Hypervisor configured mitigations for CVE-2019-11091, CVE-2018-12126, CVE-2018-12127, CVE-2018-12130 for virtual machines.

Processor not affected: true
Processor family not affected: false
Processor supports microarchitectural buffer flush: false
Buffer flush needed: true
"
Information,30-10-2023 20:11:45,Microsoft-Windows-Hyper-V-Hypervisor,156,None,"Hypervisor configured mitigations for CVE-2018-3646 for virtual machines.

Processor not affected: true
Processor family not affected: false
Processor supports cache flush: true
HyperThreading enabled: true
Parent hypervisor applies mitigations: false
Mitigations disabled by bcdedit: false
Mitigations enabled: true
Cache flush needed: false
"
Information,30-10-2023 20:11:45,Microsoft-Windows-Hyper-V-Hypervisor,129,None,"Hypervisor initialized I/O remapping.

Hardware present: true
Hardware enabled: true
Policy: 0x0
Enabled features: 0x43
Internal information: 0x0
Problems: 0x0
Additional information: 0x0"
Information,30-10-2023 20:11:45,Microsoft-Windows-Hyper-V-Hypervisor,2,None,Hypervisor scheduler type is 0x4.
Information,30-10-2023 20:11:45,Microsoft-Windows-Hyper-V-Hypervisor,1,None,Hypervisor successfully started.
Information,30-10-2023 20:11:45,Microsoft-Windows-Kernel-Boot,30,(21),The firmware reported boot metrics.
Information,30-10-2023 20:11:45,Microsoft-Windows-Kernel-Boot,27,(33),The boot type was 0x0.
Information,30-10-2023 20:11:45,Microsoft-Windows-Kernel-Boot,25,(32),The boot menu policy was 0x1.
Information,30-10-2023 20:11:45,Microsoft-Windows-Kernel-Boot,238,(101),EFI time zone bias: 2047. Daylight flags: 0. Firmware time: ‎2023‎-‎10‎-‎30T20:11:42.000000000Z.
Information,30-10-2023 20:11:45,Microsoft-Windows-Kernel-Boot,20,(31),The last shutdown's success status was true. The last boot's success status was true.
Information,30-10-2023 20:11:45,Microsoft-Windows-Kernel-Boot,32,(58),The bootmgr spent 0 ms waiting for user input.
Information,30-10-2023 20:11:45,Microsoft-Windows-Kernel-Boot,18,(57),There are 0x1 boot options on this system.
Information,30-10-2023 20:11:45,Microsoft-Windows-Kernel-Boot,153,(62),"Virtualization-based security (policies: VBS Enabled,VSM Required,Boot Chain Signer Soft Enforced) is enabled due to HyperV."
Information,30-10-2023 20:11:45,Microsoft-Windows-Kernel-General,12,(1),The operating system started at system time ‎2023‎-‎10‎-‎30T14:41:44.500000000Z.
Information,30-10-2023 20:11:37,Microsoft-Windows-Kernel-General,13,(2),The operating system is shutting down at system time ‎2023‎-‎10‎-‎30T14:41:37.595126400Z.
Information,30-10-2023 20:11:37,Microsoft-Windows-Kernel-Power,577,(280),The system has prepared for a system initiated reboot from Active.
Information,30-10-2023 20:11:37,Microsoft-Windows-Kernel-Power,109,(103),"The kernel power manager has initiated a shutdown transition.

Action: Power Action Reboot 
Event Code: 0x0 
Reason: Kernel API"
Information,30-10-2023 20:11:33,Microsoft-Windows-WLAN-AutoConfig,4001,None,"WLAN AutoConfig service has successfully stopped.
"
Information,30-10-2023 20:11:52,EventLog,6013,None,The system uptime is 8 seconds.
Information,30-10-2023 20:11:52,EventLog,6005,None,The Event log service was started.
Information,30-10-2023 20:11:52,EventLog,6009,None,Microsoft (R) Windows (R) 10.00. 22621  Multiprocessor Free.
Information,30-10-2023 20:11:31,Microsoft-Windows-Dhcp-Client,50037,Service State Event,DHCPv4 client service is stopped. ShutDown Flag value is 1
Information,30-10-2023 20:11:31,Microsoft-Windows-Dhcp-Client,50106,Service State Event,DHCPv4 is waiting on DHCPv6 service to stop
Information,30-10-2023 20:11:31,Microsoft-Windows-DHCPv6-Client,51057,Service State Event,DHCPv6 client service stop is almost done.DHCP Context Ref count is 1
Information,30-10-2023 20:11:31,Microsoft-Windows-DHCPv6-Client,51057,Service State Event,DHCPv6 client service stop is almost done.DHCP Context Ref count is 1
Information,30-10-2023 20:11:31,Microsoft-Windows-DHCPv6-Client,51057,Service State Event,DHCPv6 client service stop is almost done.DHCP Context Ref count is 1
Information,30-10-2023 20:11:31,Microsoft-Windows-DHCPv6-Client,51057,Service State Event,DHCPv6 client service stop is almost done.DHCP Context Ref count is 1
Information,30-10-2023 20:11:31,Microsoft-Windows-DHCPv6-Client,51057,Service State Event,DHCPv6 client service stop is almost done.DHCP Context Ref count is 1
Information,30-10-2023 20:11:31,Microsoft-Windows-DHCPv6-Client,51057,Service State Event,DHCPv6 client service stop is almost done.DHCP Context Ref count is 1
Information,30-10-2023 20:11:31,Microsoft-Windows-DHCPv6-Client,51047,Service State Event,DHCPv6 client service is stopped. ShutDown Flag value is 1
Information,30-10-2023 20:11:31,Microsoft-Windows-Dhcp-Client,50105,Service State Event,DHCPv4 client ProcessDHCPRequestForever received TERMINATE_EVENT
Information,30-10-2023 20:11:31,Microsoft-Windows-Dhcp-Client,50104,Service State Event,DHCPv4 client received shutdown notification
Information,30-10-2023 20:11:31,EventLog,6006,None,The Event log service was stopped.
Information,30-10-2023 20:11:26,Microsoft-Windows-Winlogon,7002,(1102),User Logoff Notification for Customer Experience Improvement Program
Information,30-10-2023 20:11:23,Microsoft-Windows-IsolatedUserMode,2,None,Secure Trustlet Id 0 and Pid 0 stopped with status STATUS_SUCCESS.
Information,30-10-2023 20:11:23,User32,1074,None,"The process C:\WINDOWS\uus\AMD64\MoNotificationUx.exe (DESKTOP-SGF9A33) has initiated the restart of computer DESKTOP-SGF9A33 on behalf of user DESKTOP-SGF9A33\chana for the following reason: Operating System: Service pack (Planned)
 Reason Code: 0x80020010
 Shutdown Type: restart
 Comment: "
Information,30-10-2023 20:10:11,Service Control Manager,7040,None,The start type of the Windows Modules Installer service was changed from demand start to auto start.
Information,30-10-2023 20:10:10,Microsoft-Windows-WindowsUpdateClient,43,Windows Update Agent,"Installation Started: Windows has started installing the following update: 2023-10 Cumulative Update Preview for .NET Framework 3.5 and 4.8.1 for Windows 11, version 22H2 for x64 (KB5031905)"
Information,30-10-2023 20:08:14,Microsoft-Windows-WindowsUpdateClient,44,Windows Update Agent,Windows Update started downloading an update.
Information,30-10-2023 19:54:10,Microsoft-Windows-UserModePowerService,12,(10),Process C:\Windows\ImmersiveControlPanel\SystemSettings.exe (process ID:7464) reset policy scheme from {381b4222-f694-41f0-9685-ff5bb260df2e} to {381b4222-f694-41f0-9685-ff5bb260df2e}
Information,30-10-2023 19:54:06,Microsoft-Windows-UserModePowerService,12,(10),Process C:\Windows\ImmersiveControlPanel\SystemSettings.exe (process ID:7464) reset policy scheme from {381b4222-f694-41f0-9685-ff5bb260df2e} to {381b4222-f694-41f0-9685-ff5bb260df2e}
Information,30-10-2023 19:53:56,Microsoft-Windows-UserModePowerService,12,(10),Process C:\Windows\ImmersiveControlPanel\SystemSettings.exe (process ID:7464) reset policy scheme from {381b4222-f694-41f0-9685-ff5bb260df2e} to {381b4222-f694-41f0-9685-ff5bb260df2e}
Information,30-10-2023 19:53:46,Microsoft-Windows-UserModePowerService,12,(10),Process C:\Windows\ImmersiveControlPanel\SystemSettings.exe (process ID:7464) reset policy scheme from {381b4222-f694-41f0-9685-ff5bb260df2e} to {381b4222-f694-41f0-9685-ff5bb260df2e}
Warning,30-10-2023 19:53:36,Microsoft-Windows-DNS-Client,1014,(1014),Name resolution for the name t-ring-fallbacks2.msedge.net timed out after none of the configured DNS servers responded. Client PID 3836.
Warning,30-10-2023 19:53:35,hcmon,0,None,Detected unrecognized USB driver (\Driver\USBPcap).
Information,30-10-2023 19:21:01,Microsoft-Windows-Kernel-General,15,(10),Hive \SystemRoot\System32\config\DRIVERS was reorganized with a starting size of 10719232 bytes and an ending size of 8355840 bytes.
Warning,30-10-2023 19:06:13,hcmon,0,None,Detected unrecognized USB driver (\Driver\USBPcap).
Information,30-10-2023 19:05:21,Service Control Manager,7040,None,The start type of the Background Intelligent Transfer Service service was changed from auto start to demand start.
Information,30-10-2023 19:02:57,Service Control Manager,7040,None,The start type of the Background Intelligent Transfer Service service was changed from demand start to auto start.
Warning,30-10-2023 19:02:04,hcmon,0,None,Detected unrecognized USB driver (\Driver\USBPcap).
Warning,30-10-2023 19:01:59,Netwtw08,6062,None,6062 - Lso was triggered
Information,30-10-2023 19:01:57,Microsoft-Windows-IsolatedUserMode,5,None,Secure Trustlet NULL Id 0 and Pid 0 started with status STATUS_SUCCESS.
Information,30-10-2023 19:01:56,Netwtw08,7021,None,7021 - Connection telemetry fields and analysis usage
Information,30-10-2023 19:01:56,Microsoft-Windows-IsolatedUserMode,2,None,Secure Trustlet Id 0 and Pid 0 stopped with status STATUS_SUCCESS.
Warning,30-10-2023 19:01:54,hcmon,0,None,Detected unrecognized USB driver (\Driver\USBPcap).
Information,30-10-2023 19:01:54,Microsoft-Windows-Kernel-General,16,None,The access history in hive \??\C:\Users\chana\AppData\Local\Packages\Microsoft.AAD.BrokerPlugin_cw5n1h2txyewy\Settings\settings.dat was cleared updating 5 keys and creating 1 modified pages.
Information,30-10-2023 19:01:54,Microsoft-Windows-Kernel-General,16,None,The access history in hive \??\C:\Users\chana\AppData\Local\Packages\MicrosoftTeams_8wekyb3d8bbwe\Settings\settings.dat was cleared updating 2 keys and creating 1 modified pages.
Information,30-10-2023 19:01:54,BTHUSB,18,None,Windows cannot store Bluetooth authentication codes (link keys) on the local adapter. Bluetooth keyboards might not work in the system BIOS during startup.
Information,30-10-2023 19:01:53,Microsoft-Windows-Kernel-Power,566,(268),"The system session has transitioned from 6 to 8.

Reason PolicyChange 

BootId: 57"
Information,30-10-2023 19:01:53,Microsoft-Windows-Kernel-Power,507,(158),"The system is exiting Modern Standby 

Reason: Lid."
Information,30-10-2023 19:01:53,Microsoft-Windows-Power-Troubleshooter,1,None,"The system has returned from a low power state.

Sleep Time: ‎2023‎-‎10‎-‎30T12:24:05.960449100Z
Wake Time: ‎2023‎-‎10‎-‎30T13:31:53.200480400Z

Wake Source: Unknown"
Information,30-10-2023 19:01:53,Microsoft-Windows-Kernel-Power,506,(157),"The system is entering Modern Standby 

Reason: Sleep, Hibernate, or Shutdown."
Information,30-10-2023 19:01:53,Microsoft-Windows-Kernel-Power,566,(268),"The system session has transitioned from 5 to 6.

Reason SxTransition 

BootId: 57"
Information,30-10-2023 19:01:53,Microsoft-Windows-Kernel-Boot,32,(58),The bootmgr spent 0 ms waiting for user input.
Information,30-10-2023 19:01:53,Microsoft-Windows-Kernel-Boot,18,(57),There are 0x1 boot options on this system.
Information,30-10-2023 19:01:53,Microsoft-Windows-Kernel-Boot,30,(21),The firmware reported boot metrics.
Information,30-10-2023 19:01:53,Microsoft-Windows-Kernel-General,16,None,The access history in hive \??\C:\Users\chana\AppData\Local\Packages\MicrosoftTeams_8wekyb3d8bbwe\SystemAppData\Helium\UserClasses.dat was cleared updating 12 keys and creating 1 modified pages.
Information,30-10-2023 19:01:53,Microsoft-Windows-Kernel-General,16,None,The access history in hive \??\C:\Users\chana\AppData\Local\Packages\MicrosoftTeams_8wekyb3d8bbwe\SystemAppData\Helium\User.dat was cleared updating 12 keys and creating 2 modified pages.
Information,30-10-2023 19:01:52,Netwtw08,7025,None,7025 - Dump after return from D3 before cmd 
Information,30-10-2023 19:01:52,Microsoft-Windows-Kernel-Power,105,(100),Power source change.
Warning,30-10-2023 19:01:52,Win32k,701,None,Power Manager has not requested suppression of all input (INPUT_SUPPRESS_REQUEST=0)
Warning,30-10-2023 19:01:52,Win32k,701,None,Power Manager has not requested suppression of all input (INPUT_SUPPRESS_REQUEST=0)
Information,30-10-2023 19:01:52,Microsoft-Windows-Kernel-General,1,(5),"The system time has changed to ‎2023‎-‎10‎-‎30T13:31:52.500000000Z from ‎2023‎-‎10‎-‎30T12:24:10.644093700Z.
Time Delta: 4061855 ms

Change Reason: System time synchronized with the hardware clock.
Process: '' (PID 4).

RTC time: ‎2023‎-‎10‎-‎30T19:01:52.500000000Z
Current time zone bias: -330
RTC time is in UTC: false
System time was based on RTC time: false"
Information,30-10-2023 17:54:10,Microsoft-Windows-Kernel-Power,107,(102),The system has resumed from sleep.
Information,30-10-2023 17:54:07,Microsoft-Windows-Kernel-Power,42,(64),"The system is entering sleep.

Sleep Reason: Button or Lid"
Warning,30-10-2023 17:54:06,Win32k,700,None,Power Manager has requested suppression of all input (INPUT_SUPPRESS_REQUEST=1)
Warning,30-10-2023 17:54:06,Win32k,700,None,Power Manager has requested suppression of all input (INPUT_SUPPRESS_REQUEST=1)
Information,30-10-2023 17:54:06,Microsoft-Windows-Kernel-Power,566,(268),"The system session has transitioned from 4 to 5.

Reason PolicyChange 

BootId: 57"
Information,30-10-2023 17:52:49,Microsoft-Windows-Kernel-General,16,None,The access history in hive \??\C:\Users\chana\AppData\Local\Packages\microsoft.windowscommunicationsapps_8wekyb3d8bbwe\Settings\settings.dat was cleared updating 33 keys and creating 4 modified pages.
Warning,30-10-2023 17:52:39,Netwtw08,6062,None,6062 - Lso was triggered
Information,30-10-2023 17:52:11,Netwtw08,7021,None,7021 - Connection telemetry fields and analysis usage
Information,30-10-2023 17:52:06,Netwtw08,7021,None,7021 - Connection telemetry fields and analysis usage
Information,30-10-2023 17:52:06,Netwtw08,7021,None,7021 - Connection telemetry fields and analysis usage
Information,30-10-2023 17:52:06,Netwtw08,7021,None,7021 - Connection telemetry fields and analysis usage
Information,30-10-2023 17:52:06,Netwtw08,7021,None,7021 - Connection telemetry fields and analysis usage
Information,30-10-2023 17:52:05,Netwtw08,7021,None,7021 - Connection telemetry fields and analysis usage
Information,30-10-2023 17:52:05,Netwtw08,7021,None,7021 - Connection telemetry fields and analysis usage
Information,30-10-2023 17:52:04,Netwtw08,7021,None,7021 - Connection telemetry fields and analysis usage
Information,30-10-2023 17:52:03,Netwtw08,7021,None,7021 - Connection telemetry fields and analysis usage
Information,30-10-2023 17:52:00,Netwtw08,7021,None,7021 - Connection telemetry fields and analysis usage
Information,30-10-2023 17:52:00,Netwtw08,7021,None,7021 - Connection telemetry fields and analysis usage
Information,30-10-2023 17:52:00,Netwtw08,7021,None,7021 - Connection telemetry fields and analysis usage
Information,30-10-2023 17:51:59,Netwtw08,7021,None,7021 - Connection telemetry fields and analysis usage
Information,30-10-2023 17:51:58,Netwtw08,7021,None,7021 - Connection telemetry fields and analysis usage
Information,30-10-2023 17:51:57,Netwtw08,7021,None,7021 - Connection telemetry fields and analysis usage
Information,30-10-2023 17:51:50,Netwtw08,7021,None,7021 - Connection telemetry fields and analysis usage
Information,30-10-2023 17:51:50,Netwtw08,7021,None,7021 - Connection telemetry fields and analysis usage
Information,30-10-2023 17:51:49,Netwtw08,7021,None,7021 - Connection telemetry fields and analysis usage
Information,30-10-2023 17:51:48,Netwtw08,7021,None,7021 - Connection telemetry fields and analysis usage
Information,30-10-2023 17:51:47,Netwtw08,7021,None,7021 - Connection telemetry fields and analysis usage
Information,30-10-2023 17:51:46,Netwtw08,7021,None,7021 - Connection telemetry fields and analysis usage
Information,30-10-2023 17:51:45,Netwtw08,7021,None,7021 - Connection telemetry fields and analysis usage
Information,30-10-2023 17:51:45,Netwtw08,7021,None,7021 - Connection telemetry fields and analysis usage
Information,30-10-2023 17:51:45,Netwtw08,7021,None,7021 - Connection telemetry fields and analysis usage
Information,30-10-2023 17:51:40,Netwtw08,7021,None,7021 - Connection telemetry fields and analysis usage
Information,30-10-2023 17:51:35,Netwtw08,7021,None,7021 - Connection telemetry fields and analysis usage
Information,30-10-2023 17:51:35,Netwtw08,7021,None,7021 - Connection telemetry fields and analysis usage
Information,30-10-2023 17:51:29,Netwtw08,7021,None,7021 - Connection telemetry fields and analysis usage
Information,30-10-2023 17:51:29,Netwtw08,7021,None,7021 - Connection telemetry fields and analysis usage
Information,30-10-2023 17:51:29,Netwtw08,7021,None,7021 - Connection telemetry fields and analysis usage
Information,30-10-2023 17:51:29,Netwtw08,7021,None,7021 - Connection telemetry fields and analysis usage
