Information,30-10-2023 17:51:28,Netwtw08,7021,None,7021 - Connection telemetry fields and analysis usage
Information,30-10-2023 17:51:22,Netwtw08,7021,None,7021 - Connection telemetry fields and analysis usage
Information,30-10-2023 17:51:22,Netwtw08,7021,None,7021 - Connection telemetry fields and analysis usage
Information,30-10-2023 17:51:21,Netwtw08,7021,None,7021 - Connection telemetry fields and analysis usage
Information,30-10-2023 17:51:20,Netwtw08,7021,None,7021 - Connection telemetry fields and analysis usage
Information,30-10-2023 17:51:16,Netwtw08,7021,None,7021 - Connection telemetry fields and analysis usage
Information,30-10-2023 17:51:16,Netwtw08,7021,None,7021 - Connection telemetry fields and analysis usage
Information,30-10-2023 17:51:15,Netwtw08,7021,None,7021 - Connection telemetry fields and analysis usage
Warning,30-10-2023 17:51:15,Microsoft-Windows-DNS-Client,1014,(1014),Name resolution for the name browser.pipe.aria.microsoft.com timed out after none of the configured DNS servers responded. Client PID 9048.
Information,30-10-2023 17:51:14,Netwtw08,7021,None,7021 - Connection telemetry fields and analysis usage
Information,30-10-2023 17:51:13,Netwtw08,7021,None,7021 - Connection telemetry fields and analysis usage
Information,30-10-2023 17:51:12,Netwtw08,7021,None,7021 - Connection telemetry fields and analysis usage
Information,30-10-2023 17:51:11,Netwtw08,7021,None,7021 - Connection telemetry fields and analysis usage
Information,30-10-2023 17:51:11,Netwtw08,7021,None,7021 - Connection telemetry fields and analysis usage
Information,30-10-2023 17:51:10,Netwtw08,7021,None,7021 - Connection telemetry fields and analysis usage
Information,30-10-2023 17:51:06,Netwtw08,7021,None,7021 - Connection telemetry fields and analysis usage
Information,30-10-2023 17:51:06,Netwtw08,7021,None,7021 - Connection telemetry fields and analysis usage
Information,30-10-2023 17:51:06,Netwtw08,7021,None,7021 - Connection telemetry fields and analysis usage
Information,30-10-2023 17:51:05,Netwtw08,7021,None,7021 - Connection telemetry fields and analysis usage
Information,30-10-2023 17:51:04,Netwtw08,7021,None,7021 - Connection telemetry fields and analysis usage
Information,30-10-2023 17:51:03,Netwtw08,7021,None,7021 - Connection telemetry fields and analysis usage
Warning,30-10-2023 17:50:59,Netwtw08,6062,None,6062 - Lso was triggered
Information,30-10-2023 17:50:46,Service Control Manager,7040,None,The start type of the Background Intelligent Transfer Service service was changed from auto start to demand start.
Information,30-10-2023 17:50:45,Netwtw08,7021,None,7021 - Connection telemetry fields and analysis usage
Information,30-10-2023 17:50:45,Netwtw08,7021,None,7021 - Connection telemetry fields and analysis usage
Information,30-10-2023 17:50:44,Netwtw08,7021,None,7021 - Connection telemetry fields and analysis usage
Information,30-10-2023 17:50:43,Netwtw08,7021,None,7021 - Connection telemetry fields and analysis usage
Information,30-10-2023 17:50:27,Netwtw08,7021,None,7021 - Connection telemetry fields and analysis usage
Information,30-10-2023 17:50:27,Netwtw08,7021,None,7021 - Connection telemetry fields and analysis usage
Information,30-10-2023 17:50:26,Netwtw08,7021,None,7021 - Connection telemetry fields and analysis usage
Warning,30-10-2023 17:50:11,Netwtw08,6062,None,6062 - Lso was triggered
Information,30-10-2023 17:50:09,Netwtw08,7021,None,7021 - Connection telemetry fields and analysis usage
Information,30-10-2023 17:50:09,Netwtw08,7021,None,7021 - Connection telemetry fields and analysis usage
Information,30-10-2023 17:50:08,Netwtw08,7021,None,7021 - Connection telemetry fields and analysis usage
Information,30-10-2023 17:50:07,Netwtw08,7021,None,7021 - Connection telemetry fields and analysis usage
Information,30-10-2023 17:50:04,Netwtw08,7003,None,7003 - Roam Complete
Information,30-10-2023 17:50:04,Netwtw08,7021,None,7021 - Connection telemetry fields and analysis usage
Information,30-10-2023 17:50:04,Netwtw08,7021,None,7021 - Connection telemetry fields and analysis usage
Information,30-10-2023 17:50:04,Netwtw08,7021,None,7021 - Connection telemetry fields and analysis usage
Information,30-10-2023 17:50:03,Netwtw08,7021,None,7021 - Connection telemetry fields and analysis usage
Information,30-10-2023 17:50:02,Netwtw08,7021,None,7021 - Connection telemetry fields and analysis usage
Information,30-10-2023 17:50:02,Netwtw08,7021,None,7021 - Connection telemetry fields and analysis usage
Warning,30-10-2023 17:49:54,Netwtw08,6062,None,6062 - Lso was triggered
Information,30-10-2023 17:49:54,Netwtw08,7021,None,7021 - Connection telemetry fields and analysis usage
Information,30-10-2023 17:49:54,Netwtw08,7021,None,7021 - Connection telemetry fields and analysis usage
Information,30-10-2023 17:49:53,Netwtw08,7021,None,7021 - Connection telemetry fields and analysis usage
Information,30-10-2023 17:49:48,Netwtw08,7021,None,7021 - Connection telemetry fields and analysis usage
Information,30-10-2023 17:49:48,Netwtw08,7021,None,7021 - Connection telemetry fields and analysis usage
Information,30-10-2023 17:49:48,Netwtw08,7021,None,7021 - Connection telemetry fields and analysis usage
Information,30-10-2023 17:49:47,Netwtw08,7021,None,7021 - Connection telemetry fields and analysis usage
Information,30-10-2023 17:49:46,Netwtw08,7021,None,7021 - Connection telemetry fields and analysis usage
Information,30-10-2023 17:49:45,Netwtw08,7021,None,7021 - Connection telemetry fields and analysis usage
Information,30-10-2023 17:49:41,Netwtw08,7021,None,7021 - Connection telemetry fields and analysis usage
Information,30-10-2023 17:49:41,Netwtw08,7021,None,7021 - Connection telemetry fields and analysis usage
Information,30-10-2023 17:49:41,Netwtw08,7021,None,7021 - Connection telemetry fields and analysis usage
Information,30-10-2023 17:49:41,Netwtw08,7021,None,7021 - Connection telemetry fields and analysis usage
Information,30-10-2023 17:49:41,Netwtw08,7021,None,7021 - Connection telemetry fields and analysis usage
Information,30-10-2023 17:49:41,Netwtw08,7021,None,7021 - Connection telemetry fields and analysis usage
Information,30-10-2023 17:49:40,Netwtw08,7021,None,7021 - Connection telemetry fields and analysis usage
Information,30-10-2023 17:49:39,Netwtw08,7021,None,7021 - Connection telemetry fields and analysis usage
Information,30-10-2023 17:49:38,Netwtw08,7021,None,7021 - Connection telemetry fields and analysis usage
Information,30-10-2023 17:49:11,Netwtw08,7021,None,7021 - Connection telemetry fields and analysis usage
Information,30-10-2023 17:49:11,Netwtw08,7021,None,7021 - Connection telemetry fields and analysis usage
Information,30-10-2023 17:49:10,Netwtw08,7021,None,7021 - Connection telemetry fields and analysis usage
Information,30-10-2023 17:49:09,Netwtw08,7021,None,7021 - Connection telemetry fields and analysis usage
Information,30-10-2023 17:48:56,Netwtw08,7021,None,7021 - Connection telemetry fields and analysis usage
Information,30-10-2023 17:48:56,Netwtw08,7021,None,7021 - Connection telemetry fields and analysis usage
Warning,30-10-2023 17:48:40,Netwtw08,6062,None,6062 - Lso was triggered
Information,30-10-2023 17:48:38,Netwtw08,7021,None,7021 - Connection telemetry fields and analysis usage
Information,30-10-2023 17:48:37,Netwtw08,7021,None,7021 - Connection telemetry fields and analysis usage
Information,30-10-2023 17:48:36,Netwtw08,7021,None,7021 - Connection telemetry fields and analysis usage
Information,30-10-2023 17:48:32,Netwtw08,7021,None,7021 - Connection telemetry fields and analysis usage
Information,30-10-2023 17:48:32,Netwtw08,7021,None,7021 - Connection telemetry fields and analysis usage
Information,30-10-2023 17:48:32,Netwtw08,7021,None,7021 - Connection telemetry fields and analysis usage
Information,30-10-2023 17:48:32,Netwtw08,7021,None,7021 - Connection telemetry fields and analysis usage
Information,30-10-2023 17:48:31,Netwtw08,7021,None,7021 - Connection telemetry fields and analysis usage
Information,30-10-2023 17:48:30,Netwtw08,7021,None,7021 - Connection telemetry fields and analysis usage
Information,30-10-2023 17:48:29,Netwtw08,7021,None,7021 - Connection telemetry fields and analysis usage
Information,30-10-2023 17:47:27,Netwtw08,7021,None,7021 - Connection telemetry fields and analysis usage
Information,30-10-2023 17:47:23,Netwtw08,7021,None,7021 - Connection telemetry fields and analysis usage
Information,30-10-2023 17:47:17,Netwtw08,7021,None,7021 - Connection telemetry fields and analysis usage
Information,30-10-2023 17:47:11,Netwtw08,7021,None,7021 - Connection telemetry fields and analysis usage
Information,30-10-2023 17:47:07,Netwtw08,7021,None,7021 - Connection telemetry fields and analysis usage
Information,30-10-2023 17:47:02,Netwtw08,7021,None,7021 - Connection telemetry fields and analysis usage
Information,30-10-2023 17:47:02,Netwtw08,7021,None,7021 - Connection telemetry fields and analysis usage
Information,30-10-2023 17:47:01,Netwtw08,7021,None,7021 - Connection telemetry fields and analysis usage
Information,30-10-2023 17:47:01,Netwtw08,7021,None,7021 - Connection telemetry fields and analysis usage
Information,30-10-2023 17:47:01,Netwtw08,7021,None,7021 - Connection telemetry fields and analysis usage
Information,30-10-2023 17:47:00,Netwtw08,7021,None,7021 - Connection telemetry fields and analysis usage
Information,30-10-2023 17:46:59,Netwtw08,7021,None,7021 - Connection telemetry fields and analysis usage
Information,30-10-2023 17:46:59,Netwtw08,7021,None,7021 - Connection telemetry fields and analysis usage
Information,30-10-2023 17:46:58,Netwtw08,7021,None,7021 - Connection telemetry fields and analysis usage
Information,30-10-2023 17:46:53,Netwtw08,7021,None,7021 - Connection telemetry fields and analysis usage
Information,30-10-2023 17:46:53,Netwtw08,7021,None,7021 - Connection telemetry fields and analysis usage
Information,30-10-2023 17:46:53,Netwtw08,7021,None,7021 - Connection telemetry fields and analysis usage
Information,30-10-2023 17:46:53,Netwtw08,7021,None,7021 - Connection telemetry fields and analysis usage
Information,30-10-2023 17:46:52,Netwtw08,7021,None,7021 - Connection telemetry fields and analysis usage
Information,30-10-2023 17:46:51,Netwtw08,7021,None,7021 - Connection telemetry fields and analysis usage
Information,30-10-2023 17:46:50,Netwtw08,7021,None,7021 - Connection telemetry fields and analysis usage
Information,30-10-2023 17:46:36,Netwtw08,7021,None,7021 - Connection telemetry fields and analysis usage
Information,30-10-2023 17:46:36,Netwtw08,7021,None,7021 - Connection telemetry fields and analysis usage
Information,30-10-2023 17:46:36,Netwtw08,7021,None,7021 - Connection telemetry fields and analysis usage
Information,30-10-2023 17:46:36,Netwtw08,7021,None,7021 - Connection telemetry fields and analysis usage
Information,30-10-2023 17:46:36,Netwtw08,7021,None,7021 - Connection telemetry fields and analysis usage
Information,30-10-2023 17:46:35,Netwtw08,7021,None,7021 - Connection telemetry fields and analysis usage
Information,30-10-2023 17:46:34,Netwtw08,7021,None,7021 - Connection telemetry fields and analysis usage
Information,30-10-2023 17:46:33,Netwtw08,7021,None,7021 - Connection telemetry fields and analysis usage
Information,30-10-2023 17:46:26,Netwtw08,7021,None,7021 - Connection telemetry fields and analysis usage
Information,30-10-2023 17:46:21,Netwtw08,7021,None,7021 - Connection telemetry fields and analysis usage
Information,30-10-2023 17:46:17,Netwtw08,7021,None,7021 - Connection telemetry fields and analysis usage
Information,30-10-2023 17:46:17,Netwtw08,7021,None,7021 - Connection telemetry fields and analysis usage
Information,30-10-2023 17:46:17,Netwtw08,7021,None,7021 - Connection telemetry fields and analysis usage
Information,30-10-2023 17:46:17,Netwtw08,7021,None,7021 - Connection telemetry fields and analysis usage
Information,30-10-2023 17:46:16,Netwtw08,7021,None,7021 - Connection telemetry fields and analysis usage
Information,30-10-2023 17:46:16,Netwtw08,7021,None,7021 - Connection telemetry fields and analysis usage
Information,30-10-2023 17:46:16,Netwtw08,7021,None,7021 - Connection telemetry fields and analysis usage
Information,30-10-2023 17:46:16,Netwtw08,7021,None,7021 - Connection telemetry fields and analysis usage
Information,30-10-2023 17:46:15,Netwtw08,7021,None,7021 - Connection telemetry fields and analysis usage
Information,30-10-2023 17:46:14,Netwtw08,7021,None,7021 - Connection telemetry fields and analysis usage
Information,30-10-2023 17:46:13,Netwtw08,7021,None,7021 - Connection telemetry fields and analysis usage
Information,30-10-2023 17:46:13,Netwtw08,7021,None,7021 - Connection telemetry fields and analysis usage
Information,30-10-2023 17:46:12,Netwtw08,7021,None,7021 - Connection telemetry fields and analysis usage
Information,30-10-2023 17:46:11,Netwtw08,7021,None,7021 - Connection telemetry fields and analysis usage
Information,30-10-2023 17:46:10,Netwtw08,7021,None,7021 - Connection telemetry fields and analysis usage
Information,30-10-2023 17:46:06,Netwtw08,7021,None,7021 - Connection telemetry fields and analysis usage
Information,30-10-2023 17:46:06,Netwtw08,7021,None,7021 - Connection telemetry fields and analysis usage
Information,30-10-2023 17:46:06,Netwtw08,7021,None,7021 - Connection telemetry fields and analysis usage
Information,30-10-2023 17:46:06,Netwtw08,7021,None,7021 - Connection telemetry fields and analysis usage
Information,30-10-2023 17:46:06,Netwtw08,7021,None,7021 - Connection telemetry fields and analysis usage
Information,30-10-2023 17:46:06,Netwtw08,7021,None,7021 - Connection telemetry fields and analysis usage
Information,30-10-2023 17:46:06,Netwtw08,7021,None,7021 - Connection telemetry fields and analysis usage
Information,30-10-2023 17:46:06,Netwtw08,7021,None,7021 - Connection telemetry fields and analysis usage
Information,30-10-2023 17:46:05,Netwtw08,7021,None,7021 - Connection telemetry fields and analysis usage
Information,30-10-2023 17:46:00,Netwtw08,7021,None,7021 - Connection telemetry fields and analysis usage
Information,30-10-2023 17:45:58,Netwtw08,7021,None,7021 - Connection telemetry fields and analysis usage
Information,30-10-2023 17:45:53,Netwtw08,7021,None,7021 - Connection telemetry fields and analysis usage
Information,30-10-2023 17:45:53,Netwtw08,7021,None,7021 - Connection telemetry fields and analysis usage
Information,30-10-2023 17:45:52,Netwtw08,7021,None,7021 - Connection telemetry fields and analysis usage
Information,30-10-2023 17:45:47,Netwtw08,7021,None,7021 - Connection telemetry fields and analysis usage
Information,30-10-2023 17:45:45,Netwtw08,7021,None,7021 - Connection telemetry fields and analysis usage
Information,30-10-2023 17:45:41,Netwtw08,7021,None,7021 - Connection telemetry fields and analysis usage
Information,30-10-2023 17:45:35,Netwtw08,7021,None,7021 - Connection telemetry fields and analysis usage
Information,30-10-2023 17:45:30,Netwtw08,7021,None,7021 - Connection telemetry fields and analysis usage
Information,30-10-2023 17:45:30,Netwtw08,7021,None,7021 - Connection telemetry fields and analysis usage
Information,30-10-2023 17:45:29,Netwtw08,7021,None,7021 - Connection telemetry fields and analysis usage
Information,30-10-2023 17:45:29,Netwtw08,7021,None,7021 - Connection telemetry fields and analysis usage
Information,30-10-2023 17:45:29,Netwtw08,7021,None,7021 - Connection telemetry fields and analysis usage
Information,30-10-2023 17:45:29,Netwtw08,7021,None,7021 - Connection telemetry fields and analysis usage
Information,30-10-2023 17:45:25,Netwtw08,7021,None,7021 - Connection telemetry fields and analysis usage
Information,30-10-2023 17:45:25,Netwtw08,7021,None,7021 - Connection telemetry fields and analysis usage
Information,30-10-2023 17:45:25,Netwtw08,7021,None,7021 - Connection telemetry fields and analysis usage
Information,30-10-2023 17:45:25,Netwtw08,7021,None,7021 - Connection telemetry fields and analysis usage
Information,30-10-2023 17:45:25,Netwtw08,7021,None,7021 - Connection telemetry fields and analysis usage
Information,30-10-2023 17:45:20,Netwtw08,7021,None,7021 - Connection telemetry fields and analysis usage
Information,30-10-2023 17:45:20,Netwtw08,7021,None,7021 - Connection telemetry fields and analysis usage
Information,30-10-2023 17:45:20,Netwtw08,7021,None,7021 - Connection telemetry fields and analysis usage
Information,30-10-2023 17:45:20,Netwtw08,7021,None,7021 - Connection telemetry fields and analysis usage
Information,30-10-2023 17:45:19,Netwtw08,7021,None,7021 - Connection telemetry fields and analysis usage
Information,30-10-2023 17:45:18,Netwtw08,7021,None,7021 - Connection telemetry fields and analysis usage
Information,30-10-2023 17:45:17,Netwtw08,7021,None,7021 - Connection telemetry fields and analysis usage
Information,30-10-2023 17:45:16,Netwtw08,7021,None,7021 - Connection telemetry fields and analysis usage
Information,30-10-2023 17:45:01,Netwtw08,7021,None,7021 - Connection telemetry fields and analysis usage
Information,30-10-2023 17:44:57,Netwtw08,7021,None,7021 - Connection telemetry fields and analysis usage
Information,30-10-2023 17:44:57,Netwtw08,7021,None,7021 - Connection telemetry fields and analysis usage
Information,30-10-2023 17:44:57,Netwtw08,7021,None,7021 - Connection telemetry fields and analysis usage
Information,30-10-2023 17:44:57,Netwtw08,7021,None,7021 - Connection telemetry fields and analysis usage
Information,30-10-2023 17:44:53,Netwtw08,7021,None,7021 - Connection telemetry fields and analysis usage
Information,30-10-2023 17:44:52,Netwtw08,7021,None,7021 - Connection telemetry fields and analysis usage
Information,30-10-2023 17:44:52,Netwtw08,7021,None,7021 - Connection telemetry fields and analysis usage
Warning,30-10-2023 17:44:52,hcmon,0,None,Detected unrecognized USB driver (\Driver\USBPcap).
Information,30-10-2023 17:44:51,Netwtw08,7021,None,7021 - Connection telemetry fields and analysis usage
Information,30-10-2023 17:44:50,Microsoft-Windows-Kernel-General,16,None,The access history in hive \??\C:\Users\chana\AppData\Local\Packages\Microsoft.Windows.ContentDeliveryManager_cw5n1h2txyewy\Settings\settings.dat was cleared updating 650 keys and creating 48 modified pages.
Information,30-10-2023 17:44:49,Microsoft-Windows-Power-Troubleshooter,1,None,"The system has returned from a low power state.

Sleep Time: ‎2023‎-‎10‎-‎30T12:09:20.090555400Z
Wake Time: ‎2023‎-‎10‎-‎30T12:14:47.223017200Z

Wake Source: Unknown"
Warning,30-10-2023 17:44:49,hcmon,0,None,Detected unrecognized USB driver (\Driver\USBPcap).
Information,30-10-2023 17:44:48,BTHUSB,18,None,Windows cannot store Bluetooth authentication codes (link keys) on the local adapter. Bluetooth keyboards might not work in the system BIOS during startup.
Error,30-10-2023 17:44:47,Microsoft-Windows-HAL,15,None,The iommu has detected an error.
Information,30-10-2023 17:44:47,Microsoft-Windows-Kernel-Power,566,(268),"The system session has transitioned from 2 to 4.

Reason PolicyChange 

BootId: 57"
Information,30-10-2023 17:44:47,Microsoft-Windows-Kernel-Power,507,(158),"The system is exiting Modern Standby 

Reason: Lid."
Information,30-10-2023 17:44:47,Microsoft-Windows-Kernel-General,16,None,The access history in hive \Device\HarddiskVolume1\EFI\Microsoft\Boot\BCD was cleared updating 190 keys and creating 10 modified pages.
Information,30-10-2023 17:44:47,Microsoft-Windows-Kernel-Power,506,(157),"The system is entering Modern Standby 

Reason: Sleep, Hibernate, or Shutdown."
Information,30-10-2023 17:44:47,Microsoft-Windows-Kernel-Power,566,(268),"The system session has transitioned from 1 to 2.

Reason SxTransition 

BootId: 57"
Information,30-10-2023 17:44:47,Microsoft-Windows-Kernel-Boot,32,(58),The bootmgr spent 0 ms waiting for user input.
Information,30-10-2023 17:44:47,Microsoft-Windows-Kernel-Boot,18,(57),There are 0x1 boot options on this system.
Information,30-10-2023 17:44:47,Microsoft-Windows-Kernel-Boot,30,(21),The firmware reported boot metrics.
Information,30-10-2023 17:44:47,Service Control Manager,7040,None,The start type of the Background Intelligent Transfer Service service was changed from demand start to auto start.
Error,30-10-2023 17:44:46,Microsoft-Windows-NDIS,10317,PnP,"Miniport Microsoft Wi-Fi Direct Virtual Adapter #2, {c73ec2a1-57fb-47b6-ad07-a450f4ec0f12}, had event Fatal error: The miniport has failed a power transition to operational power"
Information,30-10-2023 17:44:46,Netwtw08,7025,None,7025 - Dump after return from D3 before cmd 
Warning,30-10-2023 17:44:46,Win32k,701,None,Power Manager has not requested suppression of all input (INPUT_SUPPRESS_REQUEST=0)
Warning,30-10-2023 17:44:46,Win32k,701,None,Power Manager has not requested suppression of all input (INPUT_SUPPRESS_REQUEST=0)
Information,30-10-2023 17:44:46,Microsoft-Windows-Kernel-General,1,(5),"The system time has changed to ‎2023‎-‎10‎-‎30T12:14:46.500000000Z from ‎2023‎-‎10‎-‎30T12:09:25.405840700Z.
Time Delta: 321094 ms

Change Reason: System time synchronized with the hardware clock.
Process: '' (PID 4).

RTC time: ‎2023‎-‎10‎-‎30T17:44:46.500000000Z
Current time zone bias: -330
RTC time is in UTC: false
System time was based on RTC time: false"
Information,30-10-2023 17:39:25,Microsoft-Windows-Kernel-Power,107,(102),The system has resumed from sleep.
Information,30-10-2023 17:39:22,Microsoft-Windows-Kernel-Power,42,(64),"The system is entering sleep.

Sleep Reason: Button or Lid"
Information,30-10-2023 17:39:22,Microsoft-Windows-Kernel-General,16,None,The access history in hive \??\C:\ProgramData\Microsoft\Provisioning\Microsoft-Desktop-Provisioning-Sequence.dat was cleared updating 0 keys and creating 0 modified pages.
Warning,30-10-2023 17:39:21,Win32k,700,None,Power Manager has requested suppression of all input (INPUT_SUPPRESS_REQUEST=1)
Warning,30-10-2023 17:39:21,Win32k,700,None,Power Manager has requested suppression of all input (INPUT_SUPPRESS_REQUEST=1)
Information,30-10-2023 17:39:21,Microsoft-Windows-Kernel-Power,566,(268),"The system session has transitioned from 0 to 1.

Reason ScreenOffGracePeriod 

BootId: 57"
Information,30-10-2023 17:38:54,Service Control Manager,7040,None,The start type of the Background Intelligent Transfer Service service was changed from auto start to demand start.
Warning,30-10-2023 17:38:41,Netwtw08,6062,None,6062 - Lso was triggered
Information,30-10-2023 17:38:39,Netwtw08,7021,None,7021 - Connection telemetry fields and analysis usage
Information,30-10-2023 17:38:39,Netwtw08,7021,None,7021 - Connection telemetry fields and analysis usage
Information,30-10-2023 17:38:39,Netwtw08,7021,None,7021 - Connection telemetry fields and analysis usage
Information,30-10-2023 17:38:34,Netwtw08,7021,None,7021 - Connection telemetry fields and analysis usage
Warning,30-10-2023 17:38:33,hcmon,0,None,Detected unrecognized USB driver (\Driver\USBPcap).
Information,30-10-2023 17:38:31,Netwtw08,7021,None,7021 - Connection telemetry fields and analysis usage
Information,30-10-2023 17:36:38,Service Control Manager,7040,None,The start type of the Background Intelligent Transfer Service service was changed from demand start to auto start.
Information,30-10-2023 17:35:37,Microsoft-Windows-IsolatedUserMode,5,None,Secure Trustlet NULL Id 0 and Pid 0 started with status STATUS_SUCCESS.
Information,30-10-2023 17:35:37,Microsoft-Windows-IsolatedUserMode,2,None,Secure Trustlet Id 0 and Pid 0 stopped with status STATUS_SUCCESS.
Information,30-10-2023 17:35:34,Microsoft-Windows-IsolatedUserMode,5,None,Secure Trustlet NULL Id 0 and Pid 0 started with status STATUS_SUCCESS.
Warning,30-10-2023 17:35:26,hcmon,0,None,Detected unrecognized USB driver (\Driver\USBPcap).
Information,30-10-2023 17:35:19,Microsoft-Windows-UserModePowerService,12,(10),Process C:\Windows\explorer.exe (process ID:2564) reset policy scheme from {381b4222-f694-41f0-9685-ff5bb260df2e} to {381b4222-f694-41f0-9685-ff5bb260df2e}
Information,30-10-2023 17:32:04,Netwtw08,7021,None,7021 - Connection telemetry fields and analysis usage
Information,30-10-2023 17:31:31,Service Control Manager,7045,None,"A service was installed in the system.

Service Name:  MpKsl5302afa0
Service File Name:  C:\ProgramData\Microsoft\Windows Defender\Definition Updates\{A2B1D599-7434-42E6-880D-C7CDD5542621}\MpKslDrv.sys
Service Type:  kernel mode driver
Service Start Type:  demand start
Service Account:  "
Information,30-10-2023 17:31:31,Microsoft-Windows-WindowsUpdateClient,19,Windows Update Agent,Installation Successful: Windows successfully installed the following update: Security Intelligence Update for Microsoft Defender Antivirus - KB2267602 (Version 1.399.1564.0) - Current Channel (Broad)
Information,30-10-2023 17:31:18,Microsoft-Windows-WindowsUpdateClient,43,Windows Update Agent,Installation Started: Windows has started installing the following update: Security Intelligence Update for Microsoft Defender Antivirus - KB2267602 (Version 1.399.1564.0) - Current Channel (Broad)
Information,30-10-2023 17:31:17,Microsoft-Windows-WindowsUpdateClient,44,Windows Update Agent,Windows Update started downloading an update.
Warning,30-10-2023 17:29:23,hcmon,0,None,Detected unrecognized USB driver (\Driver\USBPcap).
Warning,30-10-2023 17:29:21,hcmon,0,None,Detected unrecognized USB driver (\Driver\USBPcap).
Warning,30-10-2023 17:27:17,hcmon,0,None,Detected unrecognized USB driver (\Driver\USBPcap).
Information,30-10-2023 17:27:16,Microsoft-Windows-WPDClassInstaller,24579,Driver Post-Install Configuration,Autoplay registration was skipped for device %1.
Information,30-10-2023 17:27:16,Microsoft-Windows-WPDClassInstaller,24577,Driver Post-Install Configuration,"Media player and imaging program compatibility layers were successfully registered for device %1. Layer bits %2 were requested, layer bits %3 were registered."
Information,30-10-2023 17:27:16,Microsoft-Windows-UserPnp,20003,(7005),Driver Management has concluded the process to add Service WUDFWpdFs for Device Instance ID SWD\WPDBUSENUM\_??_USBSTOR#DISK&VEN__USB&PROD__SANDISK_3.2GEN1&REV_1.00#040110DE817A2BCD1FD024FBFAD9FDFEE4C7540B12ED68E56EBA4C5DF3E3A14#{53F56307-B6BF-11D0-94F2-00A0C91EFB8B} with the following status: 0.
Information,30-10-2023 17:27:16,Microsoft-Windows-DriverFrameworks-UserMode,10100,Installation or update of device drivers.,The driver package installation has succeeded.
Information,30-10-2023 17:27:16,Microsoft-Windows-DriverFrameworks-UserMode,10002,Installation or update of device drivers.,The UMDF service WpdFs (CLSID {112de495-ac4c-46f8-b663-6a4266c53313}) was upgraded.  It requires framework version 2.33.0 or higher.
Information,30-10-2023 17:27:16,Microsoft-Windows-DriverFrameworks-UserMode,10000,Installation or update of device drivers.,A driver package which uses user-mode driver framework version 2.33.0 is being installed on device SWD\WPDBUSENUM\_??_USBSTOR#DISK&VEN__USB&PROD__SANDISK_3.2GEN1&REV_1.00#040110DE817A2BCD1FD024FBFAD9FDFEE4C7540B12ED68E56EBA4C5DF3E3A14#{53F56307-B6BF-11D0-94F2-00A0C91EFB8B}.
Information,30-10-2023 17:27:16,Microsoft-Windows-WPDClassInstaller,24576,Driver Installation,Drivers were successfully installed for device WPD Device.
Warning,30-10-2023 17:25:46,Netwtw08,6062,None,6062 - Lso was triggered
Information,30-10-2023 17:25:20,Netwtw08,7021,None,7021 - Connection telemetry fields and analysis usage
Warning,30-10-2023 17:24:11,hcmon,0,None,Detected unrecognized USB driver (\Driver\USBPcap).
Information,30-10-2023 17:24:04,Service Control Manager,7045,None,"A service was installed in the system.

Service Name:  VirtualBox NDIS6 Bridged Networking Service
Service File Name:  \SystemRoot\system32\DRIVERS\VBoxNetLwf.sys
Service Type:  kernel mode driver
Service Start Type:  system start
Service Account:  "
Information,30-10-2023 17:24:02,Service Control Manager,7045,None,"A service was installed in the system.

Service Name:  VirtualBox system service
Service File Name:  ""C:\Program Files\Oracle\VirtualBox\VBoxSDS.exe""
Service Type:  user mode service
Service Start Type:  demand start
Service Account:  LocalSystem"
Information,30-10-2023 17:24:01,Service Control Manager,7045,None,"A service was installed in the system.

Service Name:  VirtualBox USB Monitor Service
Service File Name:  \SystemRoot\system32\DRIVERS\VBoxUSBMon.sys
Service Type:  kernel mode driver
Service Start Type:  system start
Service Account:  "
Information,30-10-2023 17:24:00,Service Control Manager,7045,None,"A service was installed in the system.

Service Name:  VirtualBox Service
Service File Name:  \SystemRoot\system32\DRIVERS\VBoxSup.sys
Service Type:  kernel mode driver
Service Start Type:  system start
Service Account:  "
Information,30-10-2023 17:23:24,Service Control Manager,7045,None,"A service was installed in the system.

Service Name:  MpKsl989a0be0
Service File Name:  C:\ProgramData\Microsoft\Windows Defender\Definition Updates\{7A20FC0E-BBCA-4A96-98D3-645695BF3896}\MpKslDrv.sys
Service Type:  kernel mode driver
Service Start Type:  demand start
Service Account:  "
Error,30-10-2023 17:23:05,Microsoft-Windows-DistributedCOM,10010,None,The server {8CFC164F-4BE5-4FDD-94E9-E2AF73ED4A19} did not register with DCOM within the required timeout.
Warning,30-10-2023 17:22:40,Microsoft-Windows-DistributedCOM,10016,None,"The application-specific permission settings do not grant Local Launch permission for the COM Server application with CLSID 
Windows.SecurityCenter.WscDataProtection
 and APPID 
Unavailable
 to the user NT AUTHORITY\SYSTEM SID (S-1-5-18) from address LocalHost (Using LRPC) running in the application container Unavailable SID (Unavailable). This security permission can be modified using the Component Services administrative tool."
Warning,30-10-2023 17:22:40,Microsoft-Windows-DistributedCOM,10016,None,"The application-specific permission settings do not grant Local Launch permission for the COM Server application with CLSID 
Windows.SecurityCenter.WscBrokerManager
 and APPID 
Unavailable
 to the user NT AUTHORITY\SYSTEM SID (S-1-5-18) from address LocalHost (Using LRPC) running in the application container Unavailable SID (Unavailable). This security permission can be modified using the Component Services administrative tool."
Warning,30-10-2023 17:22:40,Microsoft-Windows-DistributedCOM,10016,None,"The application-specific permission settings do not grant Local Launch permission for the COM Server application with CLSID 
Windows.SecurityCenter.SecurityAppBroker
 and APPID 
Unavailable
 to the user NT AUTHORITY\SYSTEM SID (S-1-5-18) from address LocalHost (Using LRPC) running in the application container Unavailable SID (Unavailable). This security permission can be modified using the Component Services administrative tool."
Warning,30-10-2023 17:22:10,Microsoft-Windows-DistributedCOM,10016,None,"The application-specific permission settings do not grant Local Activation permission for the COM Server application with CLSID 
{2593F8B9-4EAF-457C-B68A-50F6B8EA6B54}
 and APPID 
{15C20B67-12E7-4BB6-92BB-7AFF07997402}
 to the user DESKTOP-SGF9A33\chana SID (S-1-5-21-3444099338-3253721846-659789935-1001) from address LocalHost (Using LRPC) running in the application container Unavailable SID (Unavailable). This security permission can be modified using the Component Services administrative tool."
Information,30-10-2023 17:21:47,BTHUSB,37,None,An incoming authentication request from a remote device (44:8c:00:79:3b:ca) was rejected.
Warning,30-10-2023 17:21:41,Microsoft-Windows-Kernel-Processor-Power,37,(7),The speed of processor 7 in group 0 is being limited by system firmware. The processor has been in this reduced performance state for 71 seconds since the last report.
Error,30-10-2023 17:21:16,BTHUSB,16,None,The mutual authentication between the local Bluetooth adapter and a device with Bluetooth adapter address (44:8c:00:79:3b:ca) failed.
Information,30-10-2023 17:21:00,Microsoft-Windows-Hyper-V-VmSwitch,233,None,"The operation 'Delete' succeeded on nic B95D0C5E-57D4-412B-B571-18A81A16E004 (Friendly Name: WSL), Instance Id {10d2a219-8c28-45f6-8048-f47abbbb8a29}."
Information,30-10-2023 17:20:59,Microsoft-Windows-Hyper-V-VmSwitch,62,None,Switch B95D0C5E-57D4-412B-B571-18A81A16E005 (Friendly Name: WSL) successfully deleted.
Information,30-10-2023 17:20:59,Microsoft-Windows-Hyper-V-VmSwitch,233,None,"The operation 'Delete' succeeded on nic B95D0C5E-57D4-412B-B571-18A81A16E005 (Friendly Name: WSL), Instance Id {00000000-0000-0000-0000-000000000000}."
Information,30-10-2023 17:20:59,Microsoft-Windows-Hyper-V-VmSwitch,234,None,NIC B95D0C5E-57D4-412B-B571-18A81A16E004 successfully disconnected from port B95D0C5E-57D4-412B-B571-18A81A16E004.
Information,30-10-2023 17:20:59,Microsoft-Windows-Hyper-V-VmSwitch,234,None,NIC B95D0C5E-57D4-412B-B571-18A81A16E005 successfully disconnected from port B95D0C5E-57D4-412B-B571-18A81A16E005.
Warning,30-10-2023 17:20:46,hcmon,0,None,Detected unrecognized USB driver (\Driver\USBPcap).
Warning,30-10-2023 17:20:44,hcmon,0,None,Detected unrecognized USB driver (\Driver\USBPcap).
Information,30-10-2023 17:20:43,Microsoft-Windows-TPM-WMI,1025,None,The TPM was successfully provisioned and is now ready for use.
Information,30-10-2023 17:20:42,Microsoft-Windows-TPM-WMI,1282,None,The TBS device identifier has been generated.
Warning,30-10-2023 17:20:40,hcmon,0,None,Detected unrecognized USB driver (\Driver\USBPcap).
Information,30-10-2023 17:20:38,TPM,18,None,This event triggers the Trusted Platform Module (TPM) provisioning/status check to run.
Information,30-10-2023 17:20:38,Service Control Manager,7026,None,"The following boot-start or system-start driver(s) did not load: 
WinSetupMon"
Warning,30-10-2023 17:20:38,Microsoft-Windows-DistributedCOM,10016,None,"The application-specific permission settings do not grant Local Activation permission for the COM Server application with CLSID 
{6B3B8D23-FA8D-40B9-8DBD-B950333E2C52}
 and APPID 
{4839DDB7-58C2-48F5-8283-E1D1807D0D7D}
 to the user NT AUTHORITY\LOCAL SERVICE SID (S-1-5-19) from address LocalHost (Using LRPC) running in the application container Unavailable SID (Unavailable). This security permission can be modified using the Component Services administrative tool."
Warning,30-10-2023 17:20:38,Microsoft-Windows-DistributedCOM,10016,None,"The application-specific permission settings do not grant Local Activation permission for the COM Server application with CLSID 
{6B3B8D23-FA8D-40B9-8DBD-B950333E2C52}
 and APPID 
{4839DDB7-58C2-48F5-8283-E1D1807D0D7D}
 to the user NT AUTHORITY\LOCAL SERVICE SID (S-1-5-19) from address LocalHost (Using LRPC) running in the application container Unavailable SID (Unavailable). This security permission can be modified using the Component Services administrative tool."
Information,30-10-2023 17:20:37,Microsoft-Windows-WLAN-AutoConfig,10001,None,"WLAN Extensibility Module has successfully started.

Module Path: C:\WINDOWS\system32\IntelIHVRouter08.dll
"
Warning,30-10-2023 17:20:37,hcmon,0,None,Detected unrecognized USB driver (\Driver\USBPcap).
Warning,30-10-2023 17:20:37,hcmon,0,None,Detected unrecognized USB driver (\Driver\USBPcap).
Information,30-10-2023 17:20:37,Microsoft-Windows-UserModePowerService,12,(10),Process C:\Windows\System32\DriverStore\FileRepository\dptf_cpu.inf_amd64_4a3ae74cfa6c37d6\esif_uf.exe (process ID:5596) reset policy scheme from {381b4222-f694-41f0-9685-ff5bb260df2e} to {381b4222-f694-41f0-9685-ff5bb260df2e}
Information,30-10-2023 17:20:37,Microsoft-Windows-UserModePowerService,12,(10),Process C:\Windows\System32\DriverStore\FileRepository\dptf_cpu.inf_amd64_4a3ae74cfa6c37d6\esif_uf.exe (process ID:5596) reset policy scheme from {381b4222-f694-41f0-9685-ff5bb260df2e} to {381b4222-f694-41f0-9685-ff5bb260df2e}
Information,30-10-2023 17:20:37,Microsoft-Windows-UserModePowerService,12,(10),Process C:\Windows\System32\DriverStore\FileRepository\dptf_cpu.inf_amd64_4a3ae74cfa6c37d6\esif_uf.exe (process ID:5596) reset policy scheme from {381b4222-f694-41f0-9685-ff5bb260df2e} to {381b4222-f694-41f0-9685-ff5bb260df2e}
Information,30-10-2023 17:20:37,Microsoft-Windows-WLAN-AutoConfig,4000,None,"WLAN AutoConfig service has successfully started.
"
Warning,30-10-2023 17:20:37,hcmon,0,None,Detected unrecognized USB driver (\Driver\USBPcap).
Information,30-10-2023 17:20:37,vmx86,34,None,"The description for Event ID 34 from source vmx86 cannot be found. Either the component that raises this event is not installed on your local computer or the installation is corrupted. You can install or repair the component on the local computer.

If the event originated on another computer, the display information had to be saved with the event.

The following information was included with the event: 

VMX86.SYS: begin DriverEntry

The message resource is present but the message was not found in the message table
"
Information,30-10-2023 17:20:36,Microsoft-Windows-HttpService,112,HTTP Setup Trace Task,"Attempted to reserve URL http://+:10243/WMPNSSv4/. Status 0x0. Process Id 0x4 Executable path , User SYSTEM"
Information,30-10-2023 17:20:36,Microsoft-Windows-HttpService,112,HTTP Setup Trace Task,"Attempted to reserve URL https://+:10245/WMPNSSv4/. Status 0x0. Process Id 0x4 Executable path , User SYSTEM"
Information,30-10-2023 17:20:36,Microsoft-Windows-HttpService,112,HTTP Setup Trace Task,"Attempted to reserve URL http://+:10247/apps/. Status 0x0. Process Id 0x4 Executable path , User SYSTEM"
Information,30-10-2023 17:20:36,Microsoft-Windows-HttpService,112,HTTP Setup Trace Task,"Attempted to reserve URL https://+:443/sra_{BA195980-CD49-458b-9E23-C84EE0ADCD75}/. Status 0x0. Process Id 0x4 Executable path , User SYSTEM"
Information,30-10-2023 17:20:36,Microsoft-Windows-HttpService,112,HTTP Setup Trace Task,"Attempted to reserve URL http://+:3387/rdp/. Status 0x0. Process Id 0x4 Executable path , User SYSTEM"
Information,30-10-2023 17:20:36,Microsoft-Windows-HttpService,112,HTTP Setup Trace Task,"Attempted to reserve URL https://+:3392/rdp/. Status 0x0. Process Id 0x4 Executable path , User SYSTEM"
Information,30-10-2023 17:20:36,Microsoft-Windows-HttpService,112,HTTP Setup Trace Task,"Attempted to reserve URL http://+:10246/MDEServer/. Status 0x0. Process Id 0x4 Executable path , User SYSTEM"
Information,30-10-2023 17:20:36,Microsoft-Windows-HttpService,112,HTTP Setup Trace Task,"Attempted to reserve URL http://*:2869/. Status 0x0. Process Id 0x4 Executable path , User SYSTEM"
Information,30-10-2023 17:20:36,Microsoft-Windows-HttpService,112,HTTP Setup Trace Task,"Attempted to reserve URL http://+:5985/wsman/. Status 0x0. Process Id 0x4 Executable path , User SYSTEM"
Information,30-10-2023 17:20:36,Microsoft-Windows-HttpService,112,HTTP Setup Trace Task,"Attempted to reserve URL http://+:47001/wsman/. Status 0x0. Process Id 0x4 Executable path , User SYSTEM"
Information,30-10-2023 17:20:36,Microsoft-Windows-HttpService,112,HTTP Setup Trace Task,"Attempted to reserve URL https://+:5986/wsman/. Status 0x0. Process Id 0x4 Executable path , User SYSTEM"
Information,30-10-2023 17:20:36,Microsoft-Windows-HttpService,112,HTTP Setup Trace Task,"Attempted to reserve URL https://*:5358/. Status 0x0. Process Id 0x4 Executable path , User SYSTEM"
Information,30-10-2023 17:20:36,Microsoft-Windows-HttpService,112,HTTP Setup Trace Task,"Attempted to reserve URL http://+:80/Temporary_Listen_Addresses/. Status 0x0. Process Id 0x4 Executable path , User SYSTEM"
Information,30-10-2023 17:20:36,Microsoft-Windows-HttpService,112,HTTP Setup Trace Task,"Attempted to reserve URL http://*:5357/. Status 0x0. Process Id 0x4 Executable path , User SYSTEM"
Information,30-10-2023 17:20:36,VMnetuserif,1,None,() Starting up the User Interface Driver for VMware Virtual Networks.
Information,30-10-2023 17:20:36,VMnetBridge,10,None,() Starting up the Bridge Driver for VMware Virtual Networks.
Information,30-10-2023 17:20:36,Microsoft-Windows-Winlogon,7001,(1101),User Logon Notification for Customer Experience Improvement Program
Information,30-10-2023 17:20:35,Microsoft-Windows-FilterManager,6,None,"File System Filter 'bindflt' (10.0, ‎2032‎-‎10‎-‎20T06:52:30.000000000Z) has successfully loaded and registered with Filter Manager."
Information,30-10-2023 17:20:35,Microsoft-Windows-FilterManager,6,None,"File System Filter 'storqosflt' (10.0, ‎2039‎-‎04‎-‎22T07:06:38.000000000Z) has successfully loaded and registered with Filter Manager."
Information,30-10-2023 17:20:35,Microsoft-Windows-FilterManager,6,None,"File System Filter 'CldFlt' (10.0, ‎2095‎-‎09‎-‎03T12:58:17.000000000Z) has successfully loaded and registered with Filter Manager."
Information,30-10-2023 17:20:35,Microsoft-Windows-FilterManager,1,None,"File System Filter 'CldFlt' (Version 10.0, ‎2095‎-‎09‎-‎03T12:58:17.000000000Z) unloaded successfully."
Information,30-10-2023 17:20:35,Microsoft-Windows-FilterManager,6,None,"File System Filter 'CldFlt' (10.0, ‎2095‎-‎09‎-‎03T12:58:17.000000000Z) has successfully loaded and registered with Filter Manager."
Information,30-10-2023 17:20:35,Microsoft-Windows-FilterManager,6,None,"File System Filter 'luafv' (10.0, ‎2059‎-‎02‎-‎13T14:58:11.000000000Z) has successfully loaded and registered with Filter Manager."
Information,30-10-2023 17:20:35,Microsoft-Windows-FilterManager,6,None,"File System Filter 'wcifs' (10.0, ‎2089‎-‎07‎-‎06T23:12:00.000000000Z) has successfully loaded and registered with Filter Manager."
Information,30-10-2023 17:20:35,Microsoft-Windows-FilterManager,6,None,"File System Filter 'bfs' (10.0, ‎1989‎-‎12‎-‎07T16:11:03.000000000Z) has successfully loaded and registered with Filter Manager."
Information,30-10-2023 17:20:35,Microsoft-Windows-DHCPv6-Client,51046,Service State Event,DHCPv6 client service is started
Information,30-10-2023 17:20:35,Microsoft-Windows-Dhcp-Client,50036,Service State Event,DHCPv4 client service is started
Information,30-10-2023 17:20:35,Microsoft-Windows-Dhcp-Client,50103,Service State Event,DHCPv4 client registered for shutdown notification
Information,30-10-2023 17:20:35,Microsoft-Windows-Dhcp-Client,50036,Service State Event,DHCPv4 client service is started
Information,30-10-2023 17:20:35,Win32k,267,None,Touch/Touchpad Hardware Quality Assurance verification succeeded.
Information,30-10-2023 17:20:34,Win32k,267,None,Touch/Touchpad Hardware Quality Assurance verification succeeded.
Information,30-10-2023 17:20:34,Microsoft-Windows-Directory-Services-SAM,16983,None,"The security account manager is now logging periodic summary events for remote clients that call legacy password change or set RPC methods.

For more information please see https://go.microsoft.com/fwlink/?linkid=2150956.
"
Information,30-10-2023 17:20:34,Microsoft-Windows-Directory-Services-SAM,16977,None,"The domain is configured with the following minimum password length-related settings.

MinimumPasswordLength: 0

RelaxMinimumPasswordLengthLimits: 0

MinimumPasswordLengthAudit: -1

For more information see https://go.microsoft.com/fwlink/?LinkId=2097191.
"
Information,30-10-2023 17:20:34,Microsoft-Windows-Directory-Services-SAM,16962,None,"Remote calls to the SAM database are being restricted using the default security descriptor: O:SYG:SYD:(A;;RC;;;BA).
For more information please see http://go.microsoft.com/fwlink/?LinkId=787651."
Warning,30-10-2023 17:20:34,LsaSrv,6155,None,"LSA package is not signed as expected. This can cause unexpected behavior with Credential Guard.

PackageName: msv1_0"
Information,30-10-2023 17:20:34,Microsoft-Windows-IsolatedUserMode,5,None,Secure Trustlet NULL Id 0 and Pid 0 started with status STATUS_SUCCESS.
Warning,30-10-2023 17:20:34,LsaSrv,6155,None,"LSA package is not signed as expected. This can cause unexpected behavior with Credential Guard.

PackageName: sfapm"
Warning,30-10-2023 17:20:34,LsaSrv,6155,None,"LSA package is not signed as expected. This can cause unexpected behavior with Credential Guard.

PackageName: schannel"
Warning,30-10-2023 17:20:34,LsaSrv,6155,None,"LSA package is not signed as expected. This can cause unexpected behavior with Credential Guard.

PackageName: wdigest"
Warning,30-10-2023 17:20:34,LsaSrv,6155,None,"LSA package is not signed as expected. This can cause unexpected behavior with Credential Guard.

PackageName: cloudap"
Warning,30-10-2023 17:20:34,LsaSrv,6155,None,"LSA package is not signed as expected. This can cause unexpected behavior with Credential Guard.

PackageName: pku2u"
Warning,30-10-2023 17:20:34,LsaSrv,6155,None,"LSA package is not signed as expected. This can cause unexpected behavior with Credential Guard.

PackageName: tspkg"
Warning,30-10-2023 17:20:34,LsaSrv,6155,None,"LSA package is not signed as expected. This can cause unexpected behavior with Credential Guard.

PackageName: msv1_0"
Warning,30-10-2023 17:20:34,LsaSrv,6155,None,"LSA package is not signed as expected. This can cause unexpected behavior with Credential Guard.

PackageName: kerberos"
Warning,30-10-2023 17:20:34,LsaSrv,6155,None,"LSA package is not signed as expected. This can cause unexpected behavior with Credential Guard.

PackageName: negoexts"
Information,30-10-2023 17:20:34,LsaSrv,6156,None,"Virtualization Based Security for Credential Guard auto enablement status.

Hardware Requirements:	1
Domain Joined:	0
Azure AD Joined:	0"
Information,30-10-2023 17:20:34,Microsoft-Windows-Wininit,18,None,VBS Key Isolation was started and will protect VSM-isolated keys.
Information,30-10-2023 17:20:34,Microsoft-Windows-IsolatedUserMode,1,None,Secure Trustlet \??\C:\WINDOWS\system32\lsaiso.exe Id 1 and Pid 828 started with status STATUS_SUCCESS.
Information,30-10-2023 17:20:34,Microsoft-Windows-IsolatedUserMode,5,None,Secure Trustlet NULL Id 0 and Pid 0 started with status STATUS_SUCCESS.
Information,30-10-2023 17:20:34,Microsoft-Windows-Wininit,14,None,"Credential Guard configuration:

Registry Configuration: 0x2
Test Configuration: 0
Auto Enablement: 1"
Information,30-10-2023 17:20:33,Microsoft-Windows-Kernel-General,24,(11),The time zone information was refreshed with exit reason 0. Current time zone bias is -330.
Information,30-10-2023 17:20:32,BTHUSB,18,None,Windows cannot store Bluetooth authentication codes (link keys) on the local adapter. Bluetooth keyboards might not work in the system BIOS during startup.
Warning,30-10-2023 17:20:31,Microsoft-Windows-Kernel-PnP,219,(212),The driver \Driver\WUDFRd failed to load for the device {DD8E82AE-334B-49A2-AEAE-AEB0FD5C40DD}\DetectionVerification\5&fef3e62&0&0.
Information,30-10-2023 17:20:31,Microsoft-Windows-DriverFrameworks-UserMode,10118,Startup of the UMDF reflector,"UMDF reflector is unable to connect to service control manager (SCM). This is expected during boot, when SCM has not started yet. Will retry when it starts."
Information,30-10-2023 17:20:31,MEIx64,2,None,"The description for Event ID 2 from source MEIx64 cannot be found. Either the component that raises this event is not installed on your local computer or the installation is corrupted. You can install or repair the component on the local computer.

If the event originated on another computer, the display information had to be saved with the event.

The following information was included with the event: 


The message resource is present but the message was not found in the message table
"
Information,30-10-2023 17:20:30,Netwtw08,7017,None,7017 - secure boot (SB) configuration
Information,30-10-2023 17:20:30,Netwtw08,7010,None,7010 - driver enabled (miniport init)
Information,30-10-2023 17:20:30,Microsoft-Windows-Kernel-Power,521,(220),Active battery count change.
Information,30-10-2023 17:20:30,Microsoft-Windows-Kernel-Power,105,(100),Power source change.
Information,30-10-2023 17:20:30,Microsoft-Windows-Kernel-Power,521,(220),Active battery count change.
Information,30-10-2023 17:20:30,Microsoft-Windows-Kernel-Processor-Power,55,(47),"Processor 7 in group 0 exposes the following power management capabilities:

Idle state type: Micro Power Engine Plugin (11 state(s))

Performance state type: ACPI Collaborative Processor Performance Control
Nominal Frequency (MHz): 2304
Maximum performance percentage: 213
Minimum performance percentage: 60
Minimum throttle percentage: 4"
Information,30-10-2023 17:20:30,Microsoft-Windows-Kernel-Processor-Power,55,(47),"Processor 5 in group 0 exposes the following power management capabilities:

Idle state type: Micro Power Engine Plugin (11 state(s))

Performance state type: ACPI Collaborative Processor Performance Control
Nominal Frequency (MHz): 2304
Maximum performance percentage: 213
Minimum performance percentage: 60
Minimum throttle percentage: 4"
Information,30-10-2023 17:20:30,Microsoft-Windows-Kernel-Processor-Power,55,(47),"Processor 3 in group 0 exposes the following power management capabilities:

Idle state type: Micro Power Engine Plugin (11 state(s))

Performance state type: ACPI Collaborative Processor Performance Control
Nominal Frequency (MHz): 2304
Maximum performance percentage: 213
Minimum performance percentage: 56
Minimum throttle percentage: 4"
Information,30-10-2023 17:20:30,Microsoft-Windows-Kernel-Processor-Power,55,(47),"Processor 1 in group 0 exposes the following power management capabilities:

Idle state type: Micro Power Engine Plugin (11 state(s))

Performance state type: ACPI Collaborative Processor Performance Control
Nominal Frequency (MHz): 2304
Maximum performance percentage: 213
Minimum performance percentage: 52
Minimum throttle percentage: 4"
Information,30-10-2023 17:20:30,Microsoft-Windows-Kernel-Processor-Power,55,(47),"Processor 6 in group 0 exposes the following power management capabilities:

Idle state type: Micro Power Engine Plugin (11 state(s))

Performance state type: ACPI Collaborative Processor Performance Control
Nominal Frequency (MHz): 2304
Maximum performance percentage: 213
Minimum performance percentage: 52
Minimum throttle percentage: 4"
